[2.258s] Invoking command in '/home/mink/projects/learn_ws/src/build/sherlock': PYTHONPATH=/home/mink/projects/learn_ws/src/build/sherlock/prefix_override:/home/mink/projects/learn_ws/src/install/sherlock/lib/python3.10/site-packages:${PYTHONPATH} /usr/bin/python3 setup.py develop --editable --build-directory /home/mink/projects/learn_ws/src/build/sherlock/build --no-deps install_data
[2.961s] running develop
[2.963s] /usr/lib/python3/dist-packages/setuptools/command/easy_install.py:158: EasyInstallDeprecationWarning: easy_install command is deprecated. Use build and pip and other standards-based tools.
[2.965s]   warnings.warn(
[2.966s] /usr/lib/python3/dist-packages/setuptools/command/install.py:34: SetuptoolsDeprecationWarning: setup.py install is deprecated. Use build and pip and other standards-based tools.
[2.968s]   warnings.warn(
[3.320s] running egg_info
[3.321s] writing sherlock.egg-info/PKG-INFO
[3.321s] writing dependency_links to sherlock.egg-info/dependency_links.txt
[3.321s] writing entry points to sherlock.egg-info/entry_points.txt
[3.322s] writing requirements to sherlock.egg-info/requires.txt
[3.322s] writing top-level names to sherlock.egg-info/top_level.txt
[3.327s] reading manifest file 'sherlock.egg-info/SOURCES.txt'
[3.337s] writing manifest file 'sherlock.egg-info/SOURCES.txt'
[3.337s] running build_ext
[3.337s] Creating /home/mink/projects/learn_ws/src/install/sherlock/lib/python3.10/site-packages/sherlock.egg-link (link to .)
[3.338s] Installing sherlock1 script to /home/mink/projects/learn_ws/src/install/sherlock/lib/sherlock
[3.338s] 
[3.338s] Installed /home/mink/projects/learn_ws/src/build/sherlock
[3.338s] running install_data
[3.338s] copying launch/sherlock_andy_launch.py -> /home/mink/projects/learn_ws/src/install/sherlock/share/sherlock/launch
[3.408s] Invoked command in '/home/mink/projects/learn_ws/src/build/sherlock' returned '0': PYTHONPATH=/home/mink/projects/learn_ws/src/build/sherlock/prefix_override:/home/mink/projects/learn_ws/src/install/sherlock/lib/python3.10/site-packages:${PYTHONPATH} /usr/bin/python3 setup.py develop --editable --build-directory /home/mink/projects/learn_ws/src/build/sherlock/build --no-deps install_data
