[0.245s] Invoking command in '/home/mink/projects/learn_ws/build/sherlock': CMAKE_PREFIX_PATH=/opt/ros/humble /usr/bin/cmake /home/mink/projects/learn_ws/src/sherlock -DAMENT_CMAKE_SYMLINK_INSTALL=1 -DCMAKE_INSTALL_PREFIX=/home/mink/projects/learn_ws/install/sherlock
[1.484s] -- The C compiler identification is GNU 11.4.0
[2.159s] -- The CXX compiler identification is GNU 11.4.0
[2.176s] -- Detecting C compiler ABI info
[2.393s] -- Detecting C compiler ABI info - done
[2.407s] -- Check for working C compiler: /usr/bin/cc - skipped
[2.408s] -- Detecting C compile features
[2.429s] -- Detecting C compile features - done
[2.437s] -- Detecting CXX compiler ABI info
[2.641s] -- Detecting CXX compiler ABI info - done
[2.655s] -- Check for working CXX compiler: /usr/bin/c++ - skipped
[2.655s] -- Detecting CXX compile features
[2.656s] -- Detecting CXX compile features - done
[2.979s] -- Found ament_cmake: 1.3.6 (/opt/ros/humble/share/ament_cmake/cmake)
[3.393s] -- Found Python3: /usr/bin/python3.10 (found version "3.10.12") found components: Interpreter 
[3.635s] -- Override CMake install command with custom implementation using symlinks instead of copying resources
[3.861s] -- Found rclcpp: 16.0.7 (/opt/ros/humble/share/rclcpp/cmake)
[4.280s] -- Found rosidl_generator_c: 3.1.5 (/opt/ros/humble/share/rosidl_generator_c/cmake)
[4.326s] -- Found rosidl_adapter: 3.1.5 (/opt/ros/humble/share/rosidl_adapter/cmake)
[4.396s] -- Found rosidl_generator_cpp: 3.1.5 (/opt/ros/humble/share/rosidl_generator_cpp/cmake)
[4.663s] -- Using all available rosidl_typesupport_c: rosidl_typesupport_fastrtps_c;rosidl_typesupport_introspection_c
[4.742s] -- Using all available rosidl_typesupport_cpp: rosidl_typesupport_fastrtps_cpp;rosidl_typesupport_introspection_cpp
[5.147s] -- Found rmw_implementation_cmake: 6.1.1 (/opt/ros/humble/share/rmw_implementation_cmake/cmake)
[5.178s] -- Found rmw_fastrtps_cpp: 6.2.5 (/opt/ros/humble/share/rmw_fastrtps_cpp/cmake)
[5.836s] -- Found OpenSSL: /usr/lib/x86_64-linux-gnu/libcrypto.so (found version "3.0.2")  
[5.914s] -- Found FastRTPS: /opt/ros/humble/include  
[5.999s] -- Using RMW implementation 'rmw_fastrtps_cpp' as default
[6.110s] -- Looking for pthread.h
[6.426s] -- Looking for pthread.h - found
[6.428s] -- Performing Test CMAKE_HAVE_LIBC_PTHREAD
[6.562s] -- Performing Test CMAKE_HAVE_LIBC_PTHREAD - Success
[6.564s] -- Found Threads: TRUE  
[6.987s] -- Found ament_lint_auto: 0.12.9 (/opt/ros/humble/share/ament_lint_auto/cmake)
[7.271s] [31mCMake Error at /opt/ros/humble/share/ament_cmake_target_dependencies/cmake/ament_target_dependencies.cmake:42 (message):
[7.272s]   ament_target_dependencies() the first argument must be a valid target name
[7.273s] Call Stack (most recent call first):
[7.273s]   CMakeLists.txt:29 (ament_target_dependencies)
[7.273s] 
[7.274s] [0m
[7.274s] -- Configuring incomplete, errors occurred!
[7.275s] See also "/home/mink/projects/learn_ws/build/sherlock/CMakeFiles/CMakeOutput.log".
[7.295s] Invoked command in '/home/mink/projects/learn_ws/build/sherlock' returned '1': CMAKE_PREFIX_PATH=/opt/ros/humble /usr/bin/cmake /home/mink/projects/learn_ws/src/sherlock -DAMENT_CMAKE_SYMLINK_INSTALL=1 -DCMAKE_INSTALL_PREFIX=/home/mink/projects/learn_ws/install/sherlock
