[0.224s] Invoking command in '/home/mink/projects/learn_ws/build/sherlock': CMAKE_PREFIX_PATH=/opt/ros/humble /usr/bin/cmake --build /home/mink/projects/learn_ws/build/sherlock -- -j4 -l4
[0.314s] [35m[1mConsolidate compiler generated dependencies of target anderson[0m
[0.349s] [ 33%] Built target sherlock2
[0.375s] [ 50%] [32mBuilding CXX object CMakeFiles/anderson.dir/src/anderson.cpp.o[0m
[0.375s] [ 83%] Built target sherlock1
[15.248s] [100%] [32m[1mLinking CXX executable anderson[0m
[16.093s] [100%] Built target anderson
[16.114s] Invoked command in '/home/mink/projects/learn_ws/build/sherlock' returned '0': CMAKE_PREFIX_PATH=/opt/ros/humble /usr/bin/cmake --build /home/mink/projects/learn_ws/build/sherlock -- -j4 -l4
[16.188s] Invoking command in '/home/mink/projects/learn_ws/build/sherlock': CMAKE_PREFIX_PATH=/opt/ros/humble /usr/bin/cmake --install /home/mink/projects/learn_ws/build/sherlock
[16.201s] -- Install configuration: ""
[16.203s] -- Execute custom install script
[16.203s] -- Up-to-date symlink: /home/mink/projects/learn_ws/install/sherlock/lib/sherlock/sherlock1
[16.204s] -- Up-to-date symlink: /home/mink/projects/learn_ws/install/sherlock/lib/sherlock/sherlock2
[16.204s] -- Up-to-date symlink: /home/mink/projects/learn_ws/install/sherlock/lib/sherlock/anderson
[16.205s] -- Up-to-date symlink: /home/mink/projects/learn_ws/install/sherlock/share/ament_index/resource_index/package_run_dependencies/sherlock
[16.206s] -- Up-to-date symlink: /home/mink/projects/learn_ws/install/sherlock/share/ament_index/resource_index/parent_prefix_path/sherlock
[16.206s] -- Up-to-date symlink: /home/mink/projects/learn_ws/install/sherlock/share/sherlock/environment/ament_prefix_path.sh
[16.207s] -- Up-to-date symlink: /home/mink/projects/learn_ws/install/sherlock/share/sherlock/environment/ament_prefix_path.dsv
[16.207s] -- Up-to-date symlink: /home/mink/projects/learn_ws/install/sherlock/share/sherlock/environment/path.sh
[16.208s] -- Up-to-date symlink: /home/mink/projects/learn_ws/install/sherlock/share/sherlock/environment/path.dsv
[16.208s] -- Up-to-date symlink: /home/mink/projects/learn_ws/install/sherlock/share/sherlock/local_setup.bash
[16.209s] -- Up-to-date symlink: /home/mink/projects/learn_ws/install/sherlock/share/sherlock/local_setup.sh
[16.209s] -- Up-to-date symlink: /home/mink/projects/learn_ws/install/sherlock/share/sherlock/local_setup.zsh
[16.210s] -- Up-to-date symlink: /home/mink/projects/learn_ws/install/sherlock/share/sherlock/local_setup.dsv
[16.210s] -- Symlinking: /home/mink/projects/learn_ws/install/sherlock/share/sherlock/package.dsv
[16.226s] -- Up-to-date symlink: /home/mink/projects/learn_ws/install/sherlock/share/ament_index/resource_index/packages/sherlock
[16.227s] -- Up-to-date symlink: /home/mink/projects/learn_ws/install/sherlock/share/sherlock/cmake/sherlockConfig.cmake
[16.227s] -- Up-to-date symlink: /home/mink/projects/learn_ws/install/sherlock/share/sherlock/cmake/sherlockConfig-version.cmake
[16.228s] -- Up-to-date symlink: /home/mink/projects/learn_ws/install/sherlock/share/sherlock/package.xml
[16.232s] Invoked command in '/home/mink/projects/learn_ws/build/sherlock' returned '0': CMAKE_PREFIX_PATH=/opt/ros/humble /usr/bin/cmake --install /home/mink/projects/learn_ws/build/sherlock
