[1.747s] DEBUG:colcon:Command line arguments: ['/usr/bin/colcon', 'build', '--symlink-install']
[1.747s] DEBUG:colcon:Parsed command line arguments: Namespace(log_base=None, log_level=None, verb_name='build', build_base='build', install_base='install', merge_install=False, symlink_install=True, test_result_base=None, continue_on_error=False, executor='parallel', parallel_workers=4, event_handlers=None, ignore_user_meta=False, metas=['./colcon.meta'], base_paths=['.'], packages_ignore=None, packages_ignore_regex=None, paths=None, packages_up_to=None, packages_up_to_regex=None, packages_above=None, packages_above_and_dependencies=None, packages_above_depth=None, packages_select_by_dep=None, packages_skip_by_dep=None, packages_skip_up_to=None, packages_select_build_failed=False, packages_skip_build_finished=False, packages_select_test_failures=False, packages_skip_test_passed=False, packages_select=None, packages_skip=None, packages_select_regex=None, packages_skip_regex=None, packages_start=None, packages_end=None, allow_overriding=[], cmake_args=None, cmake_target=None, cmake_target_skip_unavailable=False, cmake_clean_cache=False, cmake_clean_first=False, cmake_force_configure=False, ament_cmake_args=None, catkin_cmake_args=None, catkin_skip_building_tests=False, verb_parser=<colcon_defaults.argument_parser.defaults.DefaultArgumentsDecorator object at 0x7f391452a230>, verb_extension=<colcon_core.verb.build.BuildVerb object at 0x7f39147ff610>, main=<bound method BuildVerb.main of <colcon_core.verb.build.BuildVerb object at 0x7f39147ff610>>)
[1.830s] Level 1:colcon.colcon_core.package_discovery:discover_packages(colcon_meta) check parameters
[1.830s] Level 1:colcon.colcon_core.package_discovery:discover_packages(recursive) check parameters
[1.830s] Level 1:colcon.colcon_core.package_discovery:discover_packages(ignore) check parameters
[1.831s] Level 1:colcon.colcon_core.package_discovery:discover_packages(path) check parameters
[1.831s] Level 1:colcon.colcon_core.package_discovery:discover_packages(colcon_meta) discover
[1.831s] Level 1:colcon.colcon_core.package_discovery:discover_packages(recursive) discover
[1.831s] INFO:colcon.colcon_core.package_discovery:Crawling recursively for packages in '/home/mink/projects/learn_ws'
[1.831s] Level 1:colcon.colcon_core.package_identification:_identify(.) by extensions ['ignore', 'ignore_ament_install']
[1.831s] Level 1:colcon.colcon_core.package_identification:_identify(.) by extension 'ignore'
[1.831s] Level 1:colcon.colcon_core.package_identification:_identify(.) by extension 'ignore_ament_install'
[1.831s] Level 1:colcon.colcon_core.package_identification:_identify(.) by extensions ['colcon_pkg']
[1.831s] Level 1:colcon.colcon_core.package_identification:_identify(.) by extension 'colcon_pkg'
[1.831s] Level 1:colcon.colcon_core.package_identification:_identify(.) by extensions ['colcon_meta']
[1.832s] Level 1:colcon.colcon_core.package_identification:_identify(.) by extension 'colcon_meta'
[1.832s] Level 1:colcon.colcon_core.package_identification:_identify(.) by extensions ['ros']
[1.832s] Level 1:colcon.colcon_core.package_identification:_identify(.) by extension 'ros'
[1.851s] Level 1:colcon.colcon_core.package_identification:_identify(.) by extensions ['cmake', 'python']
[1.852s] Level 1:colcon.colcon_core.package_identification:_identify(.) by extension 'cmake'
[1.852s] Level 1:colcon.colcon_core.package_identification:_identify(.) by extension 'python'
[1.852s] Level 1:colcon.colcon_core.package_identification:_identify(.) by extensions ['python_setup_py']
[1.852s] Level 1:colcon.colcon_core.package_identification:_identify(.) by extension 'python_setup_py'
[1.852s] Level 1:colcon.colcon_core.package_identification:_identify(build) by extensions ['ignore', 'ignore_ament_install']
[1.852s] Level 1:colcon.colcon_core.package_identification:_identify(build) by extension 'ignore'
[1.852s] Level 1:colcon.colcon_core.package_identification:_identify(build) ignored
[1.853s] Level 1:colcon.colcon_core.package_identification:_identify(install) by extensions ['ignore', 'ignore_ament_install']
[1.853s] Level 1:colcon.colcon_core.package_identification:_identify(install) by extension 'ignore'
[1.853s] Level 1:colcon.colcon_core.package_identification:_identify(install) ignored
[1.853s] Level 1:colcon.colcon_core.package_identification:_identify(log) by extensions ['ignore', 'ignore_ament_install']
[1.853s] Level 1:colcon.colcon_core.package_identification:_identify(log) by extension 'ignore'
[1.853s] Level 1:colcon.colcon_core.package_identification:_identify(log) ignored
[1.854s] Level 1:colcon.colcon_core.package_identification:_identify(src) by extensions ['ignore', 'ignore_ament_install']
[1.854s] Level 1:colcon.colcon_core.package_identification:_identify(src) by extension 'ignore'
[1.854s] Level 1:colcon.colcon_core.package_identification:_identify(src) by extension 'ignore_ament_install'
[1.854s] Level 1:colcon.colcon_core.package_identification:_identify(src) by extensions ['colcon_pkg']
[1.854s] Level 1:colcon.colcon_core.package_identification:_identify(src) by extension 'colcon_pkg'
[1.854s] Level 1:colcon.colcon_core.package_identification:_identify(src) by extensions ['colcon_meta']
[1.854s] Level 1:colcon.colcon_core.package_identification:_identify(src) by extension 'colcon_meta'
[1.854s] Level 1:colcon.colcon_core.package_identification:_identify(src) by extensions ['ros']
[1.854s] Level 1:colcon.colcon_core.package_identification:_identify(src) by extension 'ros'
[1.855s] Level 1:colcon.colcon_core.package_identification:_identify(src) by extensions ['cmake', 'python']
[1.855s] Level 1:colcon.colcon_core.package_identification:_identify(src) by extension 'cmake'
[1.855s] Level 1:colcon.colcon_core.package_identification:_identify(src) by extension 'python'
[1.855s] Level 1:colcon.colcon_core.package_identification:_identify(src) by extensions ['python_setup_py']
[1.855s] Level 1:colcon.colcon_core.package_identification:_identify(src) by extension 'python_setup_py'
[1.855s] Level 1:colcon.colcon_core.package_identification:_identify(src/build) by extensions ['ignore', 'ignore_ament_install']
[1.855s] Level 1:colcon.colcon_core.package_identification:_identify(src/build) by extension 'ignore'
[1.855s] Level 1:colcon.colcon_core.package_identification:_identify(src/build) ignored
[1.855s] Level 1:colcon.colcon_core.package_identification:_identify(src/install) by extensions ['ignore', 'ignore_ament_install']
[1.856s] Level 1:colcon.colcon_core.package_identification:_identify(src/install) by extension 'ignore'
[1.856s] Level 1:colcon.colcon_core.package_identification:_identify(src/install) ignored
[1.856s] Level 1:colcon.colcon_core.package_identification:_identify(src/log) by extensions ['ignore', 'ignore_ament_install']
[1.856s] Level 1:colcon.colcon_core.package_identification:_identify(src/log) by extension 'ignore'
[1.856s] Level 1:colcon.colcon_core.package_identification:_identify(src/log) ignored
[1.856s] Level 1:colcon.colcon_core.package_identification:_identify(src/sherlock) by extensions ['ignore', 'ignore_ament_install']
[1.857s] Level 1:colcon.colcon_core.package_identification:_identify(src/sherlock) by extension 'ignore'
[1.857s] Level 1:colcon.colcon_core.package_identification:_identify(src/sherlock) by extension 'ignore_ament_install'
[1.857s] Level 1:colcon.colcon_core.package_identification:_identify(src/sherlock) by extensions ['colcon_pkg']
[1.857s] Level 1:colcon.colcon_core.package_identification:_identify(src/sherlock) by extension 'colcon_pkg'
[1.857s] Level 1:colcon.colcon_core.package_identification:_identify(src/sherlock) by extensions ['colcon_meta']
[1.857s] Level 1:colcon.colcon_core.package_identification:_identify(src/sherlock) by extension 'colcon_meta'
[1.857s] Level 1:colcon.colcon_core.package_identification:_identify(src/sherlock) by extensions ['ros']
[1.857s] Level 1:colcon.colcon_core.package_identification:_identify(src/sherlock) by extension 'ros'
[1.861s] DEBUG:colcon.colcon_core.package_identification:Package 'src/sherlock' with type 'ros.ament_cmake' and name 'sherlock'
[1.862s] Level 1:colcon.colcon_core.package_identification:_identify(src/week0_tutorials) by extensions ['ignore', 'ignore_ament_install']
[1.862s] Level 1:colcon.colcon_core.package_identification:_identify(src/week0_tutorials) by extension 'ignore'
[1.862s] Level 1:colcon.colcon_core.package_identification:_identify(src/week0_tutorials) by extension 'ignore_ament_install'
[1.862s] Level 1:colcon.colcon_core.package_identification:_identify(src/week0_tutorials) by extensions ['colcon_pkg']
[1.862s] Level 1:colcon.colcon_core.package_identification:_identify(src/week0_tutorials) by extension 'colcon_pkg'
[1.862s] Level 1:colcon.colcon_core.package_identification:_identify(src/week0_tutorials) by extensions ['colcon_meta']
[1.862s] Level 1:colcon.colcon_core.package_identification:_identify(src/week0_tutorials) by extension 'colcon_meta'
[1.862s] Level 1:colcon.colcon_core.package_identification:_identify(src/week0_tutorials) by extensions ['ros']
[1.862s] Level 1:colcon.colcon_core.package_identification:_identify(src/week0_tutorials) by extension 'ros'
[1.863s] DEBUG:colcon.colcon_core.package_identification:Package 'src/week0_tutorials' with type 'ros.ament_python' and name 'week0_tutorials'
[1.863s] Level 1:colcon.colcon_core.package_discovery:discover_packages(recursive) using defaults
[1.864s] Level 1:colcon.colcon_core.package_discovery:discover_packages(ignore) discover
[1.864s] Level 1:colcon.colcon_core.package_discovery:discover_packages(ignore) using defaults
[1.864s] Level 1:colcon.colcon_core.package_discovery:discover_packages(path) discover
[1.864s] Level 1:colcon.colcon_core.package_discovery:discover_packages(path) using defaults
[2.022s] Level 1:colcon.colcon_core.package_discovery:discover_packages(prefix_path) check parameters
[2.022s] Level 1:colcon.colcon_core.package_discovery:discover_packages(prefix_path) discover
[2.076s] DEBUG:colcon.colcon_installed_package_information.package_discovery:Found 270 installed packages in /opt/ros/humble
[2.079s] Level 1:colcon.colcon_core.package_discovery:discover_packages(prefix_path) using defaults
[2.236s] Level 5:colcon.colcon_core.verb:set package 'sherlock' build argument 'cmake_args' from command line to 'None'
[2.236s] Level 5:colcon.colcon_core.verb:set package 'sherlock' build argument 'cmake_target' from command line to 'None'
[2.237s] Level 5:colcon.colcon_core.verb:set package 'sherlock' build argument 'cmake_target_skip_unavailable' from command line to 'False'
[2.237s] Level 5:colcon.colcon_core.verb:set package 'sherlock' build argument 'cmake_clean_cache' from command line to 'False'
[2.237s] Level 5:colcon.colcon_core.verb:set package 'sherlock' build argument 'cmake_clean_first' from command line to 'False'
[2.237s] Level 5:colcon.colcon_core.verb:set package 'sherlock' build argument 'cmake_force_configure' from command line to 'False'
[2.237s] Level 5:colcon.colcon_core.verb:set package 'sherlock' build argument 'ament_cmake_args' from command line to 'None'
[2.237s] Level 5:colcon.colcon_core.verb:set package 'sherlock' build argument 'catkin_cmake_args' from command line to 'None'
[2.237s] Level 5:colcon.colcon_core.verb:set package 'sherlock' build argument 'catkin_skip_building_tests' from command line to 'False'
[2.237s] DEBUG:colcon.colcon_core.verb:Building package 'sherlock' with the following arguments: {'ament_cmake_args': None, 'build_base': '/home/mink/projects/learn_ws/build/sherlock', 'catkin_cmake_args': None, 'catkin_skip_building_tests': False, 'cmake_args': None, 'cmake_clean_cache': False, 'cmake_clean_first': False, 'cmake_force_configure': False, 'cmake_target': None, 'cmake_target_skip_unavailable': False, 'install_base': '/home/mink/projects/learn_ws/install/sherlock', 'merge_install': False, 'path': '/home/mink/projects/learn_ws/src/sherlock', 'symlink_install': True, 'test_result_base': None}
[2.262s] Level 5:colcon.colcon_core.verb:set package 'week0_tutorials' build argument 'cmake_args' from command line to 'None'
[2.262s] Level 5:colcon.colcon_core.verb:set package 'week0_tutorials' build argument 'cmake_target' from command line to 'None'
[2.262s] Level 5:colcon.colcon_core.verb:set package 'week0_tutorials' build argument 'cmake_target_skip_unavailable' from command line to 'False'
[2.262s] Level 5:colcon.colcon_core.verb:set package 'week0_tutorials' build argument 'cmake_clean_cache' from command line to 'False'
[2.263s] Level 5:colcon.colcon_core.verb:set package 'week0_tutorials' build argument 'cmake_clean_first' from command line to 'False'
[2.263s] Level 5:colcon.colcon_core.verb:set package 'week0_tutorials' build argument 'cmake_force_configure' from command line to 'False'
[2.263s] Level 5:colcon.colcon_core.verb:set package 'week0_tutorials' build argument 'ament_cmake_args' from command line to 'None'
[2.263s] Level 5:colcon.colcon_core.verb:set package 'week0_tutorials' build argument 'catkin_cmake_args' from command line to 'None'
[2.263s] Level 5:colcon.colcon_core.verb:set package 'week0_tutorials' build argument 'catkin_skip_building_tests' from command line to 'False'
[2.263s] DEBUG:colcon.colcon_core.verb:Building package 'week0_tutorials' with the following arguments: {'ament_cmake_args': None, 'build_base': '/home/mink/projects/learn_ws/build/week0_tutorials', 'catkin_cmake_args': None, 'catkin_skip_building_tests': False, 'cmake_args': None, 'cmake_clean_cache': False, 'cmake_clean_first': False, 'cmake_force_configure': False, 'cmake_target': None, 'cmake_target_skip_unavailable': False, 'install_base': '/home/mink/projects/learn_ws/install/week0_tutorials', 'merge_install': False, 'path': '/home/mink/projects/learn_ws/src/week0_tutorials', 'symlink_install': True, 'test_result_base': None}
[2.288s] INFO:colcon.colcon_core.executor:Executing jobs using 'parallel' executor
[2.314s] DEBUG:colcon.colcon_parallel_executor.executor.parallel:run_until_complete
[2.315s] INFO:colcon.colcon_ros.task.ament_cmake.build:Building ROS package in '/home/mink/projects/learn_ws/src/sherlock' with build type 'ament_cmake'
[2.315s] INFO:colcon.colcon_cmake.task.cmake.build:Building CMake package in '/home/mink/projects/learn_ws/src/sherlock'
[2.358s] INFO:colcon.colcon_core.plugin_system:Skipping extension 'colcon_core.shell.bat': Not used on non-Windows systems
[2.358s] INFO:colcon.colcon_core.shell:Skip shell extension 'powershell' for command environment: Not usable outside of PowerShell
[2.359s] DEBUG:colcon.colcon_core.shell:Skip shell extension 'dsv' for command environment
[2.424s] INFO:colcon.colcon_ros.task.ament_python.build:Building ROS package in '/home/mink/projects/learn_ws/src/week0_tutorials' with build type 'ament_python'
[2.425s] Level 1:colcon.colcon_core.shell:create_environment_hook('week0_tutorials', 'ament_prefix_path')
[2.457s] INFO:colcon.colcon_core.shell:Creating environment hook '/home/mink/projects/learn_ws/install/week0_tutorials/share/week0_tutorials/hook/ament_prefix_path.ps1'
[2.459s] INFO:colcon.colcon_core.shell:Creating environment descriptor '/home/mink/projects/learn_ws/install/week0_tutorials/share/week0_tutorials/hook/ament_prefix_path.dsv'
[2.460s] INFO:colcon.colcon_core.shell:Creating environment hook '/home/mink/projects/learn_ws/install/week0_tutorials/share/week0_tutorials/hook/ament_prefix_path.sh'
[2.491s] INFO:colcon.colcon_core.shell:Skip shell extension 'powershell' for command environment: Not usable outside of PowerShell
[2.491s] DEBUG:colcon.colcon_core.shell:Skip shell extension 'dsv' for command environment
[2.557s] DEBUG:colcon.colcon_core.event_handler.log_command:Invoking command in '/home/mink/projects/learn_ws/build/sherlock': CMAKE_PREFIX_PATH=/opt/ros/humble /usr/bin/cmake /home/mink/projects/learn_ws/src/sherlock -DAMENT_CMAKE_SYMLINK_INSTALL=1 -DCMAKE_INSTALL_PREFIX=/home/mink/projects/learn_ws/install/sherlock
[3.033s] INFO:colcon.colcon_core.task.python.build:Building Python package in '/home/mink/projects/learn_ws/src/week0_tutorials'
[3.077s] INFO:colcon.colcon_core.shell:Skip shell extension 'powershell' for command environment: Not usable outside of PowerShell
[3.077s] DEBUG:colcon.colcon_core.shell:Skip shell extension 'dsv' for command environment
[3.762s] DEBUG:colcon.colcon_core.event_handler.log_command:Invoking command in '/home/mink/projects/learn_ws/build/week0_tutorials': PYTHONPATH=/home/mink/projects/learn_ws/build/week0_tutorials/prefix_override:/home/mink/projects/learn_ws/install/week0_tutorials/lib/python3.10/site-packages:${PYTHONPATH} /usr/bin/python3 setup.py develop --editable --build-directory /home/mink/projects/learn_ws/build/week0_tutorials/build --no-deps install_data
[4.073s] DEBUG:colcon.colcon_core.event_handler.log_command:Invoked command in '/home/mink/projects/learn_ws/build/sherlock' returned '0': CMAKE_PREFIX_PATH=/opt/ros/humble /usr/bin/cmake /home/mink/projects/learn_ws/src/sherlock -DAMENT_CMAKE_SYMLINK_INSTALL=1 -DCMAKE_INSTALL_PREFIX=/home/mink/projects/learn_ws/install/sherlock
[4.076s] DEBUG:colcon.colcon_core.event_handler.log_command:Invoking command in '/home/mink/projects/learn_ws/build/sherlock': CMAKE_PREFIX_PATH=/opt/ros/humble /usr/bin/cmake --build /home/mink/projects/learn_ws/build/sherlock -- -j4 -l4
[4.584s] Level 1:colcon.colcon_core.shell:create_environment_hook('week0_tutorials', 'pythonpath_develop')
[4.585s] DEBUG:colcon.colcon_core.event_handler.log_command:Invoked command in '/home/mink/projects/learn_ws/build/week0_tutorials' returned '0': PYTHONPATH=/home/mink/projects/learn_ws/build/week0_tutorials/prefix_override:/home/mink/projects/learn_ws/install/week0_tutorials/lib/python3.10/site-packages:${PYTHONPATH} /usr/bin/python3 setup.py develop --editable --build-directory /home/mink/projects/learn_ws/build/week0_tutorials/build --no-deps install_data
[4.610s] INFO:colcon.colcon_core.shell:Creating environment hook '/home/mink/projects/learn_ws/build/week0_tutorials/share/week0_tutorials/hook/pythonpath_develop.ps1'
[4.611s] INFO:colcon.colcon_core.shell:Creating environment descriptor '/home/mink/projects/learn_ws/build/week0_tutorials/share/week0_tutorials/hook/pythonpath_develop.dsv'
[4.611s] INFO:colcon.colcon_core.shell:Creating environment hook '/home/mink/projects/learn_ws/build/week0_tutorials/share/week0_tutorials/hook/pythonpath_develop.sh'
[4.642s] Level 1:colcon.colcon_core.environment:checking '/home/mink/projects/learn_ws/install/week0_tutorials' for CMake module files
[4.642s] Level 1:colcon.colcon_core.environment:checking '/home/mink/projects/learn_ws/install/week0_tutorials' for CMake config files
[4.644s] Level 1:colcon.colcon_core.environment:checking '/home/mink/projects/learn_ws/install/week0_tutorials/lib'
[4.644s] Level 1:colcon.colcon_core.environment:checking '/home/mink/projects/learn_ws/install/week0_tutorials/bin'
[4.644s] Level 1:colcon.colcon_core.environment:checking '/home/mink/projects/learn_ws/install/week0_tutorials/lib/pkgconfig/week0_tutorials.pc'
[4.645s] Level 1:colcon.colcon_core.environment:checking '/home/mink/projects/learn_ws/install/week0_tutorials/lib/python3.10/site-packages'
[4.645s] Level 1:colcon.colcon_core.shell:create_environment_hook('week0_tutorials', 'pythonpath')
[4.686s] INFO:colcon.colcon_core.shell:Creating environment hook '/home/mink/projects/learn_ws/install/week0_tutorials/share/week0_tutorials/hook/pythonpath.ps1'
[4.687s] INFO:colcon.colcon_core.shell:Creating environment descriptor '/home/mink/projects/learn_ws/install/week0_tutorials/share/week0_tutorials/hook/pythonpath.dsv'
[4.687s] INFO:colcon.colcon_core.shell:Creating environment hook '/home/mink/projects/learn_ws/install/week0_tutorials/share/week0_tutorials/hook/pythonpath.sh'
[4.688s] Level 1:colcon.colcon_core.environment:checking '/home/mink/projects/learn_ws/install/week0_tutorials/bin'
[4.688s] Level 1:colcon.colcon_core.environment:create_environment_scripts_only(week0_tutorials)
[4.716s] INFO:colcon.colcon_core.shell:Creating package script '/home/mink/projects/learn_ws/install/week0_tutorials/share/week0_tutorials/package.ps1'
[4.718s] INFO:colcon.colcon_core.shell:Creating package descriptor '/home/mink/projects/learn_ws/install/week0_tutorials/share/week0_tutorials/package.dsv'
[4.719s] INFO:colcon.colcon_core.shell:Creating package script '/home/mink/projects/learn_ws/install/week0_tutorials/share/week0_tutorials/package.sh'
[4.722s] INFO:colcon.colcon_core.shell:Creating package script '/home/mink/projects/learn_ws/install/week0_tutorials/share/week0_tutorials/package.bash'
[4.723s] INFO:colcon.colcon_core.shell:Creating package script '/home/mink/projects/learn_ws/install/week0_tutorials/share/week0_tutorials/package.zsh'
[4.725s] Level 1:colcon.colcon_core.environment:create_file_with_runtime_dependencies(/home/mink/projects/learn_ws/install/week0_tutorials/share/colcon-core/packages/week0_tutorials)
[14.576s] DEBUG:colcon.colcon_core.event_handler.log_command:Invoked command in '/home/mink/projects/learn_ws/build/sherlock' returned '0': CMAKE_PREFIX_PATH=/opt/ros/humble /usr/bin/cmake --build /home/mink/projects/learn_ws/build/sherlock -- -j4 -l4
[14.648s] DEBUG:colcon.colcon_core.event_handler.log_command:Invoking command in '/home/mink/projects/learn_ws/build/sherlock': CMAKE_PREFIX_PATH=/opt/ros/humble /usr/bin/cmake --install /home/mink/projects/learn_ws/build/sherlock
[14.917s] Level 1:colcon.colcon_core.environment:create_environment_scripts_only(sherlock)
[14.918s] DEBUG:colcon.colcon_core.event_handler.log_command:Invoked command in '/home/mink/projects/learn_ws/build/sherlock' returned '0': CMAKE_PREFIX_PATH=/opt/ros/humble /usr/bin/cmake --install /home/mink/projects/learn_ws/build/sherlock
[14.945s] Level 1:colcon.colcon_core.environment:checking '/home/mink/projects/learn_ws/install/sherlock' for CMake module files
[14.946s] Level 1:colcon.colcon_core.environment:checking '/home/mink/projects/learn_ws/install/sherlock' for CMake config files
[14.947s] Level 1:colcon.colcon_core.shell:create_environment_hook('sherlock', 'cmake_prefix_path')
[14.972s] INFO:colcon.colcon_core.shell:Creating environment hook '/home/mink/projects/learn_ws/install/sherlock/share/sherlock/hook/cmake_prefix_path.ps1'
[14.973s] INFO:colcon.colcon_core.shell:Creating environment descriptor '/home/mink/projects/learn_ws/install/sherlock/share/sherlock/hook/cmake_prefix_path.dsv'
[14.974s] INFO:colcon.colcon_core.shell:Creating environment hook '/home/mink/projects/learn_ws/install/sherlock/share/sherlock/hook/cmake_prefix_path.sh'
[14.976s] Level 1:colcon.colcon_core.environment:checking '/home/mink/projects/learn_ws/install/sherlock/lib'
[14.976s] Level 1:colcon.colcon_core.environment:checking '/home/mink/projects/learn_ws/install/sherlock/bin'
[14.976s] Level 1:colcon.colcon_core.environment:checking '/home/mink/projects/learn_ws/install/sherlock/lib/pkgconfig/sherlock.pc'
[14.976s] Level 1:colcon.colcon_core.environment:checking '/home/mink/projects/learn_ws/install/sherlock/lib/python3.10/site-packages'
[14.977s] Level 1:colcon.colcon_core.shell:create_environment_hook('sherlock', 'pythonpath')
[15.003s] INFO:colcon.colcon_core.shell:Creating environment hook '/home/mink/projects/learn_ws/install/sherlock/share/sherlock/hook/pythonpath.ps1'
[15.004s] INFO:colcon.colcon_core.shell:Creating environment descriptor '/home/mink/projects/learn_ws/install/sherlock/share/sherlock/hook/pythonpath.dsv'
[15.005s] INFO:colcon.colcon_core.shell:Creating environment hook '/home/mink/projects/learn_ws/install/sherlock/share/sherlock/hook/pythonpath.sh'
[15.006s] Level 1:colcon.colcon_core.environment:checking '/home/mink/projects/learn_ws/install/sherlock/bin'
[15.032s] INFO:colcon.colcon_core.shell:Creating package script '/home/mink/projects/learn_ws/install/sherlock/share/sherlock/package.ps1'
[15.033s] INFO:colcon.colcon_core.shell:Creating package descriptor '/home/mink/projects/learn_ws/install/sherlock/share/sherlock/package.dsv'
[15.034s] INFO:colcon.colcon_core.shell:Creating package script '/home/mink/projects/learn_ws/install/sherlock/share/sherlock/package.sh'
[15.035s] INFO:colcon.colcon_core.shell:Creating package script '/home/mink/projects/learn_ws/install/sherlock/share/sherlock/package.bash'
[15.036s] INFO:colcon.colcon_core.shell:Creating package script '/home/mink/projects/learn_ws/install/sherlock/share/sherlock/package.zsh'
[15.037s] Level 1:colcon.colcon_core.environment:create_file_with_runtime_dependencies(/home/mink/projects/learn_ws/install/sherlock/share/colcon-core/packages/sherlock)
[15.112s] Level 1:colcon.colcon_core.environment:create_environment_scripts_only(sherlock)
[15.139s] Level 1:colcon.colcon_core.environment:checking '/home/mink/projects/learn_ws/install/sherlock' for CMake module files
[15.140s] Level 1:colcon.colcon_core.environment:checking '/home/mink/projects/learn_ws/install/sherlock' for CMake config files
[15.140s] Level 1:colcon.colcon_core.shell:create_environment_hook('sherlock', 'cmake_prefix_path')
[15.165s] INFO:colcon.colcon_core.shell:Creating environment hook '/home/mink/projects/learn_ws/install/sherlock/share/sherlock/hook/cmake_prefix_path.ps1'
[15.166s] INFO:colcon.colcon_core.shell:Creating environment descriptor '/home/mink/projects/learn_ws/install/sherlock/share/sherlock/hook/cmake_prefix_path.dsv'
[15.167s] INFO:colcon.colcon_core.shell:Creating environment hook '/home/mink/projects/learn_ws/install/sherlock/share/sherlock/hook/cmake_prefix_path.sh'
[15.168s] Level 1:colcon.colcon_core.environment:checking '/home/mink/projects/learn_ws/install/sherlock/lib'
[15.168s] Level 1:colcon.colcon_core.environment:checking '/home/mink/projects/learn_ws/install/sherlock/bin'
[15.169s] Level 1:colcon.colcon_core.environment:checking '/home/mink/projects/learn_ws/install/sherlock/lib/pkgconfig/sherlock.pc'
[15.169s] Level 1:colcon.colcon_core.environment:checking '/home/mink/projects/learn_ws/install/sherlock/lib/python3.10/site-packages'
[15.169s] Level 1:colcon.colcon_core.shell:create_environment_hook('sherlock', 'pythonpath')
[15.196s] INFO:colcon.colcon_core.shell:Creating environment hook '/home/mink/projects/learn_ws/install/sherlock/share/sherlock/hook/pythonpath.ps1'
[15.196s] INFO:colcon.colcon_core.shell:Creating environment descriptor '/home/mink/projects/learn_ws/install/sherlock/share/sherlock/hook/pythonpath.dsv'
[15.197s] INFO:colcon.colcon_core.shell:Creating environment hook '/home/mink/projects/learn_ws/install/sherlock/share/sherlock/hook/pythonpath.sh'
[15.198s] Level 1:colcon.colcon_core.environment:checking '/home/mink/projects/learn_ws/install/sherlock/bin'
[15.226s] INFO:colcon.colcon_core.shell:Creating package script '/home/mink/projects/learn_ws/install/sherlock/share/sherlock/package.ps1'
[15.227s] INFO:colcon.colcon_core.shell:Creating package descriptor '/home/mink/projects/learn_ws/install/sherlock/share/sherlock/package.dsv'
[15.228s] INFO:colcon.colcon_core.shell:Creating package script '/home/mink/projects/learn_ws/install/sherlock/share/sherlock/package.sh'
[15.229s] INFO:colcon.colcon_core.shell:Creating package script '/home/mink/projects/learn_ws/install/sherlock/share/sherlock/package.bash'
[15.230s] INFO:colcon.colcon_core.shell:Creating package script '/home/mink/projects/learn_ws/install/sherlock/share/sherlock/package.zsh'
[15.230s] Level 1:colcon.colcon_core.environment:create_file_with_runtime_dependencies(/home/mink/projects/learn_ws/install/sherlock/share/colcon-core/packages/sherlock)
[15.231s] DEBUG:colcon.colcon_parallel_executor.executor.parallel:closing loop
[15.232s] DEBUG:colcon.colcon_parallel_executor.executor.parallel:loop closed
[15.232s] DEBUG:colcon.colcon_parallel_executor.executor.parallel:run_until_complete finished with '0'
[15.232s] DEBUG:colcon.colcon_core.event_reactor:joining thread
[15.270s] INFO:colcon.colcon_core.plugin_system:Skipping extension 'colcon_notification.desktop_notification.terminal_notifier': Not used on non-Darwin systems
[15.271s] INFO:colcon.colcon_core.plugin_system:Skipping extension 'colcon_notification.desktop_notification.win32': Not used on non-Windows systems
[15.271s] INFO:colcon.colcon_notification.desktop_notification:Sending desktop notification using 'notify2'
[15.291s] DEBUG:colcon.colcon_core.event_reactor:joined thread
[15.318s] INFO:colcon.colcon_core.shell:Creating prefix script '/home/mink/projects/learn_ws/install/local_setup.ps1'
[15.320s] INFO:colcon.colcon_core.shell:Creating prefix util module '/home/mink/projects/learn_ws/install/_local_setup_util_ps1.py'
[15.323s] INFO:colcon.colcon_core.shell:Creating prefix chain script '/home/mink/projects/learn_ws/install/setup.ps1'
[15.353s] INFO:colcon.colcon_core.shell:Creating prefix script '/home/mink/projects/learn_ws/install/local_setup.sh'
[15.354s] INFO:colcon.colcon_core.shell:Creating prefix util module '/home/mink/projects/learn_ws/install/_local_setup_util_sh.py'
[15.356s] INFO:colcon.colcon_core.shell:Creating prefix chain script '/home/mink/projects/learn_ws/install/setup.sh'
[15.385s] INFO:colcon.colcon_core.shell:Creating prefix script '/home/mink/projects/learn_ws/install/local_setup.bash'
[15.386s] INFO:colcon.colcon_core.shell:Creating prefix chain script '/home/mink/projects/learn_ws/install/setup.bash'
[15.416s] INFO:colcon.colcon_core.shell:Creating prefix script '/home/mink/projects/learn_ws/install/local_setup.zsh'
[15.417s] INFO:colcon.colcon_core.shell:Creating prefix chain script '/home/mink/projects/learn_ws/install/setup.zsh'
