[2.004s] Invoking command in '/home/mink/projects/learn_ws/src/build/sherlock': PYTHONPATH=/home/mink/projects/learn_ws/src/build/sherlock/prefix_override:/home/mink/projects/learn_ws/src/install/sherlock/lib/python3.10/site-packages:${PYTHONPATH} /usr/bin/python3 setup.py develop --editable --build-directory /home/mink/projects/learn_ws/src/build/sherlock/build --no-deps install_data
[2.486s] running develop
[2.487s] /usr/lib/python3/dist-packages/setuptools/command/easy_install.py:158: EasyInstallDeprecationWarning: easy_install command is deprecated. Use build and pip and other standards-based tools.
[2.487s]   warnings.warn(
[2.489s] /usr/lib/python3/dist-packages/setuptools/command/install.py:34: SetuptoolsDeprecationWarning: setup.py install is deprecated. Use build and pip and other standards-based tools.
[2.489s]   warnings.warn(
[2.791s] running egg_info
[2.791s] writing sherlock.egg-info/PKG-INFO
[2.792s] writing dependency_links to sherlock.egg-info/dependency_links.txt
[2.792s] writing entry points to sherlock.egg-info/entry_points.txt
[2.793s] writing requirements to sherlock.egg-info/requires.txt
[2.793s] writing top-level names to sherlock.egg-info/top_level.txt
[2.797s] reading manifest file 'sherlock.egg-info/SOURCES.txt'
[2.799s] writing manifest file 'sherlock.egg-info/SOURCES.txt'
[2.801s] running build_ext
[2.802s] Creating /home/mink/projects/learn_ws/src/install/sherlock/lib/python3.10/site-packages/sherlock.egg-link (link to .)
[2.803s] Installing sherlock1 script to /home/mink/projects/learn_ws/src/install/sherlock/lib/sherlock
[2.804s] 
[2.804s] Installed /home/mink/projects/learn_ws/src/build/sherlock
[2.805s] running install_data
[2.805s] creating /home/mink/projects/learn_ws/src/install/sherlock/share/sherlock/launch
[2.865s] Invoked command in '/home/mink/projects/learn_ws/src/build/sherlock' returned '0': PYTHONPATH=/home/mink/projects/learn_ws/src/build/sherlock/prefix_override:/home/mink/projects/learn_ws/src/install/sherlock/lib/python3.10/site-packages:${PYTHONPATH} /usr/bin/python3 setup.py develop --editable --build-directory /home/mink/projects/learn_ws/src/build/sherlock/build --no-deps install_data
