[10.095s] DEBUG:colcon:Command line arguments: ['/usr/bin/colcon', 'build', '--symlink-install']
[10.095s] DEBUG:colcon:Parsed command line arguments: Namespace(log_base=None, log_level=None, verb_name='build', build_base='build', install_base='install', merge_install=False, symlink_install=True, test_result_base=None, continue_on_error=False, executor='parallel', parallel_workers=4, event_handlers=None, ignore_user_meta=False, metas=['./colcon.meta'], base_paths=['.'], packages_ignore=None, packages_ignore_regex=None, paths=None, packages_up_to=None, packages_up_to_regex=None, packages_above=None, packages_above_and_dependencies=None, packages_above_depth=None, packages_select_by_dep=None, packages_skip_by_dep=None, packages_skip_up_to=None, packages_select_build_failed=False, packages_skip_build_finished=False, packages_select_test_failures=False, packages_skip_test_passed=False, packages_select=None, packages_skip=None, packages_select_regex=None, packages_skip_regex=None, packages_start=None, packages_end=None, allow_overriding=[], cmake_args=None, cmake_target=None, cmake_target_skip_unavailable=False, cmake_clean_cache=False, cmake_clean_first=False, cmake_force_configure=False, ament_cmake_args=None, catkin_cmake_args=None, catkin_skip_building_tests=False, verb_parser=<colcon_defaults.argument_parser.defaults.DefaultArgumentsDecorator object at 0x7f2618b6a260>, verb_extension=<colcon_core.verb.build.BuildVerb object at 0x7f2618e4b5e0>, main=<bound method BuildVerb.main of <colcon_core.verb.build.BuildVerb object at 0x7f2618e4b5e0>>)
[10.658s] Level 1:colcon.colcon_core.package_discovery:discover_packages(colcon_meta) check parameters
[10.658s] Level 1:colcon.colcon_core.package_discovery:discover_packages(recursive) check parameters
[10.658s] Level 1:colcon.colcon_core.package_discovery:discover_packages(ignore) check parameters
[10.658s] Level 1:colcon.colcon_core.package_discovery:discover_packages(path) check parameters
[10.658s] Level 1:colcon.colcon_core.package_discovery:discover_packages(colcon_meta) discover
[10.658s] Level 1:colcon.colcon_core.package_discovery:discover_packages(recursive) discover
[10.658s] INFO:colcon.colcon_core.package_discovery:Crawling recursively for packages in '/home/mink/projects/learn_ws'
[10.659s] Level 1:colcon.colcon_core.package_identification:_identify(.) by extensions ['ignore', 'ignore_ament_install']
[10.659s] Level 1:colcon.colcon_core.package_identification:_identify(.) by extension 'ignore'
[10.659s] Level 1:colcon.colcon_core.package_identification:_identify(.) by extension 'ignore_ament_install'
[10.659s] Level 1:colcon.colcon_core.package_identification:_identify(.) by extensions ['colcon_pkg']
[10.659s] Level 1:colcon.colcon_core.package_identification:_identify(.) by extension 'colcon_pkg'
[10.659s] Level 1:colcon.colcon_core.package_identification:_identify(.) by extensions ['colcon_meta']
[10.659s] Level 1:colcon.colcon_core.package_identification:_identify(.) by extension 'colcon_meta'
[10.659s] Level 1:colcon.colcon_core.package_identification:_identify(.) by extensions ['ros']
[10.659s] Level 1:colcon.colcon_core.package_identification:_identify(.) by extension 'ros'
[10.707s] Level 1:colcon.colcon_core.package_identification:_identify(.) by extensions ['cmake', 'python']
[10.707s] Level 1:colcon.colcon_core.package_identification:_identify(.) by extension 'cmake'
[10.707s] Level 1:colcon.colcon_core.package_identification:_identify(.) by extension 'python'
[10.707s] Level 1:colcon.colcon_core.package_identification:_identify(.) by extensions ['python_setup_py']
[10.707s] Level 1:colcon.colcon_core.package_identification:_identify(.) by extension 'python_setup_py'
[10.707s] Level 1:colcon.colcon_core.package_identification:_identify(build) by extensions ['ignore', 'ignore_ament_install']
[10.708s] Level 1:colcon.colcon_core.package_identification:_identify(build) by extension 'ignore'
[10.708s] Level 1:colcon.colcon_core.package_identification:_identify(build) ignored
[10.708s] Level 1:colcon.colcon_core.package_identification:_identify(install) by extensions ['ignore', 'ignore_ament_install']
[10.708s] Level 1:colcon.colcon_core.package_identification:_identify(install) by extension 'ignore'
[10.708s] Level 1:colcon.colcon_core.package_identification:_identify(install) ignored
[10.708s] Level 1:colcon.colcon_core.package_identification:_identify(log) by extensions ['ignore', 'ignore_ament_install']
[10.708s] Level 1:colcon.colcon_core.package_identification:_identify(log) by extension 'ignore'
[10.708s] Level 1:colcon.colcon_core.package_identification:_identify(log) ignored
[10.709s] Level 1:colcon.colcon_core.package_identification:_identify(src) by extensions ['ignore', 'ignore_ament_install']
[10.709s] Level 1:colcon.colcon_core.package_identification:_identify(src) by extension 'ignore'
[10.709s] Level 1:colcon.colcon_core.package_identification:_identify(src) by extension 'ignore_ament_install'
[10.709s] Level 1:colcon.colcon_core.package_identification:_identify(src) by extensions ['colcon_pkg']
[10.709s] Level 1:colcon.colcon_core.package_identification:_identify(src) by extension 'colcon_pkg'
[10.709s] Level 1:colcon.colcon_core.package_identification:_identify(src) by extensions ['colcon_meta']
[10.709s] Level 1:colcon.colcon_core.package_identification:_identify(src) by extension 'colcon_meta'
[10.709s] Level 1:colcon.colcon_core.package_identification:_identify(src) by extensions ['ros']
[10.709s] Level 1:colcon.colcon_core.package_identification:_identify(src) by extension 'ros'
[10.709s] Level 1:colcon.colcon_core.package_identification:_identify(src) by extensions ['cmake', 'python']
[10.709s] Level 1:colcon.colcon_core.package_identification:_identify(src) by extension 'cmake'
[10.710s] Level 1:colcon.colcon_core.package_identification:_identify(src) by extension 'python'
[10.710s] Level 1:colcon.colcon_core.package_identification:_identify(src) by extensions ['python_setup_py']
[10.710s] Level 1:colcon.colcon_core.package_identification:_identify(src) by extension 'python_setup_py'
[10.725s] Level 1:colcon.colcon_core.package_identification:_identify(src/build) by extensions ['ignore', 'ignore_ament_install']
[10.726s] Level 1:colcon.colcon_core.package_identification:_identify(src/build) by extension 'ignore'
[10.726s] Level 1:colcon.colcon_core.package_identification:_identify(src/build) ignored
[10.726s] Level 1:colcon.colcon_core.package_identification:_identify(src/install) by extensions ['ignore', 'ignore_ament_install']
[10.726s] Level 1:colcon.colcon_core.package_identification:_identify(src/install) by extension 'ignore'
[10.726s] Level 1:colcon.colcon_core.package_identification:_identify(src/install) ignored
[10.727s] Level 1:colcon.colcon_core.package_identification:_identify(src/log) by extensions ['ignore', 'ignore_ament_install']
[10.727s] Level 1:colcon.colcon_core.package_identification:_identify(src/log) by extension 'ignore'
[10.728s] Level 1:colcon.colcon_core.package_identification:_identify(src/log) ignored
[10.728s] Level 1:colcon.colcon_core.package_identification:_identify(src/sherlock) by extensions ['ignore', 'ignore_ament_install']
[10.728s] Level 1:colcon.colcon_core.package_identification:_identify(src/sherlock) by extension 'ignore'
[10.728s] Level 1:colcon.colcon_core.package_identification:_identify(src/sherlock) by extension 'ignore_ament_install'
[10.728s] Level 1:colcon.colcon_core.package_identification:_identify(src/sherlock) by extensions ['colcon_pkg']
[10.728s] Level 1:colcon.colcon_core.package_identification:_identify(src/sherlock) by extension 'colcon_pkg'
[10.728s] Level 1:colcon.colcon_core.package_identification:_identify(src/sherlock) by extensions ['colcon_meta']
[10.728s] Level 1:colcon.colcon_core.package_identification:_identify(src/sherlock) by extension 'colcon_meta'
[10.728s] Level 1:colcon.colcon_core.package_identification:_identify(src/sherlock) by extensions ['ros']
[10.729s] Level 1:colcon.colcon_core.package_identification:_identify(src/sherlock) by extension 'ros'
[10.778s] DEBUG:colcon.colcon_core.package_identification:Package 'src/sherlock' with type 'ros.ament_cmake' and name 'sherlock'
[10.802s] Level 1:colcon.colcon_core.package_identification:_identify(src/week0_tutorials) by extensions ['ignore', 'ignore_ament_install']
[10.803s] Level 1:colcon.colcon_core.package_identification:_identify(src/week0_tutorials) by extension 'ignore'
[10.803s] Level 1:colcon.colcon_core.package_identification:_identify(src/week0_tutorials) by extension 'ignore_ament_install'
[10.803s] Level 1:colcon.colcon_core.package_identification:_identify(src/week0_tutorials) by extensions ['colcon_pkg']
[10.803s] Level 1:colcon.colcon_core.package_identification:_identify(src/week0_tutorials) by extension 'colcon_pkg'
[10.804s] Level 1:colcon.colcon_core.package_identification:_identify(src/week0_tutorials) by extensions ['colcon_meta']
[10.804s] Level 1:colcon.colcon_core.package_identification:_identify(src/week0_tutorials) by extension 'colcon_meta'
[10.804s] Level 1:colcon.colcon_core.package_identification:_identify(src/week0_tutorials) by extensions ['ros']
[10.804s] Level 1:colcon.colcon_core.package_identification:_identify(src/week0_tutorials) by extension 'ros'
[10.813s] DEBUG:colcon.colcon_core.package_identification:Package 'src/week0_tutorials' with type 'ros.ament_python' and name 'week0_tutorials'
[10.813s] Level 1:colcon.colcon_core.package_discovery:discover_packages(recursive) using defaults
[10.814s] Level 1:colcon.colcon_core.package_discovery:discover_packages(ignore) discover
[10.814s] Level 1:colcon.colcon_core.package_discovery:discover_packages(ignore) using defaults
[10.814s] Level 1:colcon.colcon_core.package_discovery:discover_packages(path) discover
[10.814s] Level 1:colcon.colcon_core.package_discovery:discover_packages(path) using defaults
[11.189s] Level 1:colcon.colcon_core.package_discovery:discover_packages(prefix_path) check parameters
[11.189s] Level 1:colcon.colcon_core.package_discovery:discover_packages(prefix_path) discover
[11.244s] DEBUG:colcon.colcon_installed_package_information.package_discovery:Found 270 installed packages in /opt/ros/humble
[11.246s] Level 1:colcon.colcon_core.package_discovery:discover_packages(prefix_path) using defaults
[11.405s] Level 5:colcon.colcon_core.verb:set package 'sherlock' build argument 'cmake_args' from command line to 'None'
[11.405s] Level 5:colcon.colcon_core.verb:set package 'sherlock' build argument 'cmake_target' from command line to 'None'
[11.405s] Level 5:colcon.colcon_core.verb:set package 'sherlock' build argument 'cmake_target_skip_unavailable' from command line to 'False'
[11.405s] Level 5:colcon.colcon_core.verb:set package 'sherlock' build argument 'cmake_clean_cache' from command line to 'False'
[11.405s] Level 5:colcon.colcon_core.verb:set package 'sherlock' build argument 'cmake_clean_first' from command line to 'False'
[11.405s] Level 5:colcon.colcon_core.verb:set package 'sherlock' build argument 'cmake_force_configure' from command line to 'False'
[11.405s] Level 5:colcon.colcon_core.verb:set package 'sherlock' build argument 'ament_cmake_args' from command line to 'None'
[11.405s] Level 5:colcon.colcon_core.verb:set package 'sherlock' build argument 'catkin_cmake_args' from command line to 'None'
[11.405s] Level 5:colcon.colcon_core.verb:set package 'sherlock' build argument 'catkin_skip_building_tests' from command line to 'False'
[11.405s] DEBUG:colcon.colcon_core.verb:Building package 'sherlock' with the following arguments: {'ament_cmake_args': None, 'build_base': '/home/mink/projects/learn_ws/build/sherlock', 'catkin_cmake_args': None, 'catkin_skip_building_tests': False, 'cmake_args': None, 'cmake_clean_cache': False, 'cmake_clean_first': False, 'cmake_force_configure': False, 'cmake_target': None, 'cmake_target_skip_unavailable': False, 'install_base': '/home/mink/projects/learn_ws/install/sherlock', 'merge_install': False, 'path': '/home/mink/projects/learn_ws/src/sherlock', 'symlink_install': True, 'test_result_base': None}
[11.431s] Level 5:colcon.colcon_core.verb:set package 'week0_tutorials' build argument 'cmake_args' from command line to 'None'
[11.431s] Level 5:colcon.colcon_core.verb:set package 'week0_tutorials' build argument 'cmake_target' from command line to 'None'
[11.431s] Level 5:colcon.colcon_core.verb:set package 'week0_tutorials' build argument 'cmake_target_skip_unavailable' from command line to 'False'
[11.431s] Level 5:colcon.colcon_core.verb:set package 'week0_tutorials' build argument 'cmake_clean_cache' from command line to 'False'
[11.431s] Level 5:colcon.colcon_core.verb:set package 'week0_tutorials' build argument 'cmake_clean_first' from command line to 'False'
[11.431s] Level 5:colcon.colcon_core.verb:set package 'week0_tutorials' build argument 'cmake_force_configure' from command line to 'False'
[11.431s] Level 5:colcon.colcon_core.verb:set package 'week0_tutorials' build argument 'ament_cmake_args' from command line to 'None'
[11.431s] Level 5:colcon.colcon_core.verb:set package 'week0_tutorials' build argument 'catkin_cmake_args' from command line to 'None'
[11.431s] Level 5:colcon.colcon_core.verb:set package 'week0_tutorials' build argument 'catkin_skip_building_tests' from command line to 'False'
[11.431s] DEBUG:colcon.colcon_core.verb:Building package 'week0_tutorials' with the following arguments: {'ament_cmake_args': None, 'build_base': '/home/mink/projects/learn_ws/build/week0_tutorials', 'catkin_cmake_args': None, 'catkin_skip_building_tests': False, 'cmake_args': None, 'cmake_clean_cache': False, 'cmake_clean_first': False, 'cmake_force_configure': False, 'cmake_target': None, 'cmake_target_skip_unavailable': False, 'install_base': '/home/mink/projects/learn_ws/install/week0_tutorials', 'merge_install': False, 'path': '/home/mink/projects/learn_ws/src/week0_tutorials', 'symlink_install': True, 'test_result_base': None}
[11.457s] INFO:colcon.colcon_core.executor:Executing jobs using 'parallel' executor
[11.484s] DEBUG:colcon.colcon_parallel_executor.executor.parallel:run_until_complete
[11.484s] INFO:colcon.colcon_ros.task.ament_cmake.build:Building ROS package in '/home/mink/projects/learn_ws/src/sherlock' with build type 'ament_cmake'
[11.484s] INFO:colcon.colcon_cmake.task.cmake.build:Building CMake package in '/home/mink/projects/learn_ws/src/sherlock'
[11.589s] INFO:colcon.colcon_core.plugin_system:Skipping extension 'colcon_core.shell.bat': Not used on non-Windows systems
[11.589s] INFO:colcon.colcon_core.shell:Skip shell extension 'powershell' for command environment: Not usable outside of PowerShell
[11.590s] DEBUG:colcon.colcon_core.shell:Skip shell extension 'dsv' for command environment
[11.660s] INFO:colcon.colcon_ros.task.ament_python.build:Building ROS package in '/home/mink/projects/learn_ws/src/week0_tutorials' with build type 'ament_python'
[11.660s] Level 1:colcon.colcon_core.shell:create_environment_hook('week0_tutorials', 'ament_prefix_path')
[11.691s] INFO:colcon.colcon_core.shell:Creating environment hook '/home/mink/projects/learn_ws/install/week0_tutorials/share/week0_tutorials/hook/ament_prefix_path.ps1'
[11.692s] INFO:colcon.colcon_core.shell:Creating environment descriptor '/home/mink/projects/learn_ws/install/week0_tutorials/share/week0_tutorials/hook/ament_prefix_path.dsv'
[11.693s] INFO:colcon.colcon_core.shell:Creating environment hook '/home/mink/projects/learn_ws/install/week0_tutorials/share/week0_tutorials/hook/ament_prefix_path.sh'
[11.721s] INFO:colcon.colcon_core.shell:Skip shell extension 'powershell' for command environment: Not usable outside of PowerShell
[11.721s] DEBUG:colcon.colcon_core.shell:Skip shell extension 'dsv' for command environment
[11.832s] DEBUG:colcon.colcon_core.event_handler.log_command:Invoking command in '/home/mink/projects/learn_ws/build/sherlock': CMAKE_PREFIX_PATH=/opt/ros/humble /usr/bin/cmake --build /home/mink/projects/learn_ws/build/sherlock -- -j4 -l4
[12.521s] INFO:colcon.colcon_core.task.python.build:Building Python package in '/home/mink/projects/learn_ws/src/week0_tutorials'
[12.549s] INFO:colcon.colcon_core.shell:Skip shell extension 'powershell' for command environment: Not usable outside of PowerShell
[12.549s] DEBUG:colcon.colcon_core.shell:Skip shell extension 'dsv' for command environment
[13.392s] DEBUG:colcon.colcon_core.event_handler.log_command:Invoked command in '/home/mink/projects/learn_ws/build/sherlock' returned '0': CMAKE_PREFIX_PATH=/opt/ros/humble /usr/bin/cmake --build /home/mink/projects/learn_ws/build/sherlock -- -j4 -l4
[13.467s] DEBUG:colcon.colcon_core.event_handler.log_command:Invoking command in '/home/mink/projects/learn_ws/build/sherlock': CMAKE_PREFIX_PATH=/opt/ros/humble /usr/bin/cmake --install /home/mink/projects/learn_ws/build/sherlock
[13.550s] Level 1:colcon.colcon_core.environment:create_environment_scripts_only(sherlock)
[13.552s] DEBUG:colcon.colcon_core.event_handler.log_command:Invoked command in '/home/mink/projects/learn_ws/build/sherlock' returned '0': CMAKE_PREFIX_PATH=/opt/ros/humble /usr/bin/cmake --install /home/mink/projects/learn_ws/build/sherlock
[13.610s] Level 1:colcon.colcon_core.environment:checking '/home/mink/projects/learn_ws/install/sherlock' for CMake module files
[13.611s] Level 1:colcon.colcon_core.environment:checking '/home/mink/projects/learn_ws/install/sherlock' for CMake config files
[13.611s] Level 1:colcon.colcon_core.shell:create_environment_hook('sherlock', 'cmake_prefix_path')
[13.653s] INFO:colcon.colcon_core.shell:Creating environment hook '/home/mink/projects/learn_ws/install/sherlock/share/sherlock/hook/cmake_prefix_path.ps1'
[13.654s] INFO:colcon.colcon_core.shell:Creating environment descriptor '/home/mink/projects/learn_ws/install/sherlock/share/sherlock/hook/cmake_prefix_path.dsv'
[13.655s] INFO:colcon.colcon_core.shell:Creating environment hook '/home/mink/projects/learn_ws/install/sherlock/share/sherlock/hook/cmake_prefix_path.sh'
[13.656s] Level 1:colcon.colcon_core.environment:checking '/home/mink/projects/learn_ws/install/sherlock/lib'
[13.656s] Level 1:colcon.colcon_core.environment:checking '/home/mink/projects/learn_ws/install/sherlock/bin'
[13.656s] Level 1:colcon.colcon_core.environment:checking '/home/mink/projects/learn_ws/install/sherlock/lib/pkgconfig/sherlock.pc'
[13.657s] Level 1:colcon.colcon_core.environment:checking '/home/mink/projects/learn_ws/install/sherlock/lib/python3.10/site-packages'
[13.662s] Level 1:colcon.colcon_core.shell:create_environment_hook('sherlock', 'pythonpath')
[13.688s] INFO:colcon.colcon_core.shell:Creating environment hook '/home/mink/projects/learn_ws/install/sherlock/share/sherlock/hook/pythonpath.ps1'
[13.689s] INFO:colcon.colcon_core.shell:Creating environment descriptor '/home/mink/projects/learn_ws/install/sherlock/share/sherlock/hook/pythonpath.dsv'
[13.689s] INFO:colcon.colcon_core.shell:Creating environment hook '/home/mink/projects/learn_ws/install/sherlock/share/sherlock/hook/pythonpath.sh'
[13.690s] Level 1:colcon.colcon_core.environment:checking '/home/mink/projects/learn_ws/install/sherlock/bin'
[13.716s] INFO:colcon.colcon_core.shell:Creating package script '/home/mink/projects/learn_ws/install/sherlock/share/sherlock/package.ps1'
[13.720s] INFO:colcon.colcon_core.shell:Creating package descriptor '/home/mink/projects/learn_ws/install/sherlock/share/sherlock/package.dsv'
[13.721s] INFO:colcon.colcon_core.shell:Creating package script '/home/mink/projects/learn_ws/install/sherlock/share/sherlock/package.sh'
[13.723s] INFO:colcon.colcon_core.shell:Creating package script '/home/mink/projects/learn_ws/install/sherlock/share/sherlock/package.bash'
[13.736s] INFO:colcon.colcon_core.shell:Creating package script '/home/mink/projects/learn_ws/install/sherlock/share/sherlock/package.zsh'
[13.774s] Level 1:colcon.colcon_core.environment:create_file_with_runtime_dependencies(/home/mink/projects/learn_ws/install/sherlock/share/colcon-core/packages/sherlock)
[13.788s] DEBUG:colcon.colcon_core.event_handler.log_command:Invoking command in '/home/mink/projects/learn_ws/build/week0_tutorials': PYTHONPATH=/home/mink/projects/learn_ws/build/week0_tutorials/prefix_override:/home/mink/projects/learn_ws/install/week0_tutorials/lib/python3.10/site-packages:${PYTHONPATH} /usr/bin/python3 setup.py develop --editable --build-directory /home/mink/projects/learn_ws/build/week0_tutorials/build --no-deps install_data
[13.883s] Level 1:colcon.colcon_core.environment:create_environment_scripts_only(sherlock)
[13.914s] Level 1:colcon.colcon_core.environment:checking '/home/mink/projects/learn_ws/install/sherlock' for CMake module files
[13.915s] Level 1:colcon.colcon_core.environment:checking '/home/mink/projects/learn_ws/install/sherlock' for CMake config files
[13.915s] Level 1:colcon.colcon_core.shell:create_environment_hook('sherlock', 'cmake_prefix_path')
[13.944s] INFO:colcon.colcon_core.shell:Creating environment hook '/home/mink/projects/learn_ws/install/sherlock/share/sherlock/hook/cmake_prefix_path.ps1'
[13.944s] INFO:colcon.colcon_core.shell:Creating environment descriptor '/home/mink/projects/learn_ws/install/sherlock/share/sherlock/hook/cmake_prefix_path.dsv'
[13.945s] INFO:colcon.colcon_core.shell:Creating environment hook '/home/mink/projects/learn_ws/install/sherlock/share/sherlock/hook/cmake_prefix_path.sh'
[13.946s] Level 1:colcon.colcon_core.environment:checking '/home/mink/projects/learn_ws/install/sherlock/lib'
[13.946s] Level 1:colcon.colcon_core.environment:checking '/home/mink/projects/learn_ws/install/sherlock/bin'
[13.946s] Level 1:colcon.colcon_core.environment:checking '/home/mink/projects/learn_ws/install/sherlock/lib/pkgconfig/sherlock.pc'
[13.947s] Level 1:colcon.colcon_core.environment:checking '/home/mink/projects/learn_ws/install/sherlock/lib/python3.10/site-packages'
[13.947s] Level 1:colcon.colcon_core.shell:create_environment_hook('sherlock', 'pythonpath')
[13.973s] INFO:colcon.colcon_core.shell:Creating environment hook '/home/mink/projects/learn_ws/install/sherlock/share/sherlock/hook/pythonpath.ps1'
[13.974s] INFO:colcon.colcon_core.shell:Creating environment descriptor '/home/mink/projects/learn_ws/install/sherlock/share/sherlock/hook/pythonpath.dsv'
[13.975s] INFO:colcon.colcon_core.shell:Creating environment hook '/home/mink/projects/learn_ws/install/sherlock/share/sherlock/hook/pythonpath.sh'
[13.976s] Level 1:colcon.colcon_core.environment:checking '/home/mink/projects/learn_ws/install/sherlock/bin'
[14.009s] INFO:colcon.colcon_core.shell:Creating package script '/home/mink/projects/learn_ws/install/sherlock/share/sherlock/package.ps1'
[14.011s] INFO:colcon.colcon_core.shell:Creating package descriptor '/home/mink/projects/learn_ws/install/sherlock/share/sherlock/package.dsv'
[14.012s] INFO:colcon.colcon_core.shell:Creating package script '/home/mink/projects/learn_ws/install/sherlock/share/sherlock/package.sh'
[14.014s] INFO:colcon.colcon_core.shell:Creating package script '/home/mink/projects/learn_ws/install/sherlock/share/sherlock/package.bash'
[14.015s] INFO:colcon.colcon_core.shell:Creating package script '/home/mink/projects/learn_ws/install/sherlock/share/sherlock/package.zsh'
[14.016s] Level 1:colcon.colcon_core.environment:create_file_with_runtime_dependencies(/home/mink/projects/learn_ws/install/sherlock/share/colcon-core/packages/sherlock)
[14.661s] Level 1:colcon.colcon_core.shell:create_environment_hook('week0_tutorials', 'pythonpath_develop')
[14.662s] DEBUG:colcon.colcon_core.event_handler.log_command:Invoked command in '/home/mink/projects/learn_ws/build/week0_tutorials' returned '0': PYTHONPATH=/home/mink/projects/learn_ws/build/week0_tutorials/prefix_override:/home/mink/projects/learn_ws/install/week0_tutorials/lib/python3.10/site-packages:${PYTHONPATH} /usr/bin/python3 setup.py develop --editable --build-directory /home/mink/projects/learn_ws/build/week0_tutorials/build --no-deps install_data
[14.687s] INFO:colcon.colcon_core.shell:Creating environment hook '/home/mink/projects/learn_ws/build/week0_tutorials/share/week0_tutorials/hook/pythonpath_develop.ps1'
[14.688s] INFO:colcon.colcon_core.shell:Creating environment descriptor '/home/mink/projects/learn_ws/build/week0_tutorials/share/week0_tutorials/hook/pythonpath_develop.dsv'
[14.688s] INFO:colcon.colcon_core.shell:Creating environment hook '/home/mink/projects/learn_ws/build/week0_tutorials/share/week0_tutorials/hook/pythonpath_develop.sh'
[14.715s] Level 1:colcon.colcon_core.environment:checking '/home/mink/projects/learn_ws/install/week0_tutorials' for CMake module files
[14.715s] Level 1:colcon.colcon_core.environment:checking '/home/mink/projects/learn_ws/install/week0_tutorials' for CMake config files
[14.717s] Level 1:colcon.colcon_core.environment:checking '/home/mink/projects/learn_ws/install/week0_tutorials/lib'
[14.717s] Level 1:colcon.colcon_core.environment:checking '/home/mink/projects/learn_ws/install/week0_tutorials/bin'
[14.717s] Level 1:colcon.colcon_core.environment:checking '/home/mink/projects/learn_ws/install/week0_tutorials/lib/pkgconfig/week0_tutorials.pc'
[14.718s] Level 1:colcon.colcon_core.environment:checking '/home/mink/projects/learn_ws/install/week0_tutorials/lib/python3.10/site-packages'
[14.718s] Level 1:colcon.colcon_core.shell:create_environment_hook('week0_tutorials', 'pythonpath')
[14.745s] INFO:colcon.colcon_core.shell:Creating environment hook '/home/mink/projects/learn_ws/install/week0_tutorials/share/week0_tutorials/hook/pythonpath.ps1'
[14.746s] INFO:colcon.colcon_core.shell:Creating environment descriptor '/home/mink/projects/learn_ws/install/week0_tutorials/share/week0_tutorials/hook/pythonpath.dsv'
[14.747s] INFO:colcon.colcon_core.shell:Creating environment hook '/home/mink/projects/learn_ws/install/week0_tutorials/share/week0_tutorials/hook/pythonpath.sh'
[14.748s] Level 1:colcon.colcon_core.environment:checking '/home/mink/projects/learn_ws/install/week0_tutorials/bin'
[14.748s] Level 1:colcon.colcon_core.environment:create_environment_scripts_only(week0_tutorials)
[14.773s] INFO:colcon.colcon_core.shell:Creating package script '/home/mink/projects/learn_ws/install/week0_tutorials/share/week0_tutorials/package.ps1'
[14.774s] INFO:colcon.colcon_core.shell:Creating package descriptor '/home/mink/projects/learn_ws/install/week0_tutorials/share/week0_tutorials/package.dsv'
[14.775s] INFO:colcon.colcon_core.shell:Creating package script '/home/mink/projects/learn_ws/install/week0_tutorials/share/week0_tutorials/package.sh'
[14.776s] INFO:colcon.colcon_core.shell:Creating package script '/home/mink/projects/learn_ws/install/week0_tutorials/share/week0_tutorials/package.bash'
[14.776s] INFO:colcon.colcon_core.shell:Creating package script '/home/mink/projects/learn_ws/install/week0_tutorials/share/week0_tutorials/package.zsh'
[14.777s] Level 1:colcon.colcon_core.environment:create_file_with_runtime_dependencies(/home/mink/projects/learn_ws/install/week0_tutorials/share/colcon-core/packages/week0_tutorials)
[14.777s] DEBUG:colcon.colcon_parallel_executor.executor.parallel:closing loop
[14.778s] DEBUG:colcon.colcon_parallel_executor.executor.parallel:loop closed
[14.778s] DEBUG:colcon.colcon_parallel_executor.executor.parallel:run_until_complete finished with '0'
[14.778s] DEBUG:colcon.colcon_core.event_reactor:joining thread
[14.868s] INFO:colcon.colcon_core.plugin_system:Skipping extension 'colcon_notification.desktop_notification.terminal_notifier': Not used on non-Darwin systems
[14.869s] INFO:colcon.colcon_core.plugin_system:Skipping extension 'colcon_notification.desktop_notification.win32': Not used on non-Windows systems
[14.869s] INFO:colcon.colcon_notification.desktop_notification:Sending desktop notification using 'notify2'
[14.907s] DEBUG:colcon.colcon_core.event_reactor:joined thread
[14.937s] INFO:colcon.colcon_core.shell:Creating prefix script '/home/mink/projects/learn_ws/install/local_setup.ps1'
[14.944s] INFO:colcon.colcon_core.shell:Creating prefix util module '/home/mink/projects/learn_ws/install/_local_setup_util_ps1.py'
[14.947s] INFO:colcon.colcon_core.shell:Creating prefix chain script '/home/mink/projects/learn_ws/install/setup.ps1'
[14.976s] INFO:colcon.colcon_core.shell:Creating prefix script '/home/mink/projects/learn_ws/install/local_setup.sh'
[14.977s] INFO:colcon.colcon_core.shell:Creating prefix util module '/home/mink/projects/learn_ws/install/_local_setup_util_sh.py'
[14.978s] INFO:colcon.colcon_core.shell:Creating prefix chain script '/home/mink/projects/learn_ws/install/setup.sh'
[15.006s] INFO:colcon.colcon_core.shell:Creating prefix script '/home/mink/projects/learn_ws/install/local_setup.bash'
[15.007s] INFO:colcon.colcon_core.shell:Creating prefix chain script '/home/mink/projects/learn_ws/install/setup.bash'
[15.035s] INFO:colcon.colcon_core.shell:Creating prefix script '/home/mink/projects/learn_ws/install/local_setup.zsh'
[15.036s] INFO:colcon.colcon_core.shell:Creating prefix chain script '/home/mink/projects/learn_ws/install/setup.zsh'
