[2.050s] Invoking command in '/home/mink/projects/learn_ws/src/build/sherlock': PYTHONPATH=/home/mink/projects/learn_ws/src/build/sherlock/prefix_override:/home/mink/projects/learn_ws/src/install/sherlock/lib/python3.10/site-packages:${PYTHONPATH} /usr/bin/python3 setup.py develop --editable --build-directory /home/mink/projects/learn_ws/src/build/sherlock/build --no-deps install_data
[2.522s] running develop
[2.523s] /usr/lib/python3/dist-packages/setuptools/command/easy_install.py:158: EasyInstallDeprecationWarning: easy_install command is deprecated. Use build and pip and other standards-based tools.
[2.523s]   warnings.warn(
[2.526s] /usr/lib/python3/dist-packages/setuptools/command/install.py:34: SetuptoolsDeprecationWarning: setup.py install is deprecated. Use build and pip and other standards-based tools.
[2.526s]   warnings.warn(
[2.940s] running egg_info
[2.940s] writing sherlock.egg-info/PKG-INFO
[2.941s] writing dependency_links to sherlock.egg-info/dependency_links.txt
[2.941s] writing entry points to sherlock.egg-info/entry_points.txt
[2.942s] writing requirements to sherlock.egg-info/requires.txt
[2.942s] writing top-level names to sherlock.egg-info/top_level.txt
[2.947s] reading manifest file 'sherlock.egg-info/SOURCES.txt'
[2.951s] writing manifest file 'sherlock.egg-info/SOURCES.txt'
[2.953s] running build_ext
[2.953s] Creating /home/mink/projects/learn_ws/src/install/sherlock/lib/python3.10/site-packages/sherlock.egg-link (link to .)
[2.956s] Installing sherlock1 script to /home/mink/projects/learn_ws/src/install/sherlock/lib/sherlock
[2.956s] 
[2.957s] Installed /home/mink/projects/learn_ws/src/build/sherlock
[2.957s] running install_data
[2.957s] copying launch/sherlock_andy_launch.py -> /home/mink/projects/learn_ws/src/install/sherlock/share/sherlock
[3.028s] Invoked command in '/home/mink/projects/learn_ws/src/build/sherlock' returned '0': PYTHONPATH=/home/mink/projects/learn_ws/src/build/sherlock/prefix_override:/home/mink/projects/learn_ws/src/install/sherlock/lib/python3.10/site-packages:${PYTHONPATH} /usr/bin/python3 setup.py develop --editable --build-directory /home/mink/projects/learn_ws/src/build/sherlock/build --no-deps install_data
