-- Found ament_cmake: 1.3.6 (/opt/ros/humble/share/ament_cmake/cmake)
-- Override CMake install command with custom implementation using symlinks instead of copying resources
-- Found rclcpp: 16.0.7 (/opt/ros/humble/share/rclcpp/cmake)
-- Found rosidl_generator_c: 3.1.5 (/opt/ros/humble/share/rosidl_generator_c/cmake)
-- Found rosidl_adapter: 3.1.5 (/opt/ros/humble/share/rosidl_adapter/cmake)
-- Found rosidl_generator_cpp: 3.1.5 (/opt/ros/humble/share/rosidl_generator_cpp/cmake)
-- Using all available rosidl_typesupport_c: rosidl_typesupport_fastrtps_c;rosidl_typesupport_introspection_c
-- Using all available rosidl_typesupport_cpp: rosidl_typesupport_fastrtps_cpp;rosidl_typesupport_introspection_cpp
-- Found rmw_implementation_cmake: 6.1.1 (/opt/ros/humble/share/rmw_implementation_cmake/cmake)
-- Found rmw_fastrtps_cpp: 6.2.5 (/opt/ros/humble/share/rmw_fastrtps_cpp/cmake)
-- Using RMW implementation 'rmw_fastrtps_cpp' as default
-- Found ament_lint_auto: 0.12.9 (/opt/ros/humble/share/ament_lint_auto/cmake)
-- Added test 'cppcheck' to perform static code analysis on C / C++ code
-- Configured cppcheck include dirs: 
-- Configured cppcheck exclude dirs and/or files: 
-- Added test 'flake8' to check Python code syntax and style conventions
-- Added test 'lint_cmake' to check CMake code style
-- Added test 'pep257' to check Python code against some of the docstring style conventions in PEP 257
-- Added test 'uncrustify' to check C / C++ code style
-- Configured uncrustify additional arguments: 
-- Added test 'xmllint' to check XML markup files
-- Configuring done
-- Generating done
-- Build files have been written to: /home/mink/projects/learn_ws/build/sherlock
[35m[1mConsolidate compiler generated dependencies of target anderson[0m
[ 16%] [32mBuilding CXX object CMakeFiles/sherlock2.dir/src/sherlock2.cpp.o[0m
[35m[1mConsolidate compiler generated dependencies of target sherlock1[0m
[ 50%] Built target anderson
[ 83%] Built target sherlock1
[100%] [32m[1mLinking CXX executable sherlock2[0m
[100%] Built target sherlock2
-- Install configuration: ""
-- Execute custom install script
-- Up-to-date symlink: /home/mink/projects/learn_ws/install/sherlock/lib/sherlock/sherlock1
-- Up-to-date symlink: /home/mink/projects/learn_ws/install/sherlock/lib/sherlock/sherlock2
-- Up-to-date symlink: /home/mink/projects/learn_ws/install/sherlock/lib/sherlock/anderson
-- Up-to-date symlink: /home/mink/projects/learn_ws/install/sherlock/share/ament_index/resource_index/package_run_dependencies/sherlock
-- Up-to-date symlink: /home/mink/projects/learn_ws/install/sherlock/share/ament_index/resource_index/parent_prefix_path/sherlock
-- Up-to-date symlink: /home/mink/projects/learn_ws/install/sherlock/share/sherlock/environment/ament_prefix_path.sh
-- Up-to-date symlink: /home/mink/projects/learn_ws/install/sherlock/share/sherlock/environment/ament_prefix_path.dsv
-- Up-to-date symlink: /home/mink/projects/learn_ws/install/sherlock/share/sherlock/environment/path.sh
-- Up-to-date symlink: /home/mink/projects/learn_ws/install/sherlock/share/sherlock/environment/path.dsv
-- Up-to-date symlink: /home/mink/projects/learn_ws/install/sherlock/share/sherlock/local_setup.bash
-- Up-to-date symlink: /home/mink/projects/learn_ws/install/sherlock/share/sherlock/local_setup.sh
-- Up-to-date symlink: /home/mink/projects/learn_ws/install/sherlock/share/sherlock/local_setup.zsh
-- Up-to-date symlink: /home/mink/projects/learn_ws/install/sherlock/share/sherlock/local_setup.dsv
-- Symlinking: /home/mink/projects/learn_ws/install/sherlock/share/sherlock/package.dsv
-- Up-to-date symlink: /home/mink/projects/learn_ws/install/sherlock/share/ament_index/resource_index/packages/sherlock
-- Up-to-date symlink: /home/mink/projects/learn_ws/install/sherlock/share/sherlock/cmake/sherlockConfig.cmake
-- Up-to-date symlink: /home/mink/projects/learn_ws/install/sherlock/share/sherlock/cmake/sherlockConfig-version.cmake
-- Up-to-date symlink: /home/mink/projects/learn_ws/install/sherlock/share/sherlock/package.xml
