[1.523s] Invoking command in '/home/mink/projects/learn_ws/build/week0_tutorials': PYTHONPATH=/home/mink/projects/learn_ws/build/week0_tutorials/prefix_override:/home/mink/projects/learn_ws/install/week0_tutorials/lib/python3.10/site-packages:${PYTHONPATH} /usr/bin/python3 setup.py develop --editable --build-directory /home/mink/projects/learn_ws/build/week0_tutorials/build --no-deps install_data
[2.075s] running develop
[2.076s] /usr/lib/python3/dist-packages/setuptools/command/easy_install.py:158: EasyInstallDeprecationWarning: easy_install command is deprecated. Use build and pip and other standards-based tools.
[2.076s]   warnings.warn(
[2.079s] /usr/lib/python3/dist-packages/setuptools/command/install.py:34: SetuptoolsDeprecationWarning: setup.py install is deprecated. Use build and pip and other standards-based tools.
[2.079s]   warnings.warn(
[2.448s] running egg_info
[2.449s] writing week0_tutorials.egg-info/PKG-INFO
[2.449s] writing dependency_links to week0_tutorials.egg-info/dependency_links.txt
[2.450s] writing entry points to week0_tutorials.egg-info/entry_points.txt
[2.450s] writing requirements to week0_tutorials.egg-info/requires.txt
[2.450s] writing top-level names to week0_tutorials.egg-info/top_level.txt
[2.451s] reading manifest file 'week0_tutorials.egg-info/SOURCES.txt'
[2.454s] writing manifest file 'week0_tutorials.egg-info/SOURCES.txt'
[2.461s] running build_ext
[2.461s] Creating /home/mink/projects/learn_ws/install/week0_tutorials/lib/python3.10/site-packages/week0-tutorials.egg-link (link to .)
[2.465s] Installing publisher script to /home/mink/projects/learn_ws/install/week0_tutorials/lib/week0_tutorials
[2.465s] Installing subsciber script to /home/mink/projects/learn_ws/install/week0_tutorials/lib/week0_tutorials
[2.465s] 
[2.465s] Installed /home/mink/projects/learn_ws/build/week0_tutorials
[2.466s] running install_data
[2.523s] Invoked command in '/home/mink/projects/learn_ws/build/week0_tutorials' returned '0': PYTHONPATH=/home/mink/projects/learn_ws/build/week0_tutorials/prefix_override:/home/mink/projects/learn_ws/install/week0_tutorials/lib/python3.10/site-packages:${PYTHONPATH} /usr/bin/python3 setup.py develop --editable --build-directory /home/mink/projects/learn_ws/build/week0_tutorials/build --no-deps install_data
