[1.819s] DEBUG:colcon:Command line arguments: ['/usr/bin/colcon', 'build', '--symlink-install']
[1.819s] DEBUG:colcon:Parsed command line arguments: Namespace(log_base=None, log_level=None, verb_name='build', build_base='build', install_base='install', merge_install=False, symlink_install=True, test_result_base=None, continue_on_error=False, executor='parallel', parallel_workers=4, event_handlers=None, ignore_user_meta=False, metas=['./colcon.meta'], base_paths=['.'], packages_ignore=None, packages_ignore_regex=None, paths=None, packages_up_to=None, packages_up_to_regex=None, packages_above=None, packages_above_and_dependencies=None, packages_above_depth=None, packages_select_by_dep=None, packages_skip_by_dep=None, packages_skip_up_to=None, packages_select_build_failed=False, packages_skip_build_finished=False, packages_select_test_failures=False, packages_skip_test_passed=False, packages_select=None, packages_skip=None, packages_select_regex=None, packages_skip_regex=None, packages_start=None, packages_end=None, allow_overriding=[], cmake_args=None, cmake_target=None, cmake_target_skip_unavailable=False, cmake_clean_cache=False, cmake_clean_first=False, cmake_force_configure=False, ament_cmake_args=None, catkin_cmake_args=None, catkin_skip_building_tests=False, verb_parser=<colcon_defaults.argument_parser.defaults.DefaultArgumentsDecorator object at 0x7eff82c8baf0>, verb_extension=<colcon_core.verb.build.BuildVerb object at 0x7eff82f0b280>, main=<bound method BuildVerb.main of <colcon_core.verb.build.BuildVerb object at 0x7eff82f0b280>>)
[1.905s] Level 1:colcon.colcon_core.package_discovery:discover_packages(colcon_meta) check parameters
[1.905s] Level 1:colcon.colcon_core.package_discovery:discover_packages(recursive) check parameters
[1.905s] Level 1:colcon.colcon_core.package_discovery:discover_packages(ignore) check parameters
[1.905s] Level 1:colcon.colcon_core.package_discovery:discover_packages(path) check parameters
[1.905s] Level 1:colcon.colcon_core.package_discovery:discover_packages(colcon_meta) discover
[1.906s] Level 1:colcon.colcon_core.package_discovery:discover_packages(recursive) discover
[1.906s] INFO:colcon.colcon_core.package_discovery:Crawling recursively for packages in '/home/mink/projects/learn_ws'
[1.906s] Level 1:colcon.colcon_core.package_identification:_identify(.) by extensions ['ignore', 'ignore_ament_install']
[1.906s] Level 1:colcon.colcon_core.package_identification:_identify(.) by extension 'ignore'
[1.906s] Level 1:colcon.colcon_core.package_identification:_identify(.) by extension 'ignore_ament_install'
[1.906s] Level 1:colcon.colcon_core.package_identification:_identify(.) by extensions ['colcon_pkg']
[1.906s] Level 1:colcon.colcon_core.package_identification:_identify(.) by extension 'colcon_pkg'
[1.906s] Level 1:colcon.colcon_core.package_identification:_identify(.) by extensions ['colcon_meta']
[1.906s] Level 1:colcon.colcon_core.package_identification:_identify(.) by extension 'colcon_meta'
[1.906s] Level 1:colcon.colcon_core.package_identification:_identify(.) by extensions ['ros']
[1.906s] Level 1:colcon.colcon_core.package_identification:_identify(.) by extension 'ros'
[1.928s] Level 1:colcon.colcon_core.package_identification:_identify(.) by extensions ['cmake', 'python']
[1.928s] Level 1:colcon.colcon_core.package_identification:_identify(.) by extension 'cmake'
[1.928s] Level 1:colcon.colcon_core.package_identification:_identify(.) by extension 'python'
[1.928s] Level 1:colcon.colcon_core.package_identification:_identify(.) by extensions ['python_setup_py']
[1.928s] Level 1:colcon.colcon_core.package_identification:_identify(.) by extension 'python_setup_py'
[1.929s] Level 1:colcon.colcon_core.package_identification:_identify(build) by extensions ['ignore', 'ignore_ament_install']
[1.929s] Level 1:colcon.colcon_core.package_identification:_identify(build) by extension 'ignore'
[1.929s] Level 1:colcon.colcon_core.package_identification:_identify(build) ignored
[1.929s] Level 1:colcon.colcon_core.package_identification:_identify(install) by extensions ['ignore', 'ignore_ament_install']
[1.929s] Level 1:colcon.colcon_core.package_identification:_identify(install) by extension 'ignore'
[1.929s] Level 1:colcon.colcon_core.package_identification:_identify(install) ignored
[1.930s] Level 1:colcon.colcon_core.package_identification:_identify(log) by extensions ['ignore', 'ignore_ament_install']
[1.930s] Level 1:colcon.colcon_core.package_identification:_identify(log) by extension 'ignore'
[1.930s] Level 1:colcon.colcon_core.package_identification:_identify(log) ignored
[1.930s] Level 1:colcon.colcon_core.package_identification:_identify(src) by extensions ['ignore', 'ignore_ament_install']
[1.930s] Level 1:colcon.colcon_core.package_identification:_identify(src) by extension 'ignore'
[1.930s] Level 1:colcon.colcon_core.package_identification:_identify(src) by extension 'ignore_ament_install'
[1.930s] Level 1:colcon.colcon_core.package_identification:_identify(src) by extensions ['colcon_pkg']
[1.930s] Level 1:colcon.colcon_core.package_identification:_identify(src) by extension 'colcon_pkg'
[1.930s] Level 1:colcon.colcon_core.package_identification:_identify(src) by extensions ['colcon_meta']
[1.930s] Level 1:colcon.colcon_core.package_identification:_identify(src) by extension 'colcon_meta'
[1.931s] Level 1:colcon.colcon_core.package_identification:_identify(src) by extensions ['ros']
[1.931s] Level 1:colcon.colcon_core.package_identification:_identify(src) by extension 'ros'
[1.931s] Level 1:colcon.colcon_core.package_identification:_identify(src) by extensions ['cmake', 'python']
[1.931s] Level 1:colcon.colcon_core.package_identification:_identify(src) by extension 'cmake'
[1.931s] Level 1:colcon.colcon_core.package_identification:_identify(src) by extension 'python'
[1.931s] Level 1:colcon.colcon_core.package_identification:_identify(src) by extensions ['python_setup_py']
[1.931s] Level 1:colcon.colcon_core.package_identification:_identify(src) by extension 'python_setup_py'
[1.931s] Level 1:colcon.colcon_core.package_identification:_identify(src/build) by extensions ['ignore', 'ignore_ament_install']
[1.932s] Level 1:colcon.colcon_core.package_identification:_identify(src/build) by extension 'ignore'
[1.932s] Level 1:colcon.colcon_core.package_identification:_identify(src/build) ignored
[1.932s] Level 1:colcon.colcon_core.package_identification:_identify(src/install) by extensions ['ignore', 'ignore_ament_install']
[1.932s] Level 1:colcon.colcon_core.package_identification:_identify(src/install) by extension 'ignore'
[1.932s] Level 1:colcon.colcon_core.package_identification:_identify(src/install) ignored
[1.932s] Level 1:colcon.colcon_core.package_identification:_identify(src/log) by extensions ['ignore', 'ignore_ament_install']
[1.932s] Level 1:colcon.colcon_core.package_identification:_identify(src/log) by extension 'ignore'
[1.932s] Level 1:colcon.colcon_core.package_identification:_identify(src/log) ignored
[1.932s] Level 1:colcon.colcon_core.package_identification:_identify(src/sherlock) by extensions ['ignore', 'ignore_ament_install']
[1.933s] Level 1:colcon.colcon_core.package_identification:_identify(src/sherlock) by extension 'ignore'
[1.933s] Level 1:colcon.colcon_core.package_identification:_identify(src/sherlock) by extension 'ignore_ament_install'
[1.933s] Level 1:colcon.colcon_core.package_identification:_identify(src/sherlock) by extensions ['colcon_pkg']
[1.933s] Level 1:colcon.colcon_core.package_identification:_identify(src/sherlock) by extension 'colcon_pkg'
[1.933s] Level 1:colcon.colcon_core.package_identification:_identify(src/sherlock) by extensions ['colcon_meta']
[1.933s] Level 1:colcon.colcon_core.package_identification:_identify(src/sherlock) by extension 'colcon_meta'
[1.933s] Level 1:colcon.colcon_core.package_identification:_identify(src/sherlock) by extensions ['ros']
[1.933s] Level 1:colcon.colcon_core.package_identification:_identify(src/sherlock) by extension 'ros'
[1.938s] DEBUG:colcon.colcon_core.package_identification:Package 'src/sherlock' with type 'ros.ament_cmake' and name 'sherlock'
[1.938s] Level 1:colcon.colcon_core.package_identification:_identify(src/week0_tutorials) by extensions ['ignore', 'ignore_ament_install']
[1.938s] Level 1:colcon.colcon_core.package_identification:_identify(src/week0_tutorials) by extension 'ignore'
[1.938s] Level 1:colcon.colcon_core.package_identification:_identify(src/week0_tutorials) by extension 'ignore_ament_install'
[1.939s] Level 1:colcon.colcon_core.package_identification:_identify(src/week0_tutorials) by extensions ['colcon_pkg']
[1.939s] Level 1:colcon.colcon_core.package_identification:_identify(src/week0_tutorials) by extension 'colcon_pkg'
[1.939s] Level 1:colcon.colcon_core.package_identification:_identify(src/week0_tutorials) by extensions ['colcon_meta']
[1.939s] Level 1:colcon.colcon_core.package_identification:_identify(src/week0_tutorials) by extension 'colcon_meta'
[1.939s] Level 1:colcon.colcon_core.package_identification:_identify(src/week0_tutorials) by extensions ['ros']
[1.939s] Level 1:colcon.colcon_core.package_identification:_identify(src/week0_tutorials) by extension 'ros'
[1.940s] DEBUG:colcon.colcon_core.package_identification:Package 'src/week0_tutorials' with type 'ros.ament_python' and name 'week0_tutorials'
[1.941s] Level 1:colcon.colcon_core.package_discovery:discover_packages(recursive) using defaults
[1.941s] Level 1:colcon.colcon_core.package_discovery:discover_packages(ignore) discover
[1.941s] Level 1:colcon.colcon_core.package_discovery:discover_packages(ignore) using defaults
[1.941s] Level 1:colcon.colcon_core.package_discovery:discover_packages(path) discover
[1.941s] Level 1:colcon.colcon_core.package_discovery:discover_packages(path) using defaults
[2.106s] Level 1:colcon.colcon_core.package_discovery:discover_packages(prefix_path) check parameters
[2.106s] Level 1:colcon.colcon_core.package_discovery:discover_packages(prefix_path) discover
[2.160s] DEBUG:colcon.colcon_installed_package_information.package_discovery:Found 2 installed packages in /home/mink/projects/learn_ws/install
[2.188s] DEBUG:colcon.colcon_installed_package_information.package_discovery:Found 270 installed packages in /opt/ros/humble
[2.190s] Level 1:colcon.colcon_core.package_discovery:discover_packages(prefix_path) using defaults
[2.353s] Level 5:colcon.colcon_core.verb:set package 'sherlock' build argument 'cmake_args' from command line to 'None'
[2.353s] Level 5:colcon.colcon_core.verb:set package 'sherlock' build argument 'cmake_target' from command line to 'None'
[2.353s] Level 5:colcon.colcon_core.verb:set package 'sherlock' build argument 'cmake_target_skip_unavailable' from command line to 'False'
[2.353s] Level 5:colcon.colcon_core.verb:set package 'sherlock' build argument 'cmake_clean_cache' from command line to 'False'
[2.353s] Level 5:colcon.colcon_core.verb:set package 'sherlock' build argument 'cmake_clean_first' from command line to 'False'
[2.353s] Level 5:colcon.colcon_core.verb:set package 'sherlock' build argument 'cmake_force_configure' from command line to 'False'
[2.353s] Level 5:colcon.colcon_core.verb:set package 'sherlock' build argument 'ament_cmake_args' from command line to 'None'
[2.353s] Level 5:colcon.colcon_core.verb:set package 'sherlock' build argument 'catkin_cmake_args' from command line to 'None'
[2.353s] Level 5:colcon.colcon_core.verb:set package 'sherlock' build argument 'catkin_skip_building_tests' from command line to 'False'
[2.353s] DEBUG:colcon.colcon_core.verb:Building package 'sherlock' with the following arguments: {'ament_cmake_args': None, 'build_base': '/home/mink/projects/learn_ws/build/sherlock', 'catkin_cmake_args': None, 'catkin_skip_building_tests': False, 'cmake_args': None, 'cmake_clean_cache': False, 'cmake_clean_first': False, 'cmake_force_configure': False, 'cmake_target': None, 'cmake_target_skip_unavailable': False, 'install_base': '/home/mink/projects/learn_ws/install/sherlock', 'merge_install': False, 'path': '/home/mink/projects/learn_ws/src/sherlock', 'symlink_install': True, 'test_result_base': None}
[2.379s] Level 5:colcon.colcon_core.verb:set package 'week0_tutorials' build argument 'cmake_args' from command line to 'None'
[2.379s] Level 5:colcon.colcon_core.verb:set package 'week0_tutorials' build argument 'cmake_target' from command line to 'None'
[2.379s] Level 5:colcon.colcon_core.verb:set package 'week0_tutorials' build argument 'cmake_target_skip_unavailable' from command line to 'False'
[2.379s] Level 5:colcon.colcon_core.verb:set package 'week0_tutorials' build argument 'cmake_clean_cache' from command line to 'False'
[2.380s] Level 5:colcon.colcon_core.verb:set package 'week0_tutorials' build argument 'cmake_clean_first' from command line to 'False'
[2.380s] Level 5:colcon.colcon_core.verb:set package 'week0_tutorials' build argument 'cmake_force_configure' from command line to 'False'
[2.380s] Level 5:colcon.colcon_core.verb:set package 'week0_tutorials' build argument 'ament_cmake_args' from command line to 'None'
[2.380s] Level 5:colcon.colcon_core.verb:set package 'week0_tutorials' build argument 'catkin_cmake_args' from command line to 'None'
[2.380s] Level 5:colcon.colcon_core.verb:set package 'week0_tutorials' build argument 'catkin_skip_building_tests' from command line to 'False'
[2.380s] DEBUG:colcon.colcon_core.verb:Building package 'week0_tutorials' with the following arguments: {'ament_cmake_args': None, 'build_base': '/home/mink/projects/learn_ws/build/week0_tutorials', 'catkin_cmake_args': None, 'catkin_skip_building_tests': False, 'cmake_args': None, 'cmake_clean_cache': False, 'cmake_clean_first': False, 'cmake_force_configure': False, 'cmake_target': None, 'cmake_target_skip_unavailable': False, 'install_base': '/home/mink/projects/learn_ws/install/week0_tutorials', 'merge_install': False, 'path': '/home/mink/projects/learn_ws/src/week0_tutorials', 'symlink_install': True, 'test_result_base': None}
[2.405s] INFO:colcon.colcon_core.executor:Executing jobs using 'parallel' executor
[2.434s] DEBUG:colcon.colcon_parallel_executor.executor.parallel:run_until_complete
[2.434s] INFO:colcon.colcon_ros.task.ament_cmake.build:Building ROS package in '/home/mink/projects/learn_ws/src/sherlock' with build type 'ament_cmake'
[2.434s] INFO:colcon.colcon_cmake.task.cmake.build:Building CMake package in '/home/mink/projects/learn_ws/src/sherlock'
[2.466s] INFO:colcon.colcon_core.plugin_system:Skipping extension 'colcon_core.shell.bat': Not used on non-Windows systems
[2.466s] INFO:colcon.colcon_core.shell:Skip shell extension 'powershell' for command environment: Not usable outside of PowerShell
[2.466s] DEBUG:colcon.colcon_core.shell:Skip shell extension 'dsv' for command environment
[2.554s] INFO:colcon.colcon_ros.task.ament_python.build:Building ROS package in '/home/mink/projects/learn_ws/src/week0_tutorials' with build type 'ament_python'
[2.554s] Level 1:colcon.colcon_core.shell:create_environment_hook('week0_tutorials', 'ament_prefix_path')
[2.585s] INFO:colcon.colcon_core.shell:Creating environment hook '/home/mink/projects/learn_ws/install/week0_tutorials/share/week0_tutorials/hook/ament_prefix_path.ps1'
[2.586s] INFO:colcon.colcon_core.shell:Creating environment descriptor '/home/mink/projects/learn_ws/install/week0_tutorials/share/week0_tutorials/hook/ament_prefix_path.dsv'
[2.586s] INFO:colcon.colcon_core.shell:Creating environment hook '/home/mink/projects/learn_ws/install/week0_tutorials/share/week0_tutorials/hook/ament_prefix_path.sh'
[2.613s] INFO:colcon.colcon_core.shell:Skip shell extension 'powershell' for command environment: Not usable outside of PowerShell
[2.613s] DEBUG:colcon.colcon_core.shell:Skip shell extension 'dsv' for command environment
[2.729s] DEBUG:colcon.colcon_core.event_handler.log_command:Invoking command in '/home/mink/projects/learn_ws/build/sherlock': CMAKE_PREFIX_PATH=${CMAKE_PREFIX_PATH}:/home/mink/projects/learn_ws/install/week0_tutorials:/opt/ros/humble /usr/bin/cmake --build /home/mink/projects/learn_ws/build/sherlock -- -j4 -l4
[3.249s] INFO:colcon.colcon_core.task.python.build:Building Python package in '/home/mink/projects/learn_ws/src/week0_tutorials'
[3.279s] INFO:colcon.colcon_core.shell:Skip shell extension 'powershell' for command environment: Not usable outside of PowerShell
[3.279s] DEBUG:colcon.colcon_core.shell:Skip shell extension 'dsv' for command environment
[4.044s] DEBUG:colcon.colcon_core.event_handler.log_command:Invoking command in '/home/mink/projects/learn_ws/build/week0_tutorials': PYTHONPATH=/home/mink/projects/learn_ws/build/week0_tutorials/prefix_override:/home/mink/projects/learn_ws/install/week0_tutorials/lib/python3.10/site-packages:${PYTHONPATH} /usr/bin/python3 setup.py develop --editable --build-directory /home/mink/projects/learn_ws/build/week0_tutorials/build --no-deps install_data
[4.995s] Level 1:colcon.colcon_core.shell:create_environment_hook('week0_tutorials', 'pythonpath_develop')
[4.996s] DEBUG:colcon.colcon_core.event_handler.log_command:Invoked command in '/home/mink/projects/learn_ws/build/week0_tutorials' returned '0': PYTHONPATH=/home/mink/projects/learn_ws/build/week0_tutorials/prefix_override:/home/mink/projects/learn_ws/install/week0_tutorials/lib/python3.10/site-packages:${PYTHONPATH} /usr/bin/python3 setup.py develop --editable --build-directory /home/mink/projects/learn_ws/build/week0_tutorials/build --no-deps install_data
[5.027s] INFO:colcon.colcon_core.shell:Creating environment hook '/home/mink/projects/learn_ws/build/week0_tutorials/share/week0_tutorials/hook/pythonpath_develop.ps1'
[5.028s] INFO:colcon.colcon_core.shell:Creating environment descriptor '/home/mink/projects/learn_ws/build/week0_tutorials/share/week0_tutorials/hook/pythonpath_develop.dsv'
[5.028s] INFO:colcon.colcon_core.shell:Creating environment hook '/home/mink/projects/learn_ws/build/week0_tutorials/share/week0_tutorials/hook/pythonpath_develop.sh'
[5.062s] Level 1:colcon.colcon_core.environment:checking '/home/mink/projects/learn_ws/install/week0_tutorials' for CMake module files
[5.063s] Level 1:colcon.colcon_core.environment:checking '/home/mink/projects/learn_ws/install/week0_tutorials' for CMake config files
[5.064s] Level 1:colcon.colcon_core.environment:checking '/home/mink/projects/learn_ws/install/week0_tutorials/lib'
[5.064s] Level 1:colcon.colcon_core.environment:checking '/home/mink/projects/learn_ws/install/week0_tutorials/bin'
[5.064s] Level 1:colcon.colcon_core.environment:checking '/home/mink/projects/learn_ws/install/week0_tutorials/lib/pkgconfig/week0_tutorials.pc'
[5.065s] Level 1:colcon.colcon_core.environment:checking '/home/mink/projects/learn_ws/install/week0_tutorials/lib/python3.10/site-packages'
[5.065s] Level 1:colcon.colcon_core.shell:create_environment_hook('week0_tutorials', 'pythonpath')
[5.095s] INFO:colcon.colcon_core.shell:Creating environment hook '/home/mink/projects/learn_ws/install/week0_tutorials/share/week0_tutorials/hook/pythonpath.ps1'
[5.096s] INFO:colcon.colcon_core.shell:Creating environment descriptor '/home/mink/projects/learn_ws/install/week0_tutorials/share/week0_tutorials/hook/pythonpath.dsv'
[5.097s] INFO:colcon.colcon_core.shell:Creating environment hook '/home/mink/projects/learn_ws/install/week0_tutorials/share/week0_tutorials/hook/pythonpath.sh'
[5.098s] Level 1:colcon.colcon_core.environment:checking '/home/mink/projects/learn_ws/install/week0_tutorials/bin'
[5.098s] Level 1:colcon.colcon_core.environment:create_environment_scripts_only(week0_tutorials)
[5.129s] INFO:colcon.colcon_core.shell:Creating package script '/home/mink/projects/learn_ws/install/week0_tutorials/share/week0_tutorials/package.ps1'
[5.131s] INFO:colcon.colcon_core.shell:Creating package descriptor '/home/mink/projects/learn_ws/install/week0_tutorials/share/week0_tutorials/package.dsv'
[5.132s] INFO:colcon.colcon_core.shell:Creating package script '/home/mink/projects/learn_ws/install/week0_tutorials/share/week0_tutorials/package.sh'
[5.133s] INFO:colcon.colcon_core.shell:Creating package script '/home/mink/projects/learn_ws/install/week0_tutorials/share/week0_tutorials/package.bash'
[5.135s] INFO:colcon.colcon_core.shell:Creating package script '/home/mink/projects/learn_ws/install/week0_tutorials/share/week0_tutorials/package.zsh'
[5.136s] Level 1:colcon.colcon_core.environment:create_file_with_runtime_dependencies(/home/mink/projects/learn_ws/install/week0_tutorials/share/colcon-core/packages/week0_tutorials)
[18.947s] DEBUG:colcon.colcon_core.event_handler.log_command:Invoked command in '/home/mink/projects/learn_ws/build/sherlock' returned '0': CMAKE_PREFIX_PATH=${CMAKE_PREFIX_PATH}:/home/mink/projects/learn_ws/install/week0_tutorials:/opt/ros/humble /usr/bin/cmake --build /home/mink/projects/learn_ws/build/sherlock -- -j4 -l4
[19.024s] DEBUG:colcon.colcon_core.event_handler.log_command:Invoking command in '/home/mink/projects/learn_ws/build/sherlock': CMAKE_PREFIX_PATH=${CMAKE_PREFIX_PATH}:/home/mink/projects/learn_ws/install/week0_tutorials:/opt/ros/humble /usr/bin/cmake --install /home/mink/projects/learn_ws/build/sherlock
[19.065s] Level 1:colcon.colcon_core.environment:create_environment_scripts_only(sherlock)
[19.066s] DEBUG:colcon.colcon_core.event_handler.log_command:Invoked command in '/home/mink/projects/learn_ws/build/sherlock' returned '0': CMAKE_PREFIX_PATH=${CMAKE_PREFIX_PATH}:/home/mink/projects/learn_ws/install/week0_tutorials:/opt/ros/humble /usr/bin/cmake --install /home/mink/projects/learn_ws/build/sherlock
[19.092s] Level 1:colcon.colcon_core.environment:checking '/home/mink/projects/learn_ws/install/sherlock' for CMake module files
[19.093s] Level 1:colcon.colcon_core.environment:checking '/home/mink/projects/learn_ws/install/sherlock' for CMake config files
[19.093s] Level 1:colcon.colcon_core.shell:create_environment_hook('sherlock', 'cmake_prefix_path')
[19.120s] INFO:colcon.colcon_core.shell:Creating environment hook '/home/mink/projects/learn_ws/install/sherlock/share/sherlock/hook/cmake_prefix_path.ps1'
[19.121s] INFO:colcon.colcon_core.shell:Creating environment descriptor '/home/mink/projects/learn_ws/install/sherlock/share/sherlock/hook/cmake_prefix_path.dsv'
[19.121s] INFO:colcon.colcon_core.shell:Creating environment hook '/home/mink/projects/learn_ws/install/sherlock/share/sherlock/hook/cmake_prefix_path.sh'
[19.122s] Level 1:colcon.colcon_core.environment:checking '/home/mink/projects/learn_ws/install/sherlock/lib'
[19.122s] Level 1:colcon.colcon_core.environment:checking '/home/mink/projects/learn_ws/install/sherlock/bin'
[19.122s] Level 1:colcon.colcon_core.environment:checking '/home/mink/projects/learn_ws/install/sherlock/lib/pkgconfig/sherlock.pc'
[19.123s] Level 1:colcon.colcon_core.environment:checking '/home/mink/projects/learn_ws/install/sherlock/lib/python3.10/site-packages'
[19.123s] Level 1:colcon.colcon_core.shell:create_environment_hook('sherlock', 'pythonpath')
[19.156s] INFO:colcon.colcon_core.shell:Creating environment hook '/home/mink/projects/learn_ws/install/sherlock/share/sherlock/hook/pythonpath.ps1'
[19.157s] INFO:colcon.colcon_core.shell:Creating environment descriptor '/home/mink/projects/learn_ws/install/sherlock/share/sherlock/hook/pythonpath.dsv'
[19.158s] INFO:colcon.colcon_core.shell:Creating environment hook '/home/mink/projects/learn_ws/install/sherlock/share/sherlock/hook/pythonpath.sh'
[19.159s] Level 1:colcon.colcon_core.environment:checking '/home/mink/projects/learn_ws/install/sherlock/bin'
[19.187s] INFO:colcon.colcon_core.shell:Creating package script '/home/mink/projects/learn_ws/install/sherlock/share/sherlock/package.ps1'
[19.188s] INFO:colcon.colcon_core.shell:Creating package descriptor '/home/mink/projects/learn_ws/install/sherlock/share/sherlock/package.dsv'
[19.189s] INFO:colcon.colcon_core.shell:Creating package script '/home/mink/projects/learn_ws/install/sherlock/share/sherlock/package.sh'
[19.189s] INFO:colcon.colcon_core.shell:Creating package script '/home/mink/projects/learn_ws/install/sherlock/share/sherlock/package.bash'
[19.190s] INFO:colcon.colcon_core.shell:Creating package script '/home/mink/projects/learn_ws/install/sherlock/share/sherlock/package.zsh'
[19.190s] Level 1:colcon.colcon_core.environment:create_file_with_runtime_dependencies(/home/mink/projects/learn_ws/install/sherlock/share/colcon-core/packages/sherlock)
[19.277s] Level 1:colcon.colcon_core.environment:create_environment_scripts_only(sherlock)
[19.303s] Level 1:colcon.colcon_core.environment:checking '/home/mink/projects/learn_ws/install/sherlock' for CMake module files
[19.304s] Level 1:colcon.colcon_core.environment:checking '/home/mink/projects/learn_ws/install/sherlock' for CMake config files
[19.304s] Level 1:colcon.colcon_core.shell:create_environment_hook('sherlock', 'cmake_prefix_path')
[19.331s] INFO:colcon.colcon_core.shell:Creating environment hook '/home/mink/projects/learn_ws/install/sherlock/share/sherlock/hook/cmake_prefix_path.ps1'
[19.332s] INFO:colcon.colcon_core.shell:Creating environment descriptor '/home/mink/projects/learn_ws/install/sherlock/share/sherlock/hook/cmake_prefix_path.dsv'
[19.333s] INFO:colcon.colcon_core.shell:Creating environment hook '/home/mink/projects/learn_ws/install/sherlock/share/sherlock/hook/cmake_prefix_path.sh'
[19.333s] Level 1:colcon.colcon_core.environment:checking '/home/mink/projects/learn_ws/install/sherlock/lib'
[19.334s] Level 1:colcon.colcon_core.environment:checking '/home/mink/projects/learn_ws/install/sherlock/bin'
[19.334s] Level 1:colcon.colcon_core.environment:checking '/home/mink/projects/learn_ws/install/sherlock/lib/pkgconfig/sherlock.pc'
[19.334s] Level 1:colcon.colcon_core.environment:checking '/home/mink/projects/learn_ws/install/sherlock/lib/python3.10/site-packages'
[19.335s] Level 1:colcon.colcon_core.shell:create_environment_hook('sherlock', 'pythonpath')
[19.363s] INFO:colcon.colcon_core.shell:Creating environment hook '/home/mink/projects/learn_ws/install/sherlock/share/sherlock/hook/pythonpath.ps1'
[19.364s] INFO:colcon.colcon_core.shell:Creating environment descriptor '/home/mink/projects/learn_ws/install/sherlock/share/sherlock/hook/pythonpath.dsv'
[19.365s] INFO:colcon.colcon_core.shell:Creating environment hook '/home/mink/projects/learn_ws/install/sherlock/share/sherlock/hook/pythonpath.sh'
[19.366s] Level 1:colcon.colcon_core.environment:checking '/home/mink/projects/learn_ws/install/sherlock/bin'
[19.393s] INFO:colcon.colcon_core.shell:Creating package script '/home/mink/projects/learn_ws/install/sherlock/share/sherlock/package.ps1'
[19.394s] INFO:colcon.colcon_core.shell:Creating package descriptor '/home/mink/projects/learn_ws/install/sherlock/share/sherlock/package.dsv'
[19.394s] INFO:colcon.colcon_core.shell:Creating package script '/home/mink/projects/learn_ws/install/sherlock/share/sherlock/package.sh'
[19.395s] INFO:colcon.colcon_core.shell:Creating package script '/home/mink/projects/learn_ws/install/sherlock/share/sherlock/package.bash'
[19.396s] INFO:colcon.colcon_core.shell:Creating package script '/home/mink/projects/learn_ws/install/sherlock/share/sherlock/package.zsh'
[19.397s] Level 1:colcon.colcon_core.environment:create_file_with_runtime_dependencies(/home/mink/projects/learn_ws/install/sherlock/share/colcon-core/packages/sherlock)
[19.397s] DEBUG:colcon.colcon_parallel_executor.executor.parallel:closing loop
[19.398s] DEBUG:colcon.colcon_parallel_executor.executor.parallel:loop closed
[19.398s] DEBUG:colcon.colcon_parallel_executor.executor.parallel:run_until_complete finished with '0'
[19.398s] DEBUG:colcon.colcon_core.event_reactor:joining thread
[19.436s] INFO:colcon.colcon_core.plugin_system:Skipping extension 'colcon_notification.desktop_notification.terminal_notifier': Not used on non-Darwin systems
[19.436s] INFO:colcon.colcon_core.plugin_system:Skipping extension 'colcon_notification.desktop_notification.win32': Not used on non-Windows systems
[19.436s] INFO:colcon.colcon_notification.desktop_notification:Sending desktop notification using 'notify2'
[19.456s] DEBUG:colcon.colcon_core.event_reactor:joined thread
[19.488s] INFO:colcon.colcon_core.shell:Creating prefix script '/home/mink/projects/learn_ws/install/local_setup.ps1'
[19.489s] INFO:colcon.colcon_core.shell:Creating prefix util module '/home/mink/projects/learn_ws/install/_local_setup_util_ps1.py'
[19.491s] INFO:colcon.colcon_core.shell:Creating prefix chain script '/home/mink/projects/learn_ws/install/setup.ps1'
[19.520s] INFO:colcon.colcon_core.shell:Creating prefix script '/home/mink/projects/learn_ws/install/local_setup.sh'
[19.521s] INFO:colcon.colcon_core.shell:Creating prefix util module '/home/mink/projects/learn_ws/install/_local_setup_util_sh.py'
[19.521s] INFO:colcon.colcon_core.shell:Creating prefix chain script '/home/mink/projects/learn_ws/install/setup.sh'
[19.549s] INFO:colcon.colcon_core.shell:Creating prefix script '/home/mink/projects/learn_ws/install/local_setup.bash'
[19.550s] INFO:colcon.colcon_core.shell:Creating prefix chain script '/home/mink/projects/learn_ws/install/setup.bash'
[19.580s] INFO:colcon.colcon_core.shell:Creating prefix script '/home/mink/projects/learn_ws/install/local_setup.zsh'
[19.581s] INFO:colcon.colcon_core.shell:Creating prefix chain script '/home/mink/projects/learn_ws/install/setup.zsh'
