[1.868s] Invoking command in '/home/mink/projects/learn_ws/src/build/week0_tutorials': PYTHONPATH=/home/mink/projects/learn_ws/src/build/week0_tutorials/prefix_override:/home/mink/projects/learn_ws/src/install/week0_tutorials/lib/python3.10/site-packages:${PYTHONPATH} /usr/bin/python3 setup.py develop --editable --build-directory /home/mink/projects/learn_ws/src/build/week0_tutorials/build --no-deps install_data
[2.615s] running develop
[2.616s] /usr/lib/python3/dist-packages/setuptools/command/easy_install.py:158: EasyInstallDeprecationWarning: easy_install command is deprecated. Use build and pip and other standards-based tools.
[2.616s]   warnings.warn(
[2.619s] /usr/lib/python3/dist-packages/setuptools/command/install.py:34: SetuptoolsDeprecationWarning: setup.py install is deprecated. Use build and pip and other standards-based tools.
[2.619s]   warnings.warn(
[3.122s] running egg_info
[3.123s] writing week0_tutorials.egg-info/PKG-INFO
[3.124s] writing dependency_links to week0_tutorials.egg-info/dependency_links.txt
[3.124s] writing entry points to week0_tutorials.egg-info/entry_points.txt
[3.124s] writing requirements to week0_tutorials.egg-info/requires.txt
[3.125s] writing top-level names to week0_tutorials.egg-info/top_level.txt
[3.127s] reading manifest file 'week0_tutorials.egg-info/SOURCES.txt'
[3.129s] writing manifest file 'week0_tutorials.egg-info/SOURCES.txt'
[3.132s] running build_ext
[3.134s] Creating /home/mink/projects/learn_ws/src/install/week0_tutorials/lib/python3.10/site-packages/week0-tutorials.egg-link (link to .)
[3.137s] Installing publisher script to /home/mink/projects/learn_ws/src/install/week0_tutorials/lib/week0_tutorials
[3.137s] Installing subsciber script to /home/mink/projects/learn_ws/src/install/week0_tutorials/lib/week0_tutorials
[3.138s] 
[3.138s] Installed /home/mink/projects/learn_ws/src/build/week0_tutorials
[3.138s] running install_data
[3.323s] Invoked command in '/home/mink/projects/learn_ws/src/build/week0_tutorials' returned '0': PYTHONPATH=/home/mink/projects/learn_ws/src/build/week0_tutorials/prefix_override:/home/mink/projects/learn_ws/src/install/week0_tutorials/lib/python3.10/site-packages:${PYTHONPATH} /usr/bin/python3 setup.py develop --editable --build-directory /home/mink/projects/learn_ws/src/build/week0_tutorials/build --no-deps install_data
