[0.224s] Invoking command in '/home/mink/projects/learn_ws/build/sherlock': CMAKE_PREFIX_PATH=/opt/ros/humble /usr/bin/cmake --build /home/mink/projects/learn_ws/build/sherlock -- -j4 -l4
[0.313s] [35m[1mConsolidate compiler generated dependencies of target anderson[0m
[0.351s] [ 33%] Built target sherlock2
[0.354s] [ 66%] Built target sherlock1
[0.369s] [ 83%] [32mBuilding CXX object CMakeFiles/anderson.dir/src/anderson.cpp.o[0m
[15.416s] [100%] [32m[1mLinking CXX executable anderson[0m
[16.202s] [100%] Built target anderson
[16.223s] Invoked command in '/home/mink/projects/learn_ws/build/sherlock' returned '0': CMAKE_PREFIX_PATH=/opt/ros/humble /usr/bin/cmake --build /home/mink/projects/learn_ws/build/sherlock -- -j4 -l4
[16.297s] Invoking command in '/home/mink/projects/learn_ws/build/sherlock': CMAKE_PREFIX_PATH=/opt/ros/humble /usr/bin/cmake --install /home/mink/projects/learn_ws/build/sherlock
[16.310s] -- Install configuration: ""
[16.311s] -- Execute custom install script
[16.312s] -- Up-to-date symlink: /home/mink/projects/learn_ws/install/sherlock/lib/sherlock/sherlock1
[16.312s] -- Up-to-date symlink: /home/mink/projects/learn_ws/install/sherlock/lib/sherlock/sherlock2
[16.313s] -- Up-to-date symlink: /home/mink/projects/learn_ws/install/sherlock/lib/sherlock/anderson
[16.313s] -- Up-to-date symlink: /home/mink/projects/learn_ws/install/sherlock/share/ament_index/resource_index/package_run_dependencies/sherlock
[16.314s] -- Up-to-date symlink: /home/mink/projects/learn_ws/install/sherlock/share/ament_index/resource_index/parent_prefix_path/sherlock
[16.314s] -- Up-to-date symlink: /home/mink/projects/learn_ws/install/sherlock/share/sherlock/environment/ament_prefix_path.sh
[16.315s] -- Up-to-date symlink: /home/mink/projects/learn_ws/install/sherlock/share/sherlock/environment/ament_prefix_path.dsv
[16.315s] -- Up-to-date symlink: /home/mink/projects/learn_ws/install/sherlock/share/sherlock/environment/path.sh
[16.316s] -- Up-to-date symlink: /home/mink/projects/learn_ws/install/sherlock/share/sherlock/environment/path.dsv
[16.317s] -- Up-to-date symlink: /home/mink/projects/learn_ws/install/sherlock/share/sherlock/local_setup.bash
[16.317s] -- Up-to-date symlink: /home/mink/projects/learn_ws/install/sherlock/share/sherlock/local_setup.sh
[16.318s] -- Up-to-date symlink: /home/mink/projects/learn_ws/install/sherlock/share/sherlock/local_setup.zsh
[16.318s] -- Up-to-date symlink: /home/mink/projects/learn_ws/install/sherlock/share/sherlock/local_setup.dsv
[16.318s] -- Symlinking: /home/mink/projects/learn_ws/install/sherlock/share/sherlock/package.dsv
[16.334s] -- Up-to-date symlink: /home/mink/projects/learn_ws/install/sherlock/share/ament_index/resource_index/packages/sherlock
[16.334s] -- Up-to-date symlink: /home/mink/projects/learn_ws/install/sherlock/share/sherlock/cmake/sherlockConfig.cmake
[16.335s] -- Up-to-date symlink: /home/mink/projects/learn_ws/install/sherlock/share/sherlock/cmake/sherlockConfig-version.cmake
[16.335s] -- Up-to-date symlink: /home/mink/projects/learn_ws/install/sherlock/share/sherlock/package.xml
[16.338s] Invoked command in '/home/mink/projects/learn_ws/build/sherlock' returned '0': CMAKE_PREFIX_PATH=/opt/ros/humble /usr/bin/cmake --install /home/mink/projects/learn_ws/build/sherlock
