[1.743s] Invoking command in '/home/mink/projects/learn_ws/build/week0_tutorials': PYTHONPATH=/home/mink/projects/learn_ws/build/week0_tutorials/prefix_override:/home/mink/projects/learn_ws/install/week0_tutorials/lib/python3.10/site-packages:${PYTHONPATH} /usr/bin/python3 setup.py develop --editable --build-directory /home/mink/projects/learn_ws/build/week0_tutorials/build --no-deps install_data
[2.552s] running develop
[2.553s] /usr/lib/python3/dist-packages/setuptools/command/easy_install.py:158: EasyInstallDeprecationWarning: easy_install command is deprecated. Use build and pip and other standards-based tools.
[2.553s]   warnings.warn(
[2.556s] /usr/lib/python3/dist-packages/setuptools/command/install.py:34: SetuptoolsDeprecationWarning: setup.py install is deprecated. Use build and pip and other standards-based tools.
[2.557s]   warnings.warn(
[3.103s] running egg_info
[3.103s] writing week0_tutorials.egg-info/PKG-INFO
[3.104s] writing dependency_links to week0_tutorials.egg-info/dependency_links.txt
[3.104s] writing entry points to week0_tutorials.egg-info/entry_points.txt
[3.105s] writing requirements to week0_tutorials.egg-info/requires.txt
[3.105s] writing top-level names to week0_tutorials.egg-info/top_level.txt
[3.107s] reading manifest file 'week0_tutorials.egg-info/SOURCES.txt'
[3.110s] writing manifest file 'week0_tutorials.egg-info/SOURCES.txt'
[3.113s] running build_ext
[3.115s] Creating /home/mink/projects/learn_ws/install/week0_tutorials/lib/python3.10/site-packages/week0-tutorials.egg-link (link to .)
[3.118s] Installing publisher script to /home/mink/projects/learn_ws/install/week0_tutorials/lib/week0_tutorials
[3.118s] Installing subsciber script to /home/mink/projects/learn_ws/install/week0_tutorials/lib/week0_tutorials
[3.119s] 
[3.119s] Installed /home/mink/projects/learn_ws/build/week0_tutorials
[3.120s] running install_data
[3.190s] Invoked command in '/home/mink/projects/learn_ws/build/week0_tutorials' returned '0': PYTHONPATH=/home/mink/projects/learn_ws/build/week0_tutorials/prefix_override:/home/mink/projects/learn_ws/install/week0_tutorials/lib/python3.10/site-packages:${PYTHONPATH} /usr/bin/python3 setup.py develop --editable --build-directory /home/mink/projects/learn_ws/build/week0_tutorials/build --no-deps install_data
