[1.356s] Invoking command in '/home/mink/projects/learn_ws/build/week0_tutorials': PYTHONPATH=/home/mink/projects/learn_ws/build/week0_tutorials/prefix_override:/home/mink/projects/learn_ws/install/week0_tutorials/lib/python3.10/site-packages:${PYTHONPATH} /usr/bin/python3 setup.py develop --editable --build-directory /home/mink/projects/learn_ws/build/week0_tutorials/build --no-deps install_data
[1.888s] running develop
[1.889s] /usr/lib/python3/dist-packages/setuptools/command/easy_install.py:158: EasyInstallDeprecationWarning: easy_install command is deprecated. Use build and pip and other standards-based tools.
[1.889s]   warnings.warn(
[1.891s] /usr/lib/python3/dist-packages/setuptools/command/install.py:34: SetuptoolsDeprecationWarning: setup.py install is deprecated. Use build and pip and other standards-based tools.
[1.892s]   warnings.warn(
[2.195s] running egg_info
[2.196s] writing week0_tutorials.egg-info/PKG-INFO
[2.196s] writing dependency_links to week0_tutorials.egg-info/dependency_links.txt
[2.197s] writing entry points to week0_tutorials.egg-info/entry_points.txt
[2.197s] writing requirements to week0_tutorials.egg-info/requires.txt
[2.198s] writing top-level names to week0_tutorials.egg-info/top_level.txt
[2.200s] reading manifest file 'week0_tutorials.egg-info/SOURCES.txt'
[2.204s] writing manifest file 'week0_tutorials.egg-info/SOURCES.txt'
[2.206s] running build_ext
[2.208s] Creating /home/mink/projects/learn_ws/install/week0_tutorials/lib/python3.10/site-packages/week0-tutorials.egg-link (link to .)
[2.210s] Installing publisher script to /home/mink/projects/learn_ws/install/week0_tutorials/lib/week0_tutorials
[2.210s] Installing subsciber script to /home/mink/projects/learn_ws/install/week0_tutorials/lib/week0_tutorials
[2.211s] 
[2.211s] Installed /home/mink/projects/learn_ws/build/week0_tutorials
[2.211s] running install_data
[2.268s] Invoked command in '/home/mink/projects/learn_ws/build/week0_tutorials' returned '0': PYTHONPATH=/home/mink/projects/learn_ws/build/week0_tutorials/prefix_override:/home/mink/projects/learn_ws/install/week0_tutorials/lib/python3.10/site-packages:${PYTHONPATH} /usr/bin/python3 setup.py develop --editable --build-directory /home/mink/projects/learn_ws/build/week0_tutorials/build --no-deps install_data
