[0.359s] Invoking command in '/home/mink/projects/learn_ws/build/sherlock': CMAKE_PREFIX_PATH=${CMAKE_PREFIX_PATH}:/home/mink/projects/learn_ws/install/week0_tutorials:/opt/ros/humble /usr/bin/cmake --build /home/mink/projects/learn_ws/build/sherlock -- -j4 -l4
[1.131s] [35m[1mConsolidate compiler generated dependencies of target anderson[0m
[1.207s] [ 33%] Built target sherlock1
[1.208s] [ 66%] Built target sherlock2
[1.210s] [ 83%] [32mBuilding CXX object CMakeFiles/anderson.dir/src/anderson.cpp.o[0m
[17.679s] [100%] [32m[1mLinking CXX executable anderson[0m
[19.608s] [100%] Built target anderson
[19.630s] Invoked command in '/home/mink/projects/learn_ws/build/sherlock' returned '0': CMAKE_PREFIX_PATH=${CMAKE_PREFIX_PATH}:/home/mink/projects/learn_ws/install/week0_tutorials:/opt/ros/humble /usr/bin/cmake --build /home/mink/projects/learn_ws/build/sherlock -- -j4 -l4
[19.700s] Invoking command in '/home/mink/projects/learn_ws/build/sherlock': CMAKE_PREFIX_PATH=${CMAKE_PREFIX_PATH}:/home/mink/projects/learn_ws/install/week0_tutorials:/opt/ros/humble /usr/bin/cmake --install /home/mink/projects/learn_ws/build/sherlock
[19.755s] -- Install configuration: ""
[19.787s] -- Execute custom install script
[19.810s] -- Up-to-date symlink: /home/mink/projects/learn_ws/install/sherlock/lib/sherlock/sherlock1
[19.811s] -- Up-to-date symlink: /home/mink/projects/learn_ws/install/sherlock/lib/sherlock/sherlock2
[19.812s] -- Up-to-date symlink: /home/mink/projects/learn_ws/install/sherlock/lib/sherlock/anderson
[19.813s] -- Up-to-date symlink: /home/mink/projects/learn_ws/install/sherlock/share/ament_index/resource_index/package_run_dependencies/sherlock
[19.831s] -- Up-to-date symlink: /home/mink/projects/learn_ws/install/sherlock/share/ament_index/resource_index/parent_prefix_path/sherlock
[19.833s] -- Up-to-date symlink: /home/mink/projects/learn_ws/install/sherlock/share/sherlock/environment/ament_prefix_path.sh
[19.834s] -- Up-to-date symlink: /home/mink/projects/learn_ws/install/sherlock/share/sherlock/environment/ament_prefix_path.dsv
[19.836s] -- Up-to-date symlink: /home/mink/projects/learn_ws/install/sherlock/share/sherlock/environment/path.sh
[19.837s] -- Up-to-date symlink: /home/mink/projects/learn_ws/install/sherlock/share/sherlock/environment/path.dsv
[19.839s] -- Up-to-date symlink: /home/mink/projects/learn_ws/install/sherlock/share/sherlock/local_setup.bash
[19.840s] -- Up-to-date symlink: /home/mink/projects/learn_ws/install/sherlock/share/sherlock/local_setup.sh
[19.841s] -- Up-to-date symlink: /home/mink/projects/learn_ws/install/sherlock/share/sherlock/local_setup.zsh
[19.842s] -- Up-to-date symlink: /home/mink/projects/learn_ws/install/sherlock/share/sherlock/local_setup.dsv
[19.843s] -- Symlinking: /home/mink/projects/learn_ws/install/sherlock/share/sherlock/package.dsv
[19.871s] -- Up-to-date symlink: /home/mink/projects/learn_ws/install/sherlock/share/ament_index/resource_index/packages/sherlock
[19.872s] -- Up-to-date symlink: /home/mink/projects/learn_ws/install/sherlock/share/sherlock/cmake/sherlockConfig.cmake
[19.872s] -- Up-to-date symlink: /home/mink/projects/learn_ws/install/sherlock/share/sherlock/cmake/sherlockConfig-version.cmake
[19.873s] -- Up-to-date symlink: /home/mink/projects/learn_ws/install/sherlock/share/sherlock/package.xml
[19.902s] Invoked command in '/home/mink/projects/learn_ws/build/sherlock' returned '0': CMAKE_PREFIX_PATH=${CMAKE_PREFIX_PATH}:/home/mink/projects/learn_ws/install/week0_tutorials:/opt/ros/humble /usr/bin/cmake --install /home/mink/projects/learn_ws/build/sherlock
