running develop
running egg_info
creating week0_tutorials.egg-info
writing week0_tutorials.egg-info/PKG-INFO
writing dependency_links to week0_tutorials.egg-info/dependency_links.txt
writing entry points to week0_tutorials.egg-info/entry_points.txt
writing requirements to week0_tutorials.egg-info/requires.txt
writing top-level names to week0_tutorials.egg-info/top_level.txt
writing manifest file 'week0_tutorials.egg-info/SOURCES.txt'
reading manifest file 'week0_tutorials.egg-info/SOURCES.txt'
writing manifest file 'week0_tutorials.egg-info/SOURCES.txt'
running build_ext
Creating /home/mink/projects/learn_ws/src/install/week0_tutorials/lib/python3.10/site-packages/week0-tutorials.egg-link (link to .)
Installing publisher script to /home/mink/projects/learn_ws/src/install/week0_tutorials/lib/week0_tutorials
Installing subsciber script to /home/mink/projects/learn_ws/src/install/week0_tutorials/lib/week0_tutorials

Installed /home/mink/projects/learn_ws/src/build/week0_tutorials
running install_data
creating /home/mink/projects/learn_ws/src/install/week0_tutorials/share/ament_index
creating /home/mink/projects/learn_ws/src/install/week0_tutorials/share/ament_index/resource_index
creating /home/mink/projects/learn_ws/src/install/week0_tutorials/share/ament_index/resource_index/packages
copying resource/week0_tutorials -> /home/mink/projects/learn_ws/src/install/week0_tutorials/share/ament_index/resource_index/packages
copying package.xml -> /home/mink/projects/learn_ws/src/install/week0_tutorials/share/week0_tutorials
creating /home/mink/projects/learn_ws/src/install/week0_tutorials/share/week0_tutorials/launch
copying launch/pubsub.launch.py -> /home/mink/projects/learn_ws/src/install/week0_tutorials/share/week0_tutorials/launch
