[2.366s] Invoking command in '/home/mink/projects/learn_ws/src/build/week0_tutorials': PYTHONPATH=/home/mink/projects/learn_ws/src/build/week0_tutorials/prefix_override:/home/mink/projects/learn_ws/src/install/week0_tutorials/lib/python3.10/site-packages:${PYTHONPATH} /usr/bin/python3 setup.py develop --editable --build-directory /home/mink/projects/learn_ws/src/build/week0_tutorials/build --no-deps install_data
[2.838s] running develop
[2.930s] /usr/lib/python3/dist-packages/setuptools/command/easy_install.py:158: EasyInstallDeprecationWarning: easy_install command is deprecated. Use build and pip and other standards-based tools.
[2.930s]   warnings.warn(
[2.948s] /usr/lib/python3/dist-packages/setuptools/command/install.py:34: SetuptoolsDeprecationWarning: setup.py install is deprecated. Use build and pip and other standards-based tools.
[2.949s]   warnings.warn(
[3.278s] running egg_info
[3.278s] creating week0_tutorials.egg-info
[3.281s] writing week0_tutorials.egg-info/PKG-INFO
[3.281s] writing dependency_links to week0_tutorials.egg-info/dependency_links.txt
[3.281s] writing entry points to week0_tutorials.egg-info/entry_points.txt
[3.282s] writing requirements to week0_tutorials.egg-info/requires.txt
[3.282s] writing top-level names to week0_tutorials.egg-info/top_level.txt
[3.282s] writing manifest file 'week0_tutorials.egg-info/SOURCES.txt'
[3.282s] reading manifest file 'week0_tutorials.egg-info/SOURCES.txt'
[3.284s] writing manifest file 'week0_tutorials.egg-info/SOURCES.txt'
[3.286s] running build_ext
[3.288s] Creating /home/mink/projects/learn_ws/src/install/week0_tutorials/lib/python3.10/site-packages/week0-tutorials.egg-link (link to .)
[3.291s] Installing publisher script to /home/mink/projects/learn_ws/src/install/week0_tutorials/lib/week0_tutorials
[3.292s] Installing subsciber script to /home/mink/projects/learn_ws/src/install/week0_tutorials/lib/week0_tutorials
[3.293s] 
[3.294s] Installed /home/mink/projects/learn_ws/src/build/week0_tutorials
[3.294s] running install_data
[3.294s] creating /home/mink/projects/learn_ws/src/install/week0_tutorials/share/ament_index
[3.295s] creating /home/mink/projects/learn_ws/src/install/week0_tutorials/share/ament_index/resource_index
[3.295s] creating /home/mink/projects/learn_ws/src/install/week0_tutorials/share/ament_index/resource_index/packages
[3.295s] copying resource/week0_tutorials -> /home/mink/projects/learn_ws/src/install/week0_tutorials/share/ament_index/resource_index/packages
[3.295s] copying package.xml -> /home/mink/projects/learn_ws/src/install/week0_tutorials/share/week0_tutorials
[3.296s] creating /home/mink/projects/learn_ws/src/install/week0_tutorials/share/week0_tutorials/launch
[3.296s] copying launch/pubsub.launch.py -> /home/mink/projects/learn_ws/src/install/week0_tutorials/share/week0_tutorials/launch
[3.348s] Invoked command in '/home/mink/projects/learn_ws/src/build/week0_tutorials' returned '0': PYTHONPATH=/home/mink/projects/learn_ws/src/build/week0_tutorials/prefix_override:/home/mink/projects/learn_ws/src/install/week0_tutorials/lib/python3.10/site-packages:${PYTHONPATH} /usr/bin/python3 setup.py develop --editable --build-directory /home/mink/projects/learn_ws/src/build/week0_tutorials/build --no-deps install_data
