[1.759s] DEBUG:colcon:Command line arguments: ['/usr/bin/colcon', 'build', '--symlink-install']
[1.759s] DEBUG:colcon:Parsed command line arguments: Namespace(log_base=None, log_level=None, verb_name='build', build_base='build', install_base='install', merge_install=False, symlink_install=True, test_result_base=None, continue_on_error=False, executor='parallel', parallel_workers=4, event_handlers=None, ignore_user_meta=False, metas=['./colcon.meta'], base_paths=['.'], packages_ignore=None, packages_ignore_regex=None, paths=None, packages_up_to=None, packages_up_to_regex=None, packages_above=None, packages_above_and_dependencies=None, packages_above_depth=None, packages_select_by_dep=None, packages_skip_by_dep=None, packages_skip_up_to=None, packages_select_build_failed=False, packages_skip_build_finished=False, packages_select_test_failures=False, packages_skip_test_passed=False, packages_select=None, packages_skip=None, packages_select_regex=None, packages_skip_regex=None, packages_start=None, packages_end=None, allow_overriding=[], cmake_args=None, cmake_target=None, cmake_target_skip_unavailable=False, cmake_clean_cache=False, cmake_clean_first=False, cmake_force_configure=False, ament_cmake_args=None, catkin_cmake_args=None, catkin_skip_building_tests=False, verb_parser=<colcon_defaults.argument_parser.defaults.DefaultArgumentsDecorator object at 0x7fedeea90a30>, verb_extension=<colcon_core.verb.build.BuildVerb object at 0x7fedeed41bd0>, main=<bound method BuildVerb.main of <colcon_core.verb.build.BuildVerb object at 0x7fedeed41bd0>>)
[1.845s] Level 1:colcon.colcon_core.package_discovery:discover_packages(colcon_meta) check parameters
[1.845s] Level 1:colcon.colcon_core.package_discovery:discover_packages(recursive) check parameters
[1.845s] Level 1:colcon.colcon_core.package_discovery:discover_packages(ignore) check parameters
[1.845s] Level 1:colcon.colcon_core.package_discovery:discover_packages(path) check parameters
[1.845s] Level 1:colcon.colcon_core.package_discovery:discover_packages(colcon_meta) discover
[1.845s] Level 1:colcon.colcon_core.package_discovery:discover_packages(recursive) discover
[1.845s] INFO:colcon.colcon_core.package_discovery:Crawling recursively for packages in '/home/mink/projects/learn_ws/src'
[1.845s] Level 1:colcon.colcon_core.package_identification:_identify(.) by extensions ['ignore', 'ignore_ament_install']
[1.846s] Level 1:colcon.colcon_core.package_identification:_identify(.) by extension 'ignore'
[1.846s] Level 1:colcon.colcon_core.package_identification:_identify(.) by extension 'ignore_ament_install'
[1.846s] Level 1:colcon.colcon_core.package_identification:_identify(.) by extensions ['colcon_pkg']
[1.846s] Level 1:colcon.colcon_core.package_identification:_identify(.) by extension 'colcon_pkg'
[1.846s] Level 1:colcon.colcon_core.package_identification:_identify(.) by extensions ['colcon_meta']
[1.846s] Level 1:colcon.colcon_core.package_identification:_identify(.) by extension 'colcon_meta'
[1.846s] Level 1:colcon.colcon_core.package_identification:_identify(.) by extensions ['ros']
[1.846s] Level 1:colcon.colcon_core.package_identification:_identify(.) by extension 'ros'
[1.865s] Level 1:colcon.colcon_core.package_identification:_identify(.) by extensions ['cmake', 'python']
[1.865s] Level 1:colcon.colcon_core.package_identification:_identify(.) by extension 'cmake'
[1.865s] Level 1:colcon.colcon_core.package_identification:_identify(.) by extension 'python'
[1.865s] Level 1:colcon.colcon_core.package_identification:_identify(.) by extensions ['python_setup_py']
[1.866s] Level 1:colcon.colcon_core.package_identification:_identify(.) by extension 'python_setup_py'
[1.866s] Level 1:colcon.colcon_core.package_identification:_identify(build) by extensions ['ignore', 'ignore_ament_install']
[1.866s] Level 1:colcon.colcon_core.package_identification:_identify(build) by extension 'ignore'
[1.866s] Level 1:colcon.colcon_core.package_identification:_identify(build) ignored
[1.866s] Level 1:colcon.colcon_core.package_identification:_identify(install) by extensions ['ignore', 'ignore_ament_install']
[1.867s] Level 1:colcon.colcon_core.package_identification:_identify(install) by extension 'ignore'
[1.867s] Level 1:colcon.colcon_core.package_identification:_identify(install) ignored
[1.867s] Level 1:colcon.colcon_core.package_identification:_identify(log) by extensions ['ignore', 'ignore_ament_install']
[1.867s] Level 1:colcon.colcon_core.package_identification:_identify(log) by extension 'ignore'
[1.867s] Level 1:colcon.colcon_core.package_identification:_identify(log) ignored
[1.867s] Level 1:colcon.colcon_core.package_identification:_identify(sherlock) by extensions ['ignore', 'ignore_ament_install']
[1.867s] Level 1:colcon.colcon_core.package_identification:_identify(sherlock) by extension 'ignore'
[1.868s] Level 1:colcon.colcon_core.package_identification:_identify(sherlock) by extension 'ignore_ament_install'
[1.868s] Level 1:colcon.colcon_core.package_identification:_identify(sherlock) by extensions ['colcon_pkg']
[1.868s] Level 1:colcon.colcon_core.package_identification:_identify(sherlock) by extension 'colcon_pkg'
[1.868s] Level 1:colcon.colcon_core.package_identification:_identify(sherlock) by extensions ['colcon_meta']
[1.868s] Level 1:colcon.colcon_core.package_identification:_identify(sherlock) by extension 'colcon_meta'
[1.868s] Level 1:colcon.colcon_core.package_identification:_identify(sherlock) by extensions ['ros']
[1.868s] Level 1:colcon.colcon_core.package_identification:_identify(sherlock) by extension 'ros'
[1.872s] DEBUG:colcon.colcon_core.package_identification:Package 'sherlock' with type 'ros.ament_python' and name 'sherlock'
[1.872s] Level 1:colcon.colcon_core.package_identification:_identify(week0_tutorials) by extensions ['ignore', 'ignore_ament_install']
[1.872s] Level 1:colcon.colcon_core.package_identification:_identify(week0_tutorials) by extension 'ignore'
[1.873s] Level 1:colcon.colcon_core.package_identification:_identify(week0_tutorials) by extension 'ignore_ament_install'
[1.873s] Level 1:colcon.colcon_core.package_identification:_identify(week0_tutorials) by extensions ['colcon_pkg']
[1.873s] Level 1:colcon.colcon_core.package_identification:_identify(week0_tutorials) by extension 'colcon_pkg'
[1.873s] Level 1:colcon.colcon_core.package_identification:_identify(week0_tutorials) by extensions ['colcon_meta']
[1.873s] Level 1:colcon.colcon_core.package_identification:_identify(week0_tutorials) by extension 'colcon_meta'
[1.873s] Level 1:colcon.colcon_core.package_identification:_identify(week0_tutorials) by extensions ['ros']
[1.873s] Level 1:colcon.colcon_core.package_identification:_identify(week0_tutorials) by extension 'ros'
[1.874s] DEBUG:colcon.colcon_core.package_identification:Package 'week0_tutorials' with type 'ros.ament_python' and name 'week0_tutorials'
[1.874s] Level 1:colcon.colcon_core.package_discovery:discover_packages(recursive) using defaults
[1.874s] Level 1:colcon.colcon_core.package_discovery:discover_packages(ignore) discover
[1.874s] Level 1:colcon.colcon_core.package_discovery:discover_packages(ignore) using defaults
[1.874s] Level 1:colcon.colcon_core.package_discovery:discover_packages(path) discover
[1.874s] Level 1:colcon.colcon_core.package_discovery:discover_packages(path) using defaults
[2.035s] Level 1:colcon.colcon_core.package_discovery:discover_packages(prefix_path) check parameters
[2.035s] Level 1:colcon.colcon_core.package_discovery:discover_packages(prefix_path) discover
[2.088s] DEBUG:colcon.colcon_installed_package_information.package_discovery:Found 2 installed packages in /home/mink/projects/learn_ws/install
[2.116s] DEBUG:colcon.colcon_installed_package_information.package_discovery:Found 270 installed packages in /opt/ros/humble
[2.118s] Level 1:colcon.colcon_core.package_discovery:discover_packages(prefix_path) using defaults
[2.274s] Level 5:colcon.colcon_core.verb:set package 'sherlock' build argument 'cmake_args' from command line to 'None'
[2.274s] Level 5:colcon.colcon_core.verb:set package 'sherlock' build argument 'cmake_target' from command line to 'None'
[2.274s] Level 5:colcon.colcon_core.verb:set package 'sherlock' build argument 'cmake_target_skip_unavailable' from command line to 'False'
[2.274s] Level 5:colcon.colcon_core.verb:set package 'sherlock' build argument 'cmake_clean_cache' from command line to 'False'
[2.274s] Level 5:colcon.colcon_core.verb:set package 'sherlock' build argument 'cmake_clean_first' from command line to 'False'
[2.274s] Level 5:colcon.colcon_core.verb:set package 'sherlock' build argument 'cmake_force_configure' from command line to 'False'
[2.274s] Level 5:colcon.colcon_core.verb:set package 'sherlock' build argument 'ament_cmake_args' from command line to 'None'
[2.274s] Level 5:colcon.colcon_core.verb:set package 'sherlock' build argument 'catkin_cmake_args' from command line to 'None'
[2.274s] Level 5:colcon.colcon_core.verb:set package 'sherlock' build argument 'catkin_skip_building_tests' from command line to 'False'
[2.274s] DEBUG:colcon.colcon_core.verb:Building package 'sherlock' with the following arguments: {'ament_cmake_args': None, 'build_base': '/home/mink/projects/learn_ws/src/build/sherlock', 'catkin_cmake_args': None, 'catkin_skip_building_tests': False, 'cmake_args': None, 'cmake_clean_cache': False, 'cmake_clean_first': False, 'cmake_force_configure': False, 'cmake_target': None, 'cmake_target_skip_unavailable': False, 'install_base': '/home/mink/projects/learn_ws/src/install/sherlock', 'merge_install': False, 'path': '/home/mink/projects/learn_ws/src/sherlock', 'symlink_install': True, 'test_result_base': None}
[2.300s] Level 5:colcon.colcon_core.verb:set package 'week0_tutorials' build argument 'cmake_args' from command line to 'None'
[2.300s] Level 5:colcon.colcon_core.verb:set package 'week0_tutorials' build argument 'cmake_target' from command line to 'None'
[2.300s] Level 5:colcon.colcon_core.verb:set package 'week0_tutorials' build argument 'cmake_target_skip_unavailable' from command line to 'False'
[2.300s] Level 5:colcon.colcon_core.verb:set package 'week0_tutorials' build argument 'cmake_clean_cache' from command line to 'False'
[2.300s] Level 5:colcon.colcon_core.verb:set package 'week0_tutorials' build argument 'cmake_clean_first' from command line to 'False'
[2.300s] Level 5:colcon.colcon_core.verb:set package 'week0_tutorials' build argument 'cmake_force_configure' from command line to 'False'
[2.300s] Level 5:colcon.colcon_core.verb:set package 'week0_tutorials' build argument 'ament_cmake_args' from command line to 'None'
[2.300s] Level 5:colcon.colcon_core.verb:set package 'week0_tutorials' build argument 'catkin_cmake_args' from command line to 'None'
[2.300s] Level 5:colcon.colcon_core.verb:set package 'week0_tutorials' build argument 'catkin_skip_building_tests' from command line to 'False'
[2.300s] DEBUG:colcon.colcon_core.verb:Building package 'week0_tutorials' with the following arguments: {'ament_cmake_args': None, 'build_base': '/home/mink/projects/learn_ws/src/build/week0_tutorials', 'catkin_cmake_args': None, 'catkin_skip_building_tests': False, 'cmake_args': None, 'cmake_clean_cache': False, 'cmake_clean_first': False, 'cmake_force_configure': False, 'cmake_target': None, 'cmake_target_skip_unavailable': False, 'install_base': '/home/mink/projects/learn_ws/src/install/week0_tutorials', 'merge_install': False, 'path': '/home/mink/projects/learn_ws/src/week0_tutorials', 'symlink_install': True, 'test_result_base': None}
[2.327s] INFO:colcon.colcon_core.executor:Executing jobs using 'parallel' executor
[2.372s] DEBUG:colcon.colcon_parallel_executor.executor.parallel:run_until_complete
[2.373s] INFO:colcon.colcon_ros.task.ament_python.build:Building ROS package in '/home/mink/projects/learn_ws/src/sherlock' with build type 'ament_python'
[2.374s] Level 1:colcon.colcon_core.shell:create_environment_hook('sherlock', 'ament_prefix_path')
[2.413s] INFO:colcon.colcon_core.plugin_system:Skipping extension 'colcon_core.shell.bat': Not used on non-Windows systems
[2.413s] INFO:colcon.colcon_core.shell:Creating environment hook '/home/mink/projects/learn_ws/src/install/sherlock/share/sherlock/hook/ament_prefix_path.ps1'
[2.414s] INFO:colcon.colcon_core.shell:Creating environment descriptor '/home/mink/projects/learn_ws/src/install/sherlock/share/sherlock/hook/ament_prefix_path.dsv'
[2.415s] INFO:colcon.colcon_core.shell:Creating environment hook '/home/mink/projects/learn_ws/src/install/sherlock/share/sherlock/hook/ament_prefix_path.sh'
[2.447s] INFO:colcon.colcon_core.shell:Skip shell extension 'powershell' for command environment: Not usable outside of PowerShell
[2.447s] DEBUG:colcon.colcon_core.shell:Skip shell extension 'dsv' for command environment
[2.542s] INFO:colcon.colcon_ros.task.ament_python.build:Building ROS package in '/home/mink/projects/learn_ws/src/week0_tutorials' with build type 'ament_python'
[2.542s] Level 1:colcon.colcon_core.shell:create_environment_hook('week0_tutorials', 'ament_prefix_path')
[2.570s] INFO:colcon.colcon_core.shell:Creating environment hook '/home/mink/projects/learn_ws/src/install/week0_tutorials/share/week0_tutorials/hook/ament_prefix_path.ps1'
[2.571s] INFO:colcon.colcon_core.shell:Creating environment descriptor '/home/mink/projects/learn_ws/src/install/week0_tutorials/share/week0_tutorials/hook/ament_prefix_path.dsv'
[2.572s] INFO:colcon.colcon_core.shell:Creating environment hook '/home/mink/projects/learn_ws/src/install/week0_tutorials/share/week0_tutorials/hook/ament_prefix_path.sh'
[2.600s] INFO:colcon.colcon_core.shell:Skip shell extension 'powershell' for command environment: Not usable outside of PowerShell
[2.601s] DEBUG:colcon.colcon_core.shell:Skip shell extension 'dsv' for command environment
[3.144s] INFO:colcon.colcon_core.task.python.build:Building Python package in '/home/mink/projects/learn_ws/src/sherlock'
[3.171s] INFO:colcon.colcon_core.shell:Skip shell extension 'powershell' for command environment: Not usable outside of PowerShell
[3.171s] DEBUG:colcon.colcon_core.shell:Skip shell extension 'dsv' for command environment
[3.708s] INFO:colcon.colcon_core.task.python.build:Building Python package in '/home/mink/projects/learn_ws/src/week0_tutorials'
[3.737s] INFO:colcon.colcon_core.shell:Skip shell extension 'powershell' for command environment: Not usable outside of PowerShell
[3.737s] DEBUG:colcon.colcon_core.shell:Skip shell extension 'dsv' for command environment
[4.632s] DEBUG:colcon.colcon_core.event_handler.log_command:Invoking command in '/home/mink/projects/learn_ws/src/build/sherlock': PYTHONPATH=/home/mink/projects/learn_ws/src/build/sherlock/prefix_override:/home/mink/projects/learn_ws/src/install/sherlock/lib/python3.10/site-packages:${PYTHONPATH} /usr/bin/python3 setup.py develop --editable --build-directory /home/mink/projects/learn_ws/src/build/sherlock/build --no-deps install_data
[4.656s] DEBUG:colcon.colcon_core.event_handler.log_command:Invoking command in '/home/mink/projects/learn_ws/src/build/week0_tutorials': PYTHONPATH=/home/mink/projects/learn_ws/src/build/week0_tutorials/prefix_override:/home/mink/projects/learn_ws/src/install/week0_tutorials/lib/python3.10/site-packages:${PYTHONPATH} /usr/bin/python3 setup.py develop --editable --build-directory /home/mink/projects/learn_ws/src/build/week0_tutorials/build --no-deps install_data
[5.781s] Level 1:colcon.colcon_core.shell:create_environment_hook('sherlock', 'pythonpath_develop')
[5.782s] DEBUG:colcon.colcon_core.event_handler.log_command:Invoked command in '/home/mink/projects/learn_ws/src/build/sherlock' returned '0': PYTHONPATH=/home/mink/projects/learn_ws/src/build/sherlock/prefix_override:/home/mink/projects/learn_ws/src/install/sherlock/lib/python3.10/site-packages:${PYTHONPATH} /usr/bin/python3 setup.py develop --editable --build-directory /home/mink/projects/learn_ws/src/build/sherlock/build --no-deps install_data
[5.815s] INFO:colcon.colcon_core.shell:Creating environment hook '/home/mink/projects/learn_ws/src/build/sherlock/share/sherlock/hook/pythonpath_develop.ps1'
[5.816s] INFO:colcon.colcon_core.shell:Creating environment descriptor '/home/mink/projects/learn_ws/src/build/sherlock/share/sherlock/hook/pythonpath_develop.dsv'
[5.817s] INFO:colcon.colcon_core.shell:Creating environment hook '/home/mink/projects/learn_ws/src/build/sherlock/share/sherlock/hook/pythonpath_develop.sh'
[5.851s] Level 1:colcon.colcon_core.environment:checking '/home/mink/projects/learn_ws/src/install/sherlock' for CMake module files
[5.852s] Level 1:colcon.colcon_core.environment:checking '/home/mink/projects/learn_ws/src/install/sherlock' for CMake config files
[5.853s] Level 1:colcon.colcon_core.environment:checking '/home/mink/projects/learn_ws/src/install/sherlock/lib'
[5.853s] Level 1:colcon.colcon_core.environment:checking '/home/mink/projects/learn_ws/src/install/sherlock/bin'
[5.853s] Level 1:colcon.colcon_core.environment:checking '/home/mink/projects/learn_ws/src/install/sherlock/lib/pkgconfig/sherlock.pc'
[5.854s] Level 1:colcon.colcon_core.environment:checking '/home/mink/projects/learn_ws/src/install/sherlock/lib/python3.10/site-packages'
[5.854s] Level 1:colcon.colcon_core.shell:create_environment_hook('sherlock', 'pythonpath')
[5.883s] INFO:colcon.colcon_core.shell:Creating environment hook '/home/mink/projects/learn_ws/src/install/sherlock/share/sherlock/hook/pythonpath.ps1'
[5.884s] INFO:colcon.colcon_core.shell:Creating environment descriptor '/home/mink/projects/learn_ws/src/install/sherlock/share/sherlock/hook/pythonpath.dsv'
[5.884s] INFO:colcon.colcon_core.shell:Creating environment hook '/home/mink/projects/learn_ws/src/install/sherlock/share/sherlock/hook/pythonpath.sh'
[5.885s] Level 1:colcon.colcon_core.environment:checking '/home/mink/projects/learn_ws/src/install/sherlock/bin'
[5.886s] Level 1:colcon.colcon_core.environment:create_environment_scripts_only(sherlock)
[5.912s] INFO:colcon.colcon_core.shell:Creating package script '/home/mink/projects/learn_ws/src/install/sherlock/share/sherlock/package.ps1'
[5.914s] INFO:colcon.colcon_core.shell:Creating package descriptor '/home/mink/projects/learn_ws/src/install/sherlock/share/sherlock/package.dsv'
[5.915s] INFO:colcon.colcon_core.shell:Creating package script '/home/mink/projects/learn_ws/src/install/sherlock/share/sherlock/package.sh'
[5.916s] INFO:colcon.colcon_core.shell:Creating package script '/home/mink/projects/learn_ws/src/install/sherlock/share/sherlock/package.bash'
[5.917s] INFO:colcon.colcon_core.shell:Creating package script '/home/mink/projects/learn_ws/src/install/sherlock/share/sherlock/package.zsh'
[5.918s] Level 1:colcon.colcon_core.environment:create_file_with_runtime_dependencies(/home/mink/projects/learn_ws/src/install/sherlock/share/colcon-core/packages/sherlock)
[5.920s] Level 1:colcon.colcon_core.shell:create_environment_hook('week0_tutorials', 'pythonpath_develop')
[5.922s] DEBUG:colcon.colcon_core.event_handler.log_command:Invoked command in '/home/mink/projects/learn_ws/src/build/week0_tutorials' returned '0': PYTHONPATH=/home/mink/projects/learn_ws/src/build/week0_tutorials/prefix_override:/home/mink/projects/learn_ws/src/install/week0_tutorials/lib/python3.10/site-packages:${PYTHONPATH} /usr/bin/python3 setup.py develop --editable --build-directory /home/mink/projects/learn_ws/src/build/week0_tutorials/build --no-deps install_data
[5.950s] INFO:colcon.colcon_core.shell:Creating environment hook '/home/mink/projects/learn_ws/src/build/week0_tutorials/share/week0_tutorials/hook/pythonpath_develop.ps1'
[5.951s] INFO:colcon.colcon_core.shell:Creating environment descriptor '/home/mink/projects/learn_ws/src/build/week0_tutorials/share/week0_tutorials/hook/pythonpath_develop.dsv'
[5.952s] INFO:colcon.colcon_core.shell:Creating environment hook '/home/mink/projects/learn_ws/src/build/week0_tutorials/share/week0_tutorials/hook/pythonpath_develop.sh'
[5.978s] Level 1:colcon.colcon_core.environment:checking '/home/mink/projects/learn_ws/src/install/week0_tutorials' for CMake module files
[5.979s] Level 1:colcon.colcon_core.environment:checking '/home/mink/projects/learn_ws/src/install/week0_tutorials' for CMake config files
[5.980s] Level 1:colcon.colcon_core.environment:checking '/home/mink/projects/learn_ws/src/install/week0_tutorials/lib'
[5.980s] Level 1:colcon.colcon_core.environment:checking '/home/mink/projects/learn_ws/src/install/week0_tutorials/bin'
[5.980s] Level 1:colcon.colcon_core.environment:checking '/home/mink/projects/learn_ws/src/install/week0_tutorials/lib/pkgconfig/week0_tutorials.pc'
[5.981s] Level 1:colcon.colcon_core.environment:checking '/home/mink/projects/learn_ws/src/install/week0_tutorials/lib/python3.10/site-packages'
[5.981s] Level 1:colcon.colcon_core.shell:create_environment_hook('week0_tutorials', 'pythonpath')
[6.008s] INFO:colcon.colcon_core.shell:Creating environment hook '/home/mink/projects/learn_ws/src/install/week0_tutorials/share/week0_tutorials/hook/pythonpath.ps1'
[6.008s] INFO:colcon.colcon_core.shell:Creating environment descriptor '/home/mink/projects/learn_ws/src/install/week0_tutorials/share/week0_tutorials/hook/pythonpath.dsv'
[6.009s] INFO:colcon.colcon_core.shell:Creating environment hook '/home/mink/projects/learn_ws/src/install/week0_tutorials/share/week0_tutorials/hook/pythonpath.sh'
[6.010s] Level 1:colcon.colcon_core.environment:checking '/home/mink/projects/learn_ws/src/install/week0_tutorials/bin'
[6.010s] Level 1:colcon.colcon_core.environment:create_environment_scripts_only(week0_tutorials)
[6.038s] INFO:colcon.colcon_core.shell:Creating package script '/home/mink/projects/learn_ws/src/install/week0_tutorials/share/week0_tutorials/package.ps1'
[6.039s] INFO:colcon.colcon_core.shell:Creating package descriptor '/home/mink/projects/learn_ws/src/install/week0_tutorials/share/week0_tutorials/package.dsv'
[6.040s] INFO:colcon.colcon_core.shell:Creating package script '/home/mink/projects/learn_ws/src/install/week0_tutorials/share/week0_tutorials/package.sh'
[6.040s] INFO:colcon.colcon_core.shell:Creating package script '/home/mink/projects/learn_ws/src/install/week0_tutorials/share/week0_tutorials/package.bash'
[6.041s] INFO:colcon.colcon_core.shell:Creating package script '/home/mink/projects/learn_ws/src/install/week0_tutorials/share/week0_tutorials/package.zsh'
[6.042s] Level 1:colcon.colcon_core.environment:create_file_with_runtime_dependencies(/home/mink/projects/learn_ws/src/install/week0_tutorials/share/colcon-core/packages/week0_tutorials)
[6.042s] DEBUG:colcon.colcon_parallel_executor.executor.parallel:closing loop
[6.043s] DEBUG:colcon.colcon_parallel_executor.executor.parallel:loop closed
[6.044s] DEBUG:colcon.colcon_parallel_executor.executor.parallel:run_until_complete finished with '0'
[6.044s] DEBUG:colcon.colcon_core.event_reactor:joining thread
[6.081s] INFO:colcon.colcon_core.plugin_system:Skipping extension 'colcon_notification.desktop_notification.terminal_notifier': Not used on non-Darwin systems
[6.082s] INFO:colcon.colcon_core.plugin_system:Skipping extension 'colcon_notification.desktop_notification.win32': Not used on non-Windows systems
[6.082s] INFO:colcon.colcon_notification.desktop_notification:Sending desktop notification using 'notify2'
[6.101s] DEBUG:colcon.colcon_core.event_reactor:joined thread
[6.129s] INFO:colcon.colcon_core.shell:Creating prefix script '/home/mink/projects/learn_ws/src/install/local_setup.ps1'
[6.131s] INFO:colcon.colcon_core.shell:Creating prefix util module '/home/mink/projects/learn_ws/src/install/_local_setup_util_ps1.py'
[6.133s] INFO:colcon.colcon_core.shell:Creating prefix chain script '/home/mink/projects/learn_ws/src/install/setup.ps1'
[6.164s] INFO:colcon.colcon_core.shell:Creating prefix script '/home/mink/projects/learn_ws/src/install/local_setup.sh'
[6.165s] INFO:colcon.colcon_core.shell:Creating prefix util module '/home/mink/projects/learn_ws/src/install/_local_setup_util_sh.py'
[6.166s] INFO:colcon.colcon_core.shell:Creating prefix chain script '/home/mink/projects/learn_ws/src/install/setup.sh'
[6.194s] INFO:colcon.colcon_core.shell:Creating prefix script '/home/mink/projects/learn_ws/src/install/local_setup.bash'
[6.195s] INFO:colcon.colcon_core.shell:Creating prefix chain script '/home/mink/projects/learn_ws/src/install/setup.bash'
[6.223s] INFO:colcon.colcon_core.shell:Creating prefix script '/home/mink/projects/learn_ws/src/install/local_setup.zsh'
[6.224s] INFO:colcon.colcon_core.shell:Creating prefix chain script '/home/mink/projects/learn_ws/src/install/setup.zsh'
