[1.841s] DEBUG:colcon:Command line arguments: ['/usr/bin/colcon', 'build', '--symlink-install']
[1.841s] DEBUG:colcon:Parsed command line arguments: Namespace(log_base=None, log_level=None, verb_name='build', build_base='build', install_base='install', merge_install=False, symlink_install=True, test_result_base=None, continue_on_error=False, executor='parallel', parallel_workers=4, event_handlers=None, ignore_user_meta=False, metas=['./colcon.meta'], base_paths=['.'], packages_ignore=None, packages_ignore_regex=None, paths=None, packages_up_to=None, packages_up_to_regex=None, packages_above=None, packages_above_and_dependencies=None, packages_above_depth=None, packages_select_by_dep=None, packages_skip_by_dep=None, packages_skip_up_to=None, packages_select_build_failed=False, packages_skip_build_finished=False, packages_select_test_failures=False, packages_skip_test_passed=False, packages_select=None, packages_skip=None, packages_select_regex=None, packages_skip_regex=None, packages_start=None, packages_end=None, allow_overriding=[], cmake_args=None, cmake_target=None, cmake_target_skip_unavailable=False, cmake_clean_cache=False, cmake_clean_first=False, cmake_force_configure=False, ament_cmake_args=None, catkin_cmake_args=None, catkin_skip_building_tests=False, verb_parser=<colcon_defaults.argument_parser.defaults.DefaultArgumentsDecorator object at 0x7f552a397a90>, verb_extension=<colcon_core.verb.build.BuildVerb object at 0x7f552a67b5e0>, main=<bound method BuildVerb.main of <colcon_core.verb.build.BuildVerb object at 0x7f552a67b5e0>>)
[1.924s] Level 1:colcon.colcon_core.package_discovery:discover_packages(colcon_meta) check parameters
[1.924s] Level 1:colcon.colcon_core.package_discovery:discover_packages(recursive) check parameters
[1.924s] Level 1:colcon.colcon_core.package_discovery:discover_packages(ignore) check parameters
[1.924s] Level 1:colcon.colcon_core.package_discovery:discover_packages(path) check parameters
[1.924s] Level 1:colcon.colcon_core.package_discovery:discover_packages(colcon_meta) discover
[1.924s] Level 1:colcon.colcon_core.package_discovery:discover_packages(recursive) discover
[1.924s] INFO:colcon.colcon_core.package_discovery:Crawling recursively for packages in '/home/mink/projects/learn_ws'
[1.924s] Level 1:colcon.colcon_core.package_identification:_identify(.) by extensions ['ignore', 'ignore_ament_install']
[1.924s] Level 1:colcon.colcon_core.package_identification:_identify(.) by extension 'ignore'
[1.925s] Level 1:colcon.colcon_core.package_identification:_identify(.) by extension 'ignore_ament_install'
[1.925s] Level 1:colcon.colcon_core.package_identification:_identify(.) by extensions ['colcon_pkg']
[1.925s] Level 1:colcon.colcon_core.package_identification:_identify(.) by extension 'colcon_pkg'
[1.925s] Level 1:colcon.colcon_core.package_identification:_identify(.) by extensions ['colcon_meta']
[1.925s] Level 1:colcon.colcon_core.package_identification:_identify(.) by extension 'colcon_meta'
[1.925s] Level 1:colcon.colcon_core.package_identification:_identify(.) by extensions ['ros']
[1.925s] Level 1:colcon.colcon_core.package_identification:_identify(.) by extension 'ros'
[1.945s] Level 1:colcon.colcon_core.package_identification:_identify(.) by extensions ['cmake', 'python']
[1.945s] Level 1:colcon.colcon_core.package_identification:_identify(.) by extension 'cmake'
[1.945s] Level 1:colcon.colcon_core.package_identification:_identify(.) by extension 'python'
[1.945s] Level 1:colcon.colcon_core.package_identification:_identify(.) by extensions ['python_setup_py']
[1.945s] Level 1:colcon.colcon_core.package_identification:_identify(.) by extension 'python_setup_py'
[1.945s] Level 1:colcon.colcon_core.package_identification:_identify(build) by extensions ['ignore', 'ignore_ament_install']
[1.945s] Level 1:colcon.colcon_core.package_identification:_identify(build) by extension 'ignore'
[1.945s] Level 1:colcon.colcon_core.package_identification:_identify(build) ignored
[1.946s] Level 1:colcon.colcon_core.package_identification:_identify(install) by extensions ['ignore', 'ignore_ament_install']
[1.946s] Level 1:colcon.colcon_core.package_identification:_identify(install) by extension 'ignore'
[1.946s] Level 1:colcon.colcon_core.package_identification:_identify(install) ignored
[1.946s] Level 1:colcon.colcon_core.package_identification:_identify(log) by extensions ['ignore', 'ignore_ament_install']
[1.946s] Level 1:colcon.colcon_core.package_identification:_identify(log) by extension 'ignore'
[1.946s] Level 1:colcon.colcon_core.package_identification:_identify(log) ignored
[1.947s] Level 1:colcon.colcon_core.package_identification:_identify(src) by extensions ['ignore', 'ignore_ament_install']
[1.947s] Level 1:colcon.colcon_core.package_identification:_identify(src) by extension 'ignore'
[1.947s] Level 1:colcon.colcon_core.package_identification:_identify(src) by extension 'ignore_ament_install'
[1.947s] Level 1:colcon.colcon_core.package_identification:_identify(src) by extensions ['colcon_pkg']
[1.947s] Level 1:colcon.colcon_core.package_identification:_identify(src) by extension 'colcon_pkg'
[1.947s] Level 1:colcon.colcon_core.package_identification:_identify(src) by extensions ['colcon_meta']
[1.947s] Level 1:colcon.colcon_core.package_identification:_identify(src) by extension 'colcon_meta'
[1.947s] Level 1:colcon.colcon_core.package_identification:_identify(src) by extensions ['ros']
[1.947s] Level 1:colcon.colcon_core.package_identification:_identify(src) by extension 'ros'
[1.947s] Level 1:colcon.colcon_core.package_identification:_identify(src) by extensions ['cmake', 'python']
[1.947s] Level 1:colcon.colcon_core.package_identification:_identify(src) by extension 'cmake'
[1.947s] Level 1:colcon.colcon_core.package_identification:_identify(src) by extension 'python'
[1.947s] Level 1:colcon.colcon_core.package_identification:_identify(src) by extensions ['python_setup_py']
[1.948s] Level 1:colcon.colcon_core.package_identification:_identify(src) by extension 'python_setup_py'
[1.948s] Level 1:colcon.colcon_core.package_identification:_identify(src/build) by extensions ['ignore', 'ignore_ament_install']
[1.948s] Level 1:colcon.colcon_core.package_identification:_identify(src/build) by extension 'ignore'
[1.948s] Level 1:colcon.colcon_core.package_identification:_identify(src/build) ignored
[1.948s] Level 1:colcon.colcon_core.package_identification:_identify(src/install) by extensions ['ignore', 'ignore_ament_install']
[1.948s] Level 1:colcon.colcon_core.package_identification:_identify(src/install) by extension 'ignore'
[1.948s] Level 1:colcon.colcon_core.package_identification:_identify(src/install) ignored
[1.948s] Level 1:colcon.colcon_core.package_identification:_identify(src/log) by extensions ['ignore', 'ignore_ament_install']
[1.949s] Level 1:colcon.colcon_core.package_identification:_identify(src/log) by extension 'ignore'
[1.949s] Level 1:colcon.colcon_core.package_identification:_identify(src/log) ignored
[1.949s] Level 1:colcon.colcon_core.package_identification:_identify(src/sherlock) by extensions ['ignore', 'ignore_ament_install']
[1.949s] Level 1:colcon.colcon_core.package_identification:_identify(src/sherlock) by extension 'ignore'
[1.949s] Level 1:colcon.colcon_core.package_identification:_identify(src/sherlock) by extension 'ignore_ament_install'
[1.949s] Level 1:colcon.colcon_core.package_identification:_identify(src/sherlock) by extensions ['colcon_pkg']
[1.949s] Level 1:colcon.colcon_core.package_identification:_identify(src/sherlock) by extension 'colcon_pkg'
[1.949s] Level 1:colcon.colcon_core.package_identification:_identify(src/sherlock) by extensions ['colcon_meta']
[1.949s] Level 1:colcon.colcon_core.package_identification:_identify(src/sherlock) by extension 'colcon_meta'
[1.949s] Level 1:colcon.colcon_core.package_identification:_identify(src/sherlock) by extensions ['ros']
[1.949s] Level 1:colcon.colcon_core.package_identification:_identify(src/sherlock) by extension 'ros'
[1.954s] DEBUG:colcon.colcon_core.package_identification:Package 'src/sherlock' with type 'ros.ament_cmake' and name 'sherlock'
[1.954s] Level 1:colcon.colcon_core.package_identification:_identify(src/week0_tutorials) by extensions ['ignore', 'ignore_ament_install']
[1.954s] Level 1:colcon.colcon_core.package_identification:_identify(src/week0_tutorials) by extension 'ignore'
[1.954s] Level 1:colcon.colcon_core.package_identification:_identify(src/week0_tutorials) by extension 'ignore_ament_install'
[1.954s] Level 1:colcon.colcon_core.package_identification:_identify(src/week0_tutorials) by extensions ['colcon_pkg']
[1.954s] Level 1:colcon.colcon_core.package_identification:_identify(src/week0_tutorials) by extension 'colcon_pkg'
[1.955s] Level 1:colcon.colcon_core.package_identification:_identify(src/week0_tutorials) by extensions ['colcon_meta']
[1.955s] Level 1:colcon.colcon_core.package_identification:_identify(src/week0_tutorials) by extension 'colcon_meta'
[1.955s] Level 1:colcon.colcon_core.package_identification:_identify(src/week0_tutorials) by extensions ['ros']
[1.955s] Level 1:colcon.colcon_core.package_identification:_identify(src/week0_tutorials) by extension 'ros'
[1.956s] DEBUG:colcon.colcon_core.package_identification:Package 'src/week0_tutorials' with type 'ros.ament_python' and name 'week0_tutorials'
[1.956s] Level 1:colcon.colcon_core.package_discovery:discover_packages(recursive) using defaults
[1.956s] Level 1:colcon.colcon_core.package_discovery:discover_packages(ignore) discover
[1.956s] Level 1:colcon.colcon_core.package_discovery:discover_packages(ignore) using defaults
[1.956s] Level 1:colcon.colcon_core.package_discovery:discover_packages(path) discover
[1.956s] Level 1:colcon.colcon_core.package_discovery:discover_packages(path) using defaults
[2.124s] Level 1:colcon.colcon_core.package_discovery:discover_packages(prefix_path) check parameters
[2.124s] Level 1:colcon.colcon_core.package_discovery:discover_packages(prefix_path) discover
[2.181s] DEBUG:colcon.colcon_installed_package_information.package_discovery:Found 270 installed packages in /opt/ros/humble
[2.183s] Level 1:colcon.colcon_core.package_discovery:discover_packages(prefix_path) using defaults
[2.341s] Level 5:colcon.colcon_core.verb:set package 'sherlock' build argument 'cmake_args' from command line to 'None'
[2.342s] Level 5:colcon.colcon_core.verb:set package 'sherlock' build argument 'cmake_target' from command line to 'None'
[2.342s] Level 5:colcon.colcon_core.verb:set package 'sherlock' build argument 'cmake_target_skip_unavailable' from command line to 'False'
[2.342s] Level 5:colcon.colcon_core.verb:set package 'sherlock' build argument 'cmake_clean_cache' from command line to 'False'
[2.342s] Level 5:colcon.colcon_core.verb:set package 'sherlock' build argument 'cmake_clean_first' from command line to 'False'
[2.342s] Level 5:colcon.colcon_core.verb:set package 'sherlock' build argument 'cmake_force_configure' from command line to 'False'
[2.342s] Level 5:colcon.colcon_core.verb:set package 'sherlock' build argument 'ament_cmake_args' from command line to 'None'
[2.342s] Level 5:colcon.colcon_core.verb:set package 'sherlock' build argument 'catkin_cmake_args' from command line to 'None'
[2.342s] Level 5:colcon.colcon_core.verb:set package 'sherlock' build argument 'catkin_skip_building_tests' from command line to 'False'
[2.342s] DEBUG:colcon.colcon_core.verb:Building package 'sherlock' with the following arguments: {'ament_cmake_args': None, 'build_base': '/home/mink/projects/learn_ws/build/sherlock', 'catkin_cmake_args': None, 'catkin_skip_building_tests': False, 'cmake_args': None, 'cmake_clean_cache': False, 'cmake_clean_first': False, 'cmake_force_configure': False, 'cmake_target': None, 'cmake_target_skip_unavailable': False, 'install_base': '/home/mink/projects/learn_ws/install/sherlock', 'merge_install': False, 'path': '/home/mink/projects/learn_ws/src/sherlock', 'symlink_install': True, 'test_result_base': None}
[2.368s] Level 5:colcon.colcon_core.verb:set package 'week0_tutorials' build argument 'cmake_args' from command line to 'None'
[2.368s] Level 5:colcon.colcon_core.verb:set package 'week0_tutorials' build argument 'cmake_target' from command line to 'None'
[2.368s] Level 5:colcon.colcon_core.verb:set package 'week0_tutorials' build argument 'cmake_target_skip_unavailable' from command line to 'False'
[2.369s] Level 5:colcon.colcon_core.verb:set package 'week0_tutorials' build argument 'cmake_clean_cache' from command line to 'False'
[2.369s] Level 5:colcon.colcon_core.verb:set package 'week0_tutorials' build argument 'cmake_clean_first' from command line to 'False'
[2.369s] Level 5:colcon.colcon_core.verb:set package 'week0_tutorials' build argument 'cmake_force_configure' from command line to 'False'
[2.369s] Level 5:colcon.colcon_core.verb:set package 'week0_tutorials' build argument 'ament_cmake_args' from command line to 'None'
[2.369s] Level 5:colcon.colcon_core.verb:set package 'week0_tutorials' build argument 'catkin_cmake_args' from command line to 'None'
[2.369s] Level 5:colcon.colcon_core.verb:set package 'week0_tutorials' build argument 'catkin_skip_building_tests' from command line to 'False'
[2.369s] DEBUG:colcon.colcon_core.verb:Building package 'week0_tutorials' with the following arguments: {'ament_cmake_args': None, 'build_base': '/home/mink/projects/learn_ws/build/week0_tutorials', 'catkin_cmake_args': None, 'catkin_skip_building_tests': False, 'cmake_args': None, 'cmake_clean_cache': False, 'cmake_clean_first': False, 'cmake_force_configure': False, 'cmake_target': None, 'cmake_target_skip_unavailable': False, 'install_base': '/home/mink/projects/learn_ws/install/week0_tutorials', 'merge_install': False, 'path': '/home/mink/projects/learn_ws/src/week0_tutorials', 'symlink_install': True, 'test_result_base': None}
[2.393s] INFO:colcon.colcon_core.executor:Executing jobs using 'parallel' executor
[2.421s] DEBUG:colcon.colcon_parallel_executor.executor.parallel:run_until_complete
[2.422s] INFO:colcon.colcon_ros.task.ament_cmake.build:Building ROS package in '/home/mink/projects/learn_ws/src/sherlock' with build type 'ament_cmake'
[2.422s] INFO:colcon.colcon_cmake.task.cmake.build:Building CMake package in '/home/mink/projects/learn_ws/src/sherlock'
[2.452s] INFO:colcon.colcon_core.plugin_system:Skipping extension 'colcon_core.shell.bat': Not used on non-Windows systems
[2.452s] INFO:colcon.colcon_core.shell:Skip shell extension 'powershell' for command environment: Not usable outside of PowerShell
[2.453s] DEBUG:colcon.colcon_core.shell:Skip shell extension 'dsv' for command environment
[2.507s] INFO:colcon.colcon_ros.task.ament_python.build:Building ROS package in '/home/mink/projects/learn_ws/src/week0_tutorials' with build type 'ament_python'
[2.508s] Level 1:colcon.colcon_core.shell:create_environment_hook('week0_tutorials', 'ament_prefix_path')
[2.536s] INFO:colcon.colcon_core.shell:Creating environment hook '/home/mink/projects/learn_ws/install/week0_tutorials/share/week0_tutorials/hook/ament_prefix_path.ps1'
[2.537s] INFO:colcon.colcon_core.shell:Creating environment descriptor '/home/mink/projects/learn_ws/install/week0_tutorials/share/week0_tutorials/hook/ament_prefix_path.dsv'
[2.539s] INFO:colcon.colcon_core.shell:Creating environment hook '/home/mink/projects/learn_ws/install/week0_tutorials/share/week0_tutorials/hook/ament_prefix_path.sh'
[2.567s] INFO:colcon.colcon_core.shell:Skip shell extension 'powershell' for command environment: Not usable outside of PowerShell
[2.567s] DEBUG:colcon.colcon_core.shell:Skip shell extension 'dsv' for command environment
[2.633s] DEBUG:colcon.colcon_core.event_handler.log_command:Invoking command in '/home/mink/projects/learn_ws/build/sherlock': CMAKE_PREFIX_PATH=/opt/ros/humble /usr/bin/cmake --build /home/mink/projects/learn_ws/build/sherlock -- -j4 -l4
[3.125s] INFO:colcon.colcon_core.task.python.build:Building Python package in '/home/mink/projects/learn_ws/src/week0_tutorials'
[3.152s] INFO:colcon.colcon_core.shell:Skip shell extension 'powershell' for command environment: Not usable outside of PowerShell
[3.152s] DEBUG:colcon.colcon_core.shell:Skip shell extension 'dsv' for command environment
[3.834s] DEBUG:colcon.colcon_core.event_handler.log_command:Invoking command in '/home/mink/projects/learn_ws/build/week0_tutorials': PYTHONPATH=/home/mink/projects/learn_ws/build/week0_tutorials/prefix_override:/home/mink/projects/learn_ws/install/week0_tutorials/lib/python3.10/site-packages:${PYTHONPATH} /usr/bin/python3 setup.py develop --editable --build-directory /home/mink/projects/learn_ws/build/week0_tutorials/build --no-deps install_data
[4.719s] Level 1:colcon.colcon_core.shell:create_environment_hook('week0_tutorials', 'pythonpath_develop')
[4.720s] DEBUG:colcon.colcon_core.event_handler.log_command:Invoked command in '/home/mink/projects/learn_ws/build/week0_tutorials' returned '0': PYTHONPATH=/home/mink/projects/learn_ws/build/week0_tutorials/prefix_override:/home/mink/projects/learn_ws/install/week0_tutorials/lib/python3.10/site-packages:${PYTHONPATH} /usr/bin/python3 setup.py develop --editable --build-directory /home/mink/projects/learn_ws/build/week0_tutorials/build --no-deps install_data
[4.749s] INFO:colcon.colcon_core.shell:Creating environment hook '/home/mink/projects/learn_ws/build/week0_tutorials/share/week0_tutorials/hook/pythonpath_develop.ps1'
[4.750s] INFO:colcon.colcon_core.shell:Creating environment descriptor '/home/mink/projects/learn_ws/build/week0_tutorials/share/week0_tutorials/hook/pythonpath_develop.dsv'
[4.751s] INFO:colcon.colcon_core.shell:Creating environment hook '/home/mink/projects/learn_ws/build/week0_tutorials/share/week0_tutorials/hook/pythonpath_develop.sh'
[4.786s] Level 1:colcon.colcon_core.environment:checking '/home/mink/projects/learn_ws/install/week0_tutorials' for CMake module files
[4.787s] Level 1:colcon.colcon_core.environment:checking '/home/mink/projects/learn_ws/install/week0_tutorials' for CMake config files
[4.788s] Level 1:colcon.colcon_core.environment:checking '/home/mink/projects/learn_ws/install/week0_tutorials/lib'
[4.788s] Level 1:colcon.colcon_core.environment:checking '/home/mink/projects/learn_ws/install/week0_tutorials/bin'
[4.788s] Level 1:colcon.colcon_core.environment:checking '/home/mink/projects/learn_ws/install/week0_tutorials/lib/pkgconfig/week0_tutorials.pc'
[4.789s] Level 1:colcon.colcon_core.environment:checking '/home/mink/projects/learn_ws/install/week0_tutorials/lib/python3.10/site-packages'
[4.789s] Level 1:colcon.colcon_core.shell:create_environment_hook('week0_tutorials', 'pythonpath')
[4.838s] INFO:colcon.colcon_core.shell:Creating environment hook '/home/mink/projects/learn_ws/install/week0_tutorials/share/week0_tutorials/hook/pythonpath.ps1'
[4.839s] INFO:colcon.colcon_core.shell:Creating environment descriptor '/home/mink/projects/learn_ws/install/week0_tutorials/share/week0_tutorials/hook/pythonpath.dsv'
[4.840s] INFO:colcon.colcon_core.shell:Creating environment hook '/home/mink/projects/learn_ws/install/week0_tutorials/share/week0_tutorials/hook/pythonpath.sh'
[4.841s] Level 1:colcon.colcon_core.environment:checking '/home/mink/projects/learn_ws/install/week0_tutorials/bin'
[4.841s] Level 1:colcon.colcon_core.environment:create_environment_scripts_only(week0_tutorials)
[4.869s] INFO:colcon.colcon_core.shell:Creating package script '/home/mink/projects/learn_ws/install/week0_tutorials/share/week0_tutorials/package.ps1'
[4.871s] INFO:colcon.colcon_core.shell:Creating package descriptor '/home/mink/projects/learn_ws/install/week0_tutorials/share/week0_tutorials/package.dsv'
[4.872s] INFO:colcon.colcon_core.shell:Creating package script '/home/mink/projects/learn_ws/install/week0_tutorials/share/week0_tutorials/package.sh'
[4.874s] INFO:colcon.colcon_core.shell:Creating package script '/home/mink/projects/learn_ws/install/week0_tutorials/share/week0_tutorials/package.bash'
[4.876s] INFO:colcon.colcon_core.shell:Creating package script '/home/mink/projects/learn_ws/install/week0_tutorials/share/week0_tutorials/package.zsh'
[4.877s] Level 1:colcon.colcon_core.environment:create_file_with_runtime_dependencies(/home/mink/projects/learn_ws/install/week0_tutorials/share/colcon-core/packages/week0_tutorials)
[18.030s] DEBUG:colcon.colcon_core.event_handler.log_command:Invoked command in '/home/mink/projects/learn_ws/build/sherlock' returned '0': CMAKE_PREFIX_PATH=/opt/ros/humble /usr/bin/cmake --build /home/mink/projects/learn_ws/build/sherlock -- -j4 -l4
[18.105s] DEBUG:colcon.colcon_core.event_handler.log_command:Invoking command in '/home/mink/projects/learn_ws/build/sherlock': CMAKE_PREFIX_PATH=/opt/ros/humble /usr/bin/cmake --install /home/mink/projects/learn_ws/build/sherlock
[18.146s] Level 1:colcon.colcon_core.environment:create_environment_scripts_only(sherlock)
[18.147s] DEBUG:colcon.colcon_core.event_handler.log_command:Invoked command in '/home/mink/projects/learn_ws/build/sherlock' returned '0': CMAKE_PREFIX_PATH=/opt/ros/humble /usr/bin/cmake --install /home/mink/projects/learn_ws/build/sherlock
[18.174s] Level 1:colcon.colcon_core.environment:checking '/home/mink/projects/learn_ws/install/sherlock' for CMake module files
[18.175s] Level 1:colcon.colcon_core.environment:checking '/home/mink/projects/learn_ws/install/sherlock' for CMake config files
[18.175s] Level 1:colcon.colcon_core.shell:create_environment_hook('sherlock', 'cmake_prefix_path')
[18.201s] INFO:colcon.colcon_core.shell:Creating environment hook '/home/mink/projects/learn_ws/install/sherlock/share/sherlock/hook/cmake_prefix_path.ps1'
[18.202s] INFO:colcon.colcon_core.shell:Creating environment descriptor '/home/mink/projects/learn_ws/install/sherlock/share/sherlock/hook/cmake_prefix_path.dsv'
[18.202s] INFO:colcon.colcon_core.shell:Creating environment hook '/home/mink/projects/learn_ws/install/sherlock/share/sherlock/hook/cmake_prefix_path.sh'
[18.203s] Level 1:colcon.colcon_core.environment:checking '/home/mink/projects/learn_ws/install/sherlock/lib'
[18.203s] Level 1:colcon.colcon_core.environment:checking '/home/mink/projects/learn_ws/install/sherlock/bin'
[18.204s] Level 1:colcon.colcon_core.environment:checking '/home/mink/projects/learn_ws/install/sherlock/lib/pkgconfig/sherlock.pc'
[18.204s] Level 1:colcon.colcon_core.environment:checking '/home/mink/projects/learn_ws/install/sherlock/lib/python3.10/site-packages'
[18.204s] Level 1:colcon.colcon_core.shell:create_environment_hook('sherlock', 'pythonpath')
[18.231s] INFO:colcon.colcon_core.shell:Creating environment hook '/home/mink/projects/learn_ws/install/sherlock/share/sherlock/hook/pythonpath.ps1'
[18.232s] INFO:colcon.colcon_core.shell:Creating environment descriptor '/home/mink/projects/learn_ws/install/sherlock/share/sherlock/hook/pythonpath.dsv'
[18.233s] INFO:colcon.colcon_core.shell:Creating environment hook '/home/mink/projects/learn_ws/install/sherlock/share/sherlock/hook/pythonpath.sh'
[18.234s] Level 1:colcon.colcon_core.environment:checking '/home/mink/projects/learn_ws/install/sherlock/bin'
[18.263s] INFO:colcon.colcon_core.shell:Creating package script '/home/mink/projects/learn_ws/install/sherlock/share/sherlock/package.ps1'
[18.264s] INFO:colcon.colcon_core.shell:Creating package descriptor '/home/mink/projects/learn_ws/install/sherlock/share/sherlock/package.dsv'
[18.265s] INFO:colcon.colcon_core.shell:Creating package script '/home/mink/projects/learn_ws/install/sherlock/share/sherlock/package.sh'
[18.266s] INFO:colcon.colcon_core.shell:Creating package script '/home/mink/projects/learn_ws/install/sherlock/share/sherlock/package.bash'
[18.266s] INFO:colcon.colcon_core.shell:Creating package script '/home/mink/projects/learn_ws/install/sherlock/share/sherlock/package.zsh'
[18.267s] Level 1:colcon.colcon_core.environment:create_file_with_runtime_dependencies(/home/mink/projects/learn_ws/install/sherlock/share/colcon-core/packages/sherlock)
[18.353s] Level 1:colcon.colcon_core.environment:create_environment_scripts_only(sherlock)
[18.378s] Level 1:colcon.colcon_core.environment:checking '/home/mink/projects/learn_ws/install/sherlock' for CMake module files
[18.379s] Level 1:colcon.colcon_core.environment:checking '/home/mink/projects/learn_ws/install/sherlock' for CMake config files
[18.379s] Level 1:colcon.colcon_core.shell:create_environment_hook('sherlock', 'cmake_prefix_path')
[18.404s] INFO:colcon.colcon_core.shell:Creating environment hook '/home/mink/projects/learn_ws/install/sherlock/share/sherlock/hook/cmake_prefix_path.ps1'
[18.405s] INFO:colcon.colcon_core.shell:Creating environment descriptor '/home/mink/projects/learn_ws/install/sherlock/share/sherlock/hook/cmake_prefix_path.dsv'
[18.406s] INFO:colcon.colcon_core.shell:Creating environment hook '/home/mink/projects/learn_ws/install/sherlock/share/sherlock/hook/cmake_prefix_path.sh'
[18.407s] Level 1:colcon.colcon_core.environment:checking '/home/mink/projects/learn_ws/install/sherlock/lib'
[18.407s] Level 1:colcon.colcon_core.environment:checking '/home/mink/projects/learn_ws/install/sherlock/bin'
[18.407s] Level 1:colcon.colcon_core.environment:checking '/home/mink/projects/learn_ws/install/sherlock/lib/pkgconfig/sherlock.pc'
[18.407s] Level 1:colcon.colcon_core.environment:checking '/home/mink/projects/learn_ws/install/sherlock/lib/python3.10/site-packages'
[18.408s] Level 1:colcon.colcon_core.shell:create_environment_hook('sherlock', 'pythonpath')
[18.434s] INFO:colcon.colcon_core.shell:Creating environment hook '/home/mink/projects/learn_ws/install/sherlock/share/sherlock/hook/pythonpath.ps1'
[18.435s] INFO:colcon.colcon_core.shell:Creating environment descriptor '/home/mink/projects/learn_ws/install/sherlock/share/sherlock/hook/pythonpath.dsv'
[18.435s] INFO:colcon.colcon_core.shell:Creating environment hook '/home/mink/projects/learn_ws/install/sherlock/share/sherlock/hook/pythonpath.sh'
[18.436s] Level 1:colcon.colcon_core.environment:checking '/home/mink/projects/learn_ws/install/sherlock/bin'
[18.463s] INFO:colcon.colcon_core.shell:Creating package script '/home/mink/projects/learn_ws/install/sherlock/share/sherlock/package.ps1'
[18.464s] INFO:colcon.colcon_core.shell:Creating package descriptor '/home/mink/projects/learn_ws/install/sherlock/share/sherlock/package.dsv'
[18.465s] INFO:colcon.colcon_core.shell:Creating package script '/home/mink/projects/learn_ws/install/sherlock/share/sherlock/package.sh'
[18.465s] INFO:colcon.colcon_core.shell:Creating package script '/home/mink/projects/learn_ws/install/sherlock/share/sherlock/package.bash'
[18.466s] INFO:colcon.colcon_core.shell:Creating package script '/home/mink/projects/learn_ws/install/sherlock/share/sherlock/package.zsh'
[18.467s] Level 1:colcon.colcon_core.environment:create_file_with_runtime_dependencies(/home/mink/projects/learn_ws/install/sherlock/share/colcon-core/packages/sherlock)
[18.467s] DEBUG:colcon.colcon_parallel_executor.executor.parallel:closing loop
[18.468s] DEBUG:colcon.colcon_parallel_executor.executor.parallel:loop closed
[18.468s] DEBUG:colcon.colcon_parallel_executor.executor.parallel:run_until_complete finished with '0'
[18.468s] DEBUG:colcon.colcon_core.event_reactor:joining thread
[18.506s] INFO:colcon.colcon_core.plugin_system:Skipping extension 'colcon_notification.desktop_notification.terminal_notifier': Not used on non-Darwin systems
[18.506s] INFO:colcon.colcon_core.plugin_system:Skipping extension 'colcon_notification.desktop_notification.win32': Not used on non-Windows systems
[18.506s] INFO:colcon.colcon_notification.desktop_notification:Sending desktop notification using 'notify2'
[18.525s] DEBUG:colcon.colcon_core.event_reactor:joined thread
[18.556s] INFO:colcon.colcon_core.shell:Creating prefix script '/home/mink/projects/learn_ws/install/local_setup.ps1'
[18.557s] INFO:colcon.colcon_core.shell:Creating prefix util module '/home/mink/projects/learn_ws/install/_local_setup_util_ps1.py'
[18.559s] INFO:colcon.colcon_core.shell:Creating prefix chain script '/home/mink/projects/learn_ws/install/setup.ps1'
[18.587s] INFO:colcon.colcon_core.shell:Creating prefix script '/home/mink/projects/learn_ws/install/local_setup.sh'
[18.588s] INFO:colcon.colcon_core.shell:Creating prefix util module '/home/mink/projects/learn_ws/install/_local_setup_util_sh.py'
[18.589s] INFO:colcon.colcon_core.shell:Creating prefix chain script '/home/mink/projects/learn_ws/install/setup.sh'
[18.615s] INFO:colcon.colcon_core.shell:Creating prefix script '/home/mink/projects/learn_ws/install/local_setup.bash'
[18.616s] INFO:colcon.colcon_core.shell:Creating prefix chain script '/home/mink/projects/learn_ws/install/setup.bash'
[18.643s] INFO:colcon.colcon_core.shell:Creating prefix script '/home/mink/projects/learn_ws/install/local_setup.zsh'
[18.644s] INFO:colcon.colcon_core.shell:Creating prefix chain script '/home/mink/projects/learn_ws/install/setup.zsh'
