running egg_info
creating ../../build/sherlock/sherlock.egg-info
writing ../../build/sherlock/sherlock.egg-info/PKG-INFO
writing dependency_links to ../../build/sherlock/sherlock.egg-info/dependency_links.txt
writing entry points to ../../build/sherlock/sherlock.egg-info/entry_points.txt
writing requirements to ../../build/sherlock/sherlock.egg-info/requires.txt
writing top-level names to ../../build/sherlock/sherlock.egg-info/top_level.txt
writing manifest file '../../build/sherlock/sherlock.egg-info/SOURCES.txt'
reading manifest file '../../build/sherlock/sherlock.egg-info/SOURCES.txt'
writing manifest file '../../build/sherlock/sherlock.egg-info/SOURCES.txt'
running build
running build_py
creating /home/mink/projects/learn_ws/build/sherlock/build
creating /home/mink/projects/learn_ws/build/sherlock/build/lib
creating /home/mink/projects/learn_ws/build/sherlock/build/lib/sherlock
copying sherlock/sherlock_talker2.py -> /home/mink/projects/learn_ws/build/sherlock/build/lib/sherlock
copying sherlock/sherlock_talker1.py -> /home/mink/projects/learn_ws/build/sherlock/build/lib/sherlock
copying sherlock/__init__.py -> /home/mink/projects/learn_ws/build/sherlock/build/lib/sherlock
running install
running install_lib
creating /home/mink/projects/learn_ws/install/sherlock/lib/python3.10/site-packages/sherlock
copying /home/mink/projects/learn_ws/build/sherlock/build/lib/sherlock/sherlock_talker2.py -> /home/mink/projects/learn_ws/install/sherlock/lib/python3.10/site-packages/sherlock
copying /home/mink/projects/learn_ws/build/sherlock/build/lib/sherlock/sherlock_talker1.py -> /home/mink/projects/learn_ws/install/sherlock/lib/python3.10/site-packages/sherlock
copying /home/mink/projects/learn_ws/build/sherlock/build/lib/sherlock/__init__.py -> /home/mink/projects/learn_ws/install/sherlock/lib/python3.10/site-packages/sherlock
byte-compiling /home/mink/projects/learn_ws/install/sherlock/lib/python3.10/site-packages/sherlock/sherlock_talker2.py to sherlock_talker2.cpython-310.pyc
byte-compiling /home/mink/projects/learn_ws/install/sherlock/lib/python3.10/site-packages/sherlock/sherlock_talker1.py to sherlock_talker1.cpython-310.pyc
byte-compiling /home/mink/projects/learn_ws/install/sherlock/lib/python3.10/site-packages/sherlock/__init__.py to __init__.cpython-310.pyc
running install_data
creating /home/mink/projects/learn_ws/install/sherlock/share/ament_index
creating /home/mink/projects/learn_ws/install/sherlock/share/ament_index/resource_index
creating /home/mink/projects/learn_ws/install/sherlock/share/ament_index/resource_index/packages
copying resource/sherlock -> /home/mink/projects/learn_ws/install/sherlock/share/ament_index/resource_index/packages
copying package.xml -> /home/mink/projects/learn_ws/install/sherlock/share/sherlock
running install_egg_info
Copying ../../build/sherlock/sherlock.egg-info to /home/mink/projects/learn_ws/install/sherlock/lib/python3.10/site-packages/sherlock-0.0.0-py3.10.egg-info
running install_scripts
writing list of installed files to '/home/mink/projects/learn_ws/build/sherlock/install.log'
