[0.240s] Invoking command in '/home/mink/projects/learn_ws/build/sherlock': CMAKE_PREFIX_PATH=/opt/ros/humble /usr/bin/cmake /home/mink/projects/learn_ws/src/sherlock -DAMENT_CMAKE_SYMLINK_INSTALL=1 -DCMAKE_INSTALL_PREFIX=/home/mink/projects/learn_ws/install/sherlock
[0.266s] -- Found ament_cmake: 1.3.6 (/opt/ros/humble/share/ament_cmake/cmake)
[0.523s] -- Override CMake install command with custom implementation using symlinks instead of copying resources
[0.540s] -- Found rclcpp: 16.0.7 (/opt/ros/humble/share/rclcpp/cmake)
[0.597s] -- Found rosidl_generator_c: 3.1.5 (/opt/ros/humble/share/rosidl_generator_c/cmake)
[0.604s] -- Found rosidl_adapter: 3.1.5 (/opt/ros/humble/share/rosidl_adapter/cmake)
[0.616s] -- Found rosidl_generator_cpp: 3.1.5 (/opt/ros/humble/share/rosidl_generator_cpp/cmake)
[0.641s] -- Using all available rosidl_typesupport_c: rosidl_typesupport_fastrtps_c;rosidl_typesupport_introspection_c
[0.675s] -- Using all available rosidl_typesupport_cpp: rosidl_typesupport_fastrtps_cpp;rosidl_typesupport_introspection_cpp
[0.856s] -- Found rmw_implementation_cmake: 6.1.1 (/opt/ros/humble/share/rmw_implementation_cmake/cmake)
[0.862s] -- Found rmw_fastrtps_cpp: 6.2.5 (/opt/ros/humble/share/rmw_fastrtps_cpp/cmake)
[1.086s] -- Using RMW implementation 'rmw_fastrtps_cpp' as default
[1.427s] -- Found ament_lint_auto: 0.12.9 (/opt/ros/humble/share/ament_lint_auto/cmake)
[1.699s] -- Added test 'cppcheck' to perform static code analysis on C / C++ code
[1.700s] -- Configured cppcheck include dirs: 
[1.700s] -- Configured cppcheck exclude dirs and/or files: 
[1.702s] -- Added test 'lint_cmake' to check CMake code style
[1.705s] -- Added test 'uncrustify' to check C / C++ code style
[1.705s] -- Configured uncrustify additional arguments: 
[1.706s] -- Added test 'xmllint' to check XML markup files
[1.711s] -- Configuring done
[1.734s] -- Generating done
[1.738s] -- Build files have been written to: /home/mink/projects/learn_ws/build/sherlock
[1.755s] Invoked command in '/home/mink/projects/learn_ws/build/sherlock' returned '0': CMAKE_PREFIX_PATH=/opt/ros/humble /usr/bin/cmake /home/mink/projects/learn_ws/src/sherlock -DAMENT_CMAKE_SYMLINK_INSTALL=1 -DCMAKE_INSTALL_PREFIX=/home/mink/projects/learn_ws/install/sherlock
[1.759s] Invoking command in '/home/mink/projects/learn_ws/build/sherlock': CMAKE_PREFIX_PATH=/opt/ros/humble /usr/bin/cmake --build /home/mink/projects/learn_ws/build/sherlock -- -j4 -l4
[1.849s] [ 50%] [32mBuilding CXX object CMakeFiles/sherlock1.dir/src/sherlock1.cpp.o[0m
[11.291s] [100%] [32m[1mLinking CXX executable sherlock1[0m
[12.221s] [100%] Built target sherlock1
[12.260s] Invoked command in '/home/mink/projects/learn_ws/build/sherlock' returned '0': CMAKE_PREFIX_PATH=/opt/ros/humble /usr/bin/cmake --build /home/mink/projects/learn_ws/build/sherlock -- -j4 -l4
[12.332s] Invoking command in '/home/mink/projects/learn_ws/build/sherlock': CMAKE_PREFIX_PATH=/opt/ros/humble /usr/bin/cmake --install /home/mink/projects/learn_ws/build/sherlock
[12.344s] -- Install configuration: ""
[12.345s] -- Execute custom install script
[12.346s] -- Symlinking: /home/mink/projects/learn_ws/install/sherlock/lib/sherlock/sherlock1
[12.362s] -- Symlinking: /home/mink/projects/learn_ws/install/sherlock/share/ament_index/resource_index/package_run_dependencies/sherlock
[12.378s] -- Symlinking: /home/mink/projects/learn_ws/install/sherlock/share/ament_index/resource_index/parent_prefix_path/sherlock
[12.395s] -- Symlinking: /home/mink/projects/learn_ws/install/sherlock/share/sherlock/environment/ament_prefix_path.sh
[12.411s] -- Symlinking: /home/mink/projects/learn_ws/install/sherlock/share/sherlock/environment/ament_prefix_path.dsv
[12.426s] -- Symlinking: /home/mink/projects/learn_ws/install/sherlock/share/sherlock/environment/path.sh
[12.441s] -- Symlinking: /home/mink/projects/learn_ws/install/sherlock/share/sherlock/environment/path.dsv
[12.457s] -- Symlinking: /home/mink/projects/learn_ws/install/sherlock/share/sherlock/local_setup.bash
[12.472s] -- Symlinking: /home/mink/projects/learn_ws/install/sherlock/share/sherlock/local_setup.sh
[12.488s] -- Symlinking: /home/mink/projects/learn_ws/install/sherlock/share/sherlock/local_setup.zsh
[12.504s] -- Symlinking: /home/mink/projects/learn_ws/install/sherlock/share/sherlock/local_setup.dsv
[12.520s] -- Symlinking: /home/mink/projects/learn_ws/install/sherlock/share/sherlock/package.dsv
[12.536s] -- Symlinking: /home/mink/projects/learn_ws/install/sherlock/share/ament_index/resource_index/packages/sherlock
[12.552s] -- Symlinking: /home/mink/projects/learn_ws/install/sherlock/share/sherlock/cmake/sherlockConfig.cmake
[12.567s] -- Symlinking: /home/mink/projects/learn_ws/install/sherlock/share/sherlock/cmake/sherlockConfig-version.cmake
[12.582s] -- Symlinking: /home/mink/projects/learn_ws/install/sherlock/share/sherlock/package.xml
[12.602s] Invoked command in '/home/mink/projects/learn_ws/build/sherlock' returned '0': CMAKE_PREFIX_PATH=/opt/ros/humble /usr/bin/cmake --install /home/mink/projects/learn_ws/build/sherlock
