[2.309s] Invoking command in '/home/mink/projects/learn_ws/build/week0_tutorials': PYTHONPATH=/home/mink/projects/learn_ws/build/week0_tutorials/prefix_override:/home/mink/projects/learn_ws/install/week0_tutorials/lib/python3.10/site-packages:${PYTHONPATH} /usr/bin/python3 setup.py develop --editable --build-directory /home/mink/projects/learn_ws/build/week0_tutorials/build --no-deps install_data
[3.239s] running develop
[3.240s] /usr/lib/python3/dist-packages/setuptools/command/easy_install.py:158: EasyInstallDeprecationWarning: easy_install command is deprecated. Use build and pip and other standards-based tools.
[3.240s]   warnings.warn(
[3.245s] /usr/lib/python3/dist-packages/setuptools/command/install.py:34: SetuptoolsDeprecationWarning: setup.py install is deprecated. Use build and pip and other standards-based tools.
[3.245s]   warnings.warn(
[3.889s] running egg_info
[3.889s] writing week0_tutorials.egg-info/PKG-INFO
[3.891s] writing dependency_links to week0_tutorials.egg-info/dependency_links.txt
[3.892s] writing entry points to week0_tutorials.egg-info/entry_points.txt
[3.893s] writing requirements to week0_tutorials.egg-info/requires.txt
[3.894s] writing top-level names to week0_tutorials.egg-info/top_level.txt
[3.897s] reading manifest file 'week0_tutorials.egg-info/SOURCES.txt'
[3.900s] writing manifest file 'week0_tutorials.egg-info/SOURCES.txt'
[3.904s] running build_ext
[3.907s] Creating /home/mink/projects/learn_ws/install/week0_tutorials/lib/python3.10/site-packages/week0-tutorials.egg-link (link to .)
[3.910s] Installing publisher script to /home/mink/projects/learn_ws/install/week0_tutorials/lib/week0_tutorials
[3.911s] Installing subsciber script to /home/mink/projects/learn_ws/install/week0_tutorials/lib/week0_tutorials
[3.913s] 
[3.913s] Installed /home/mink/projects/learn_ws/build/week0_tutorials
[3.914s] running install_data
[3.999s] Invoked command in '/home/mink/projects/learn_ws/build/week0_tutorials' returned '0': PYTHONPATH=/home/mink/projects/learn_ws/build/week0_tutorials/prefix_override:/home/mink/projects/learn_ws/install/week0_tutorials/lib/python3.10/site-packages:${PYTHONPATH} /usr/bin/python3 setup.py develop --editable --build-directory /home/mink/projects/learn_ws/build/week0_tutorials/build --no-deps install_data
