[1.727s] DEBUG:colcon:Command line arguments: ['/usr/bin/colcon', 'build', '--symlink-install']
[1.727s] DEBUG:colcon:Parsed command line arguments: Namespace(log_base=None, log_level=None, verb_name='build', build_base='build', install_base='install', merge_install=False, symlink_install=True, test_result_base=None, continue_on_error=False, executor='parallel', parallel_workers=4, event_handlers=None, ignore_user_meta=False, metas=['./colcon.meta'], base_paths=['.'], packages_ignore=None, packages_ignore_regex=None, paths=None, packages_up_to=None, packages_up_to_regex=None, packages_above=None, packages_above_and_dependencies=None, packages_above_depth=None, packages_select_by_dep=None, packages_skip_by_dep=None, packages_skip_up_to=None, packages_select_build_failed=False, packages_skip_build_finished=False, packages_select_test_failures=False, packages_skip_test_passed=False, packages_select=None, packages_skip=None, packages_select_regex=None, packages_skip_regex=None, packages_start=None, packages_end=None, allow_overriding=[], cmake_args=None, cmake_target=None, cmake_target_skip_unavailable=False, cmake_clean_cache=False, cmake_clean_first=False, cmake_force_configure=False, ament_cmake_args=None, catkin_cmake_args=None, catkin_skip_building_tests=False, verb_parser=<colcon_defaults.argument_parser.defaults.DefaultArgumentsDecorator object at 0x7fd2ec07efb0>, verb_extension=<colcon_core.verb.build.BuildVerb object at 0x7fd2ec36a710>, main=<bound method BuildVerb.main of <colcon_core.verb.build.BuildVerb object at 0x7fd2ec36a710>>)
[1.811s] Level 1:colcon.colcon_core.package_discovery:discover_packages(colcon_meta) check parameters
[1.811s] Level 1:colcon.colcon_core.package_discovery:discover_packages(recursive) check parameters
[1.811s] Level 1:colcon.colcon_core.package_discovery:discover_packages(ignore) check parameters
[1.811s] Level 1:colcon.colcon_core.package_discovery:discover_packages(path) check parameters
[1.811s] Level 1:colcon.colcon_core.package_discovery:discover_packages(colcon_meta) discover
[1.811s] Level 1:colcon.colcon_core.package_discovery:discover_packages(recursive) discover
[1.811s] INFO:colcon.colcon_core.package_discovery:Crawling recursively for packages in '/home/mink/projects/learn_ws/src'
[1.812s] Level 1:colcon.colcon_core.package_identification:_identify(.) by extensions ['ignore', 'ignore_ament_install']
[1.812s] Level 1:colcon.colcon_core.package_identification:_identify(.) by extension 'ignore'
[1.812s] Level 1:colcon.colcon_core.package_identification:_identify(.) by extension 'ignore_ament_install'
[1.812s] Level 1:colcon.colcon_core.package_identification:_identify(.) by extensions ['colcon_pkg']
[1.812s] Level 1:colcon.colcon_core.package_identification:_identify(.) by extension 'colcon_pkg'
[1.812s] Level 1:colcon.colcon_core.package_identification:_identify(.) by extensions ['colcon_meta']
[1.812s] Level 1:colcon.colcon_core.package_identification:_identify(.) by extension 'colcon_meta'
[1.812s] Level 1:colcon.colcon_core.package_identification:_identify(.) by extensions ['ros']
[1.812s] Level 1:colcon.colcon_core.package_identification:_identify(.) by extension 'ros'
[1.831s] Level 1:colcon.colcon_core.package_identification:_identify(.) by extensions ['cmake', 'python']
[1.831s] Level 1:colcon.colcon_core.package_identification:_identify(.) by extension 'cmake'
[1.831s] Level 1:colcon.colcon_core.package_identification:_identify(.) by extension 'python'
[1.832s] Level 1:colcon.colcon_core.package_identification:_identify(.) by extensions ['python_setup_py']
[1.832s] Level 1:colcon.colcon_core.package_identification:_identify(.) by extension 'python_setup_py'
[1.832s] Level 1:colcon.colcon_core.package_identification:_identify(build) by extensions ['ignore', 'ignore_ament_install']
[1.832s] Level 1:colcon.colcon_core.package_identification:_identify(build) by extension 'ignore'
[1.832s] Level 1:colcon.colcon_core.package_identification:_identify(build) ignored
[1.832s] Level 1:colcon.colcon_core.package_identification:_identify(install) by extensions ['ignore', 'ignore_ament_install']
[1.833s] Level 1:colcon.colcon_core.package_identification:_identify(install) by extension 'ignore'
[1.833s] Level 1:colcon.colcon_core.package_identification:_identify(install) ignored
[1.833s] Level 1:colcon.colcon_core.package_identification:_identify(log) by extensions ['ignore', 'ignore_ament_install']
[1.833s] Level 1:colcon.colcon_core.package_identification:_identify(log) by extension 'ignore'
[1.833s] Level 1:colcon.colcon_core.package_identification:_identify(log) ignored
[1.833s] Level 1:colcon.colcon_core.package_identification:_identify(sherlock) by extensions ['ignore', 'ignore_ament_install']
[1.833s] Level 1:colcon.colcon_core.package_identification:_identify(sherlock) by extension 'ignore'
[1.833s] Level 1:colcon.colcon_core.package_identification:_identify(sherlock) by extension 'ignore_ament_install'
[1.834s] Level 1:colcon.colcon_core.package_identification:_identify(sherlock) by extensions ['colcon_pkg']
[1.834s] Level 1:colcon.colcon_core.package_identification:_identify(sherlock) by extension 'colcon_pkg'
[1.834s] Level 1:colcon.colcon_core.package_identification:_identify(sherlock) by extensions ['colcon_meta']
[1.834s] Level 1:colcon.colcon_core.package_identification:_identify(sherlock) by extension 'colcon_meta'
[1.834s] Level 1:colcon.colcon_core.package_identification:_identify(sherlock) by extensions ['ros']
[1.834s] Level 1:colcon.colcon_core.package_identification:_identify(sherlock) by extension 'ros'
[1.838s] DEBUG:colcon.colcon_core.package_identification:Package 'sherlock' with type 'ros.ament_python' and name 'sherlock'
[1.838s] Level 1:colcon.colcon_core.package_identification:_identify(week0_tutorials) by extensions ['ignore', 'ignore_ament_install']
[1.838s] Level 1:colcon.colcon_core.package_identification:_identify(week0_tutorials) by extension 'ignore'
[1.838s] Level 1:colcon.colcon_core.package_identification:_identify(week0_tutorials) by extension 'ignore_ament_install'
[1.839s] Level 1:colcon.colcon_core.package_identification:_identify(week0_tutorials) by extensions ['colcon_pkg']
[1.839s] Level 1:colcon.colcon_core.package_identification:_identify(week0_tutorials) by extension 'colcon_pkg'
[1.839s] Level 1:colcon.colcon_core.package_identification:_identify(week0_tutorials) by extensions ['colcon_meta']
[1.839s] Level 1:colcon.colcon_core.package_identification:_identify(week0_tutorials) by extension 'colcon_meta'
[1.839s] Level 1:colcon.colcon_core.package_identification:_identify(week0_tutorials) by extensions ['ros']
[1.839s] Level 1:colcon.colcon_core.package_identification:_identify(week0_tutorials) by extension 'ros'
[1.840s] DEBUG:colcon.colcon_core.package_identification:Package 'week0_tutorials' with type 'ros.ament_python' and name 'week0_tutorials'
[1.840s] Level 1:colcon.colcon_core.package_discovery:discover_packages(recursive) using defaults
[1.840s] Level 1:colcon.colcon_core.package_discovery:discover_packages(ignore) discover
[1.840s] Level 1:colcon.colcon_core.package_discovery:discover_packages(ignore) using defaults
[1.840s] Level 1:colcon.colcon_core.package_discovery:discover_packages(path) discover
[1.840s] Level 1:colcon.colcon_core.package_discovery:discover_packages(path) using defaults
[1.998s] Level 1:colcon.colcon_core.package_discovery:discover_packages(prefix_path) check parameters
[1.998s] Level 1:colcon.colcon_core.package_discovery:discover_packages(prefix_path) discover
[2.052s] DEBUG:colcon.colcon_installed_package_information.package_discovery:Found 2 installed packages in /home/mink/projects/learn_ws/install
[2.079s] DEBUG:colcon.colcon_installed_package_information.package_discovery:Found 270 installed packages in /opt/ros/humble
[2.081s] Level 1:colcon.colcon_core.package_discovery:discover_packages(prefix_path) using defaults
[2.235s] Level 5:colcon.colcon_core.verb:set package 'sherlock' build argument 'cmake_args' from command line to 'None'
[2.235s] Level 5:colcon.colcon_core.verb:set package 'sherlock' build argument 'cmake_target' from command line to 'None'
[2.235s] Level 5:colcon.colcon_core.verb:set package 'sherlock' build argument 'cmake_target_skip_unavailable' from command line to 'False'
[2.235s] Level 5:colcon.colcon_core.verb:set package 'sherlock' build argument 'cmake_clean_cache' from command line to 'False'
[2.235s] Level 5:colcon.colcon_core.verb:set package 'sherlock' build argument 'cmake_clean_first' from command line to 'False'
[2.235s] Level 5:colcon.colcon_core.verb:set package 'sherlock' build argument 'cmake_force_configure' from command line to 'False'
[2.235s] Level 5:colcon.colcon_core.verb:set package 'sherlock' build argument 'ament_cmake_args' from command line to 'None'
[2.235s] Level 5:colcon.colcon_core.verb:set package 'sherlock' build argument 'catkin_cmake_args' from command line to 'None'
[2.235s] Level 5:colcon.colcon_core.verb:set package 'sherlock' build argument 'catkin_skip_building_tests' from command line to 'False'
[2.235s] DEBUG:colcon.colcon_core.verb:Building package 'sherlock' with the following arguments: {'ament_cmake_args': None, 'build_base': '/home/mink/projects/learn_ws/src/build/sherlock', 'catkin_cmake_args': None, 'catkin_skip_building_tests': False, 'cmake_args': None, 'cmake_clean_cache': False, 'cmake_clean_first': False, 'cmake_force_configure': False, 'cmake_target': None, 'cmake_target_skip_unavailable': False, 'install_base': '/home/mink/projects/learn_ws/src/install/sherlock', 'merge_install': False, 'path': '/home/mink/projects/learn_ws/src/sherlock', 'symlink_install': True, 'test_result_base': None}
[2.260s] Level 5:colcon.colcon_core.verb:set package 'week0_tutorials' build argument 'cmake_args' from command line to 'None'
[2.260s] Level 5:colcon.colcon_core.verb:set package 'week0_tutorials' build argument 'cmake_target' from command line to 'None'
[2.260s] Level 5:colcon.colcon_core.verb:set package 'week0_tutorials' build argument 'cmake_target_skip_unavailable' from command line to 'False'
[2.260s] Level 5:colcon.colcon_core.verb:set package 'week0_tutorials' build argument 'cmake_clean_cache' from command line to 'False'
[2.260s] Level 5:colcon.colcon_core.verb:set package 'week0_tutorials' build argument 'cmake_clean_first' from command line to 'False'
[2.260s] Level 5:colcon.colcon_core.verb:set package 'week0_tutorials' build argument 'cmake_force_configure' from command line to 'False'
[2.260s] Level 5:colcon.colcon_core.verb:set package 'week0_tutorials' build argument 'ament_cmake_args' from command line to 'None'
[2.260s] Level 5:colcon.colcon_core.verb:set package 'week0_tutorials' build argument 'catkin_cmake_args' from command line to 'None'
[2.261s] Level 5:colcon.colcon_core.verb:set package 'week0_tutorials' build argument 'catkin_skip_building_tests' from command line to 'False'
[2.261s] DEBUG:colcon.colcon_core.verb:Building package 'week0_tutorials' with the following arguments: {'ament_cmake_args': None, 'build_base': '/home/mink/projects/learn_ws/src/build/week0_tutorials', 'catkin_cmake_args': None, 'catkin_skip_building_tests': False, 'cmake_args': None, 'cmake_clean_cache': False, 'cmake_clean_first': False, 'cmake_force_configure': False, 'cmake_target': None, 'cmake_target_skip_unavailable': False, 'install_base': '/home/mink/projects/learn_ws/src/install/week0_tutorials', 'merge_install': False, 'path': '/home/mink/projects/learn_ws/src/week0_tutorials', 'symlink_install': True, 'test_result_base': None}
[2.285s] INFO:colcon.colcon_core.executor:Executing jobs using 'parallel' executor
[2.315s] DEBUG:colcon.colcon_parallel_executor.executor.parallel:run_until_complete
[2.315s] INFO:colcon.colcon_ros.task.ament_python.build:Building ROS package in '/home/mink/projects/learn_ws/src/sherlock' with build type 'ament_python'
[2.316s] Level 1:colcon.colcon_core.shell:create_environment_hook('sherlock', 'ament_prefix_path')
[2.347s] INFO:colcon.colcon_core.plugin_system:Skipping extension 'colcon_core.shell.bat': Not used on non-Windows systems
[2.347s] INFO:colcon.colcon_core.shell:Creating environment hook '/home/mink/projects/learn_ws/src/install/sherlock/share/sherlock/hook/ament_prefix_path.ps1'
[2.349s] INFO:colcon.colcon_core.shell:Creating environment descriptor '/home/mink/projects/learn_ws/src/install/sherlock/share/sherlock/hook/ament_prefix_path.dsv'
[2.350s] INFO:colcon.colcon_core.shell:Creating environment hook '/home/mink/projects/learn_ws/src/install/sherlock/share/sherlock/hook/ament_prefix_path.sh'
[2.397s] INFO:colcon.colcon_core.shell:Skip shell extension 'powershell' for command environment: Not usable outside of PowerShell
[2.398s] DEBUG:colcon.colcon_core.shell:Skip shell extension 'dsv' for command environment
[2.491s] INFO:colcon.colcon_ros.task.ament_python.build:Building ROS package in '/home/mink/projects/learn_ws/src/week0_tutorials' with build type 'ament_python'
[2.492s] Level 1:colcon.colcon_core.shell:create_environment_hook('week0_tutorials', 'ament_prefix_path')
[2.526s] INFO:colcon.colcon_core.shell:Creating environment hook '/home/mink/projects/learn_ws/src/install/week0_tutorials/share/week0_tutorials/hook/ament_prefix_path.ps1'
[2.527s] INFO:colcon.colcon_core.shell:Creating environment descriptor '/home/mink/projects/learn_ws/src/install/week0_tutorials/share/week0_tutorials/hook/ament_prefix_path.dsv'
[2.528s] INFO:colcon.colcon_core.shell:Creating environment hook '/home/mink/projects/learn_ws/src/install/week0_tutorials/share/week0_tutorials/hook/ament_prefix_path.sh'
[2.554s] INFO:colcon.colcon_core.shell:Skip shell extension 'powershell' for command environment: Not usable outside of PowerShell
[2.554s] DEBUG:colcon.colcon_core.shell:Skip shell extension 'dsv' for command environment
[3.109s] INFO:colcon.colcon_core.task.python.build:Building Python package in '/home/mink/projects/learn_ws/src/sherlock'
[3.135s] INFO:colcon.colcon_core.shell:Skip shell extension 'powershell' for command environment: Not usable outside of PowerShell
[3.135s] DEBUG:colcon.colcon_core.shell:Skip shell extension 'dsv' for command environment
[3.665s] INFO:colcon.colcon_core.task.python.build:Building Python package in '/home/mink/projects/learn_ws/src/week0_tutorials'
[3.690s] INFO:colcon.colcon_core.shell:Skip shell extension 'powershell' for command environment: Not usable outside of PowerShell
[3.690s] DEBUG:colcon.colcon_core.shell:Skip shell extension 'dsv' for command environment
[4.372s] DEBUG:colcon.colcon_core.event_handler.log_command:Invoking command in '/home/mink/projects/learn_ws/src/build/week0_tutorials': PYTHONPATH=/home/mink/projects/learn_ws/src/build/week0_tutorials/prefix_override:/home/mink/projects/learn_ws/src/install/week0_tutorials/lib/python3.10/site-packages:${PYTHONPATH} /usr/bin/python3 setup.py develop --editable --build-directory /home/mink/projects/learn_ws/src/build/week0_tutorials/build --no-deps install_data
[4.381s] DEBUG:colcon.colcon_core.event_handler.log_command:Invoking command in '/home/mink/projects/learn_ws/src/build/sherlock': PYTHONPATH=/home/mink/projects/learn_ws/src/build/sherlock/prefix_override:/home/mink/projects/learn_ws/src/install/sherlock/lib/python3.10/site-packages:${PYTHONPATH} /usr/bin/python3 setup.py develop --editable --build-directory /home/mink/projects/learn_ws/src/build/sherlock/build --no-deps install_data
[5.230s] Level 1:colcon.colcon_core.shell:create_environment_hook('week0_tutorials', 'pythonpath_develop')
[5.232s] DEBUG:colcon.colcon_core.event_handler.log_command:Invoked command in '/home/mink/projects/learn_ws/src/build/week0_tutorials' returned '0': PYTHONPATH=/home/mink/projects/learn_ws/src/build/week0_tutorials/prefix_override:/home/mink/projects/learn_ws/src/install/week0_tutorials/lib/python3.10/site-packages:${PYTHONPATH} /usr/bin/python3 setup.py develop --editable --build-directory /home/mink/projects/learn_ws/src/build/week0_tutorials/build --no-deps install_data
[5.260s] INFO:colcon.colcon_core.shell:Creating environment hook '/home/mink/projects/learn_ws/src/build/week0_tutorials/share/week0_tutorials/hook/pythonpath_develop.ps1'
[5.261s] INFO:colcon.colcon_core.shell:Creating environment descriptor '/home/mink/projects/learn_ws/src/build/week0_tutorials/share/week0_tutorials/hook/pythonpath_develop.dsv'
[5.262s] INFO:colcon.colcon_core.shell:Creating environment hook '/home/mink/projects/learn_ws/src/build/week0_tutorials/share/week0_tutorials/hook/pythonpath_develop.sh'
[5.291s] Level 1:colcon.colcon_core.environment:checking '/home/mink/projects/learn_ws/src/install/week0_tutorials' for CMake module files
[5.292s] Level 1:colcon.colcon_core.environment:checking '/home/mink/projects/learn_ws/src/install/week0_tutorials' for CMake config files
[5.293s] Level 1:colcon.colcon_core.environment:checking '/home/mink/projects/learn_ws/src/install/week0_tutorials/lib'
[5.293s] Level 1:colcon.colcon_core.environment:checking '/home/mink/projects/learn_ws/src/install/week0_tutorials/bin'
[5.294s] Level 1:colcon.colcon_core.environment:checking '/home/mink/projects/learn_ws/src/install/week0_tutorials/lib/pkgconfig/week0_tutorials.pc'
[5.294s] Level 1:colcon.colcon_core.environment:checking '/home/mink/projects/learn_ws/src/install/week0_tutorials/lib/python3.10/site-packages'
[5.294s] Level 1:colcon.colcon_core.shell:create_environment_hook('week0_tutorials', 'pythonpath')
[5.320s] INFO:colcon.colcon_core.shell:Creating environment hook '/home/mink/projects/learn_ws/src/install/week0_tutorials/share/week0_tutorials/hook/pythonpath.ps1'
[5.321s] INFO:colcon.colcon_core.shell:Creating environment descriptor '/home/mink/projects/learn_ws/src/install/week0_tutorials/share/week0_tutorials/hook/pythonpath.dsv'
[5.321s] INFO:colcon.colcon_core.shell:Creating environment hook '/home/mink/projects/learn_ws/src/install/week0_tutorials/share/week0_tutorials/hook/pythonpath.sh'
[5.322s] Level 1:colcon.colcon_core.environment:checking '/home/mink/projects/learn_ws/src/install/week0_tutorials/bin'
[5.322s] Level 1:colcon.colcon_core.environment:create_environment_scripts_only(week0_tutorials)
[5.348s] INFO:colcon.colcon_core.shell:Creating package script '/home/mink/projects/learn_ws/src/install/week0_tutorials/share/week0_tutorials/package.ps1'
[5.350s] INFO:colcon.colcon_core.shell:Creating package descriptor '/home/mink/projects/learn_ws/src/install/week0_tutorials/share/week0_tutorials/package.dsv'
[5.351s] INFO:colcon.colcon_core.shell:Creating package script '/home/mink/projects/learn_ws/src/install/week0_tutorials/share/week0_tutorials/package.sh'
[5.352s] INFO:colcon.colcon_core.shell:Creating package script '/home/mink/projects/learn_ws/src/install/week0_tutorials/share/week0_tutorials/package.bash'
[5.354s] INFO:colcon.colcon_core.shell:Creating package script '/home/mink/projects/learn_ws/src/install/week0_tutorials/share/week0_tutorials/package.zsh'
[5.355s] Level 1:colcon.colcon_core.environment:create_file_with_runtime_dependencies(/home/mink/projects/learn_ws/src/install/week0_tutorials/share/colcon-core/packages/week0_tutorials)
[5.357s] Level 1:colcon.colcon_core.shell:create_environment_hook('sherlock', 'pythonpath_develop')
[5.359s] DEBUG:colcon.colcon_core.event_handler.log_command:Invoked command in '/home/mink/projects/learn_ws/src/build/sherlock' returned '0': PYTHONPATH=/home/mink/projects/learn_ws/src/build/sherlock/prefix_override:/home/mink/projects/learn_ws/src/install/sherlock/lib/python3.10/site-packages:${PYTHONPATH} /usr/bin/python3 setup.py develop --editable --build-directory /home/mink/projects/learn_ws/src/build/sherlock/build --no-deps install_data
[5.385s] INFO:colcon.colcon_core.shell:Creating environment hook '/home/mink/projects/learn_ws/src/build/sherlock/share/sherlock/hook/pythonpath_develop.ps1'
[5.386s] INFO:colcon.colcon_core.shell:Creating environment descriptor '/home/mink/projects/learn_ws/src/build/sherlock/share/sherlock/hook/pythonpath_develop.dsv'
[5.387s] INFO:colcon.colcon_core.shell:Creating environment hook '/home/mink/projects/learn_ws/src/build/sherlock/share/sherlock/hook/pythonpath_develop.sh'
[5.415s] Level 1:colcon.colcon_core.environment:checking '/home/mink/projects/learn_ws/src/install/sherlock' for CMake module files
[5.415s] Level 1:colcon.colcon_core.environment:checking '/home/mink/projects/learn_ws/src/install/sherlock' for CMake config files
[5.417s] Level 1:colcon.colcon_core.environment:checking '/home/mink/projects/learn_ws/src/install/sherlock/lib'
[5.417s] Level 1:colcon.colcon_core.environment:checking '/home/mink/projects/learn_ws/src/install/sherlock/bin'
[5.417s] Level 1:colcon.colcon_core.environment:checking '/home/mink/projects/learn_ws/src/install/sherlock/lib/pkgconfig/sherlock.pc'
[5.417s] Level 1:colcon.colcon_core.environment:checking '/home/mink/projects/learn_ws/src/install/sherlock/lib/python3.10/site-packages'
[5.418s] Level 1:colcon.colcon_core.shell:create_environment_hook('sherlock', 'pythonpath')
[5.444s] INFO:colcon.colcon_core.shell:Creating environment hook '/home/mink/projects/learn_ws/src/install/sherlock/share/sherlock/hook/pythonpath.ps1'
[5.445s] INFO:colcon.colcon_core.shell:Creating environment descriptor '/home/mink/projects/learn_ws/src/install/sherlock/share/sherlock/hook/pythonpath.dsv'
[5.445s] INFO:colcon.colcon_core.shell:Creating environment hook '/home/mink/projects/learn_ws/src/install/sherlock/share/sherlock/hook/pythonpath.sh'
[5.447s] Level 1:colcon.colcon_core.environment:checking '/home/mink/projects/learn_ws/src/install/sherlock/bin'
[5.447s] Level 1:colcon.colcon_core.environment:create_environment_scripts_only(sherlock)
[5.474s] INFO:colcon.colcon_core.shell:Creating package script '/home/mink/projects/learn_ws/src/install/sherlock/share/sherlock/package.ps1'
[5.475s] INFO:colcon.colcon_core.shell:Creating package descriptor '/home/mink/projects/learn_ws/src/install/sherlock/share/sherlock/package.dsv'
[5.476s] INFO:colcon.colcon_core.shell:Creating package script '/home/mink/projects/learn_ws/src/install/sherlock/share/sherlock/package.sh'
[5.478s] INFO:colcon.colcon_core.shell:Creating package script '/home/mink/projects/learn_ws/src/install/sherlock/share/sherlock/package.bash'
[5.478s] INFO:colcon.colcon_core.shell:Creating package script '/home/mink/projects/learn_ws/src/install/sherlock/share/sherlock/package.zsh'
[5.479s] Level 1:colcon.colcon_core.environment:create_file_with_runtime_dependencies(/home/mink/projects/learn_ws/src/install/sherlock/share/colcon-core/packages/sherlock)
[5.480s] DEBUG:colcon.colcon_parallel_executor.executor.parallel:closing loop
[5.480s] DEBUG:colcon.colcon_parallel_executor.executor.parallel:loop closed
[5.481s] DEBUG:colcon.colcon_parallel_executor.executor.parallel:run_until_complete finished with '0'
[5.481s] DEBUG:colcon.colcon_core.event_reactor:joining thread
[5.515s] INFO:colcon.colcon_core.plugin_system:Skipping extension 'colcon_notification.desktop_notification.terminal_notifier': Not used on non-Darwin systems
[5.516s] INFO:colcon.colcon_core.plugin_system:Skipping extension 'colcon_notification.desktop_notification.win32': Not used on non-Windows systems
[5.516s] INFO:colcon.colcon_notification.desktop_notification:Sending desktop notification using 'notify2'
[5.536s] DEBUG:colcon.colcon_core.event_reactor:joined thread
[5.566s] INFO:colcon.colcon_core.shell:Creating prefix script '/home/mink/projects/learn_ws/src/install/local_setup.ps1'
[5.568s] INFO:colcon.colcon_core.shell:Creating prefix util module '/home/mink/projects/learn_ws/src/install/_local_setup_util_ps1.py'
[5.570s] INFO:colcon.colcon_core.shell:Creating prefix chain script '/home/mink/projects/learn_ws/src/install/setup.ps1'
[5.598s] INFO:colcon.colcon_core.shell:Creating prefix script '/home/mink/projects/learn_ws/src/install/local_setup.sh'
[5.599s] INFO:colcon.colcon_core.shell:Creating prefix util module '/home/mink/projects/learn_ws/src/install/_local_setup_util_sh.py'
[5.600s] INFO:colcon.colcon_core.shell:Creating prefix chain script '/home/mink/projects/learn_ws/src/install/setup.sh'
[5.628s] INFO:colcon.colcon_core.shell:Creating prefix script '/home/mink/projects/learn_ws/src/install/local_setup.bash'
[5.629s] INFO:colcon.colcon_core.shell:Creating prefix chain script '/home/mink/projects/learn_ws/src/install/setup.bash'
[5.656s] INFO:colcon.colcon_core.shell:Creating prefix script '/home/mink/projects/learn_ws/src/install/local_setup.zsh'
[5.657s] INFO:colcon.colcon_core.shell:Creating prefix chain script '/home/mink/projects/learn_ws/src/install/setup.zsh'
